2026-06-10 08:32:55,237 - INFO - Starting KiteConnect Trading App...
2026-06-10 08:32:57,633 - WARNING - No Access Token found. You may need to generate one.
2026-06-10 08:33:38,439 - INFO - Session generated and access token set.
2026-06-10 08:33:38,440 - INFO - Strategies Initialized: Iron Fly, Momentum Buy, ORB & Scalping on NIFTY
2026-06-10 08:33:38,440 - INFO - Iron Fly entry scheduled at 09:28:00
2026-06-10 08:33:38,440 - INFO - Application Initialized. Starting Main Loop...
2026-06-10 08:35:10,595 - INFO - Momentum Check: Time=2026-06-09 15:15:00+05:30, O=23242.7, C=23231.1, H = 23244.25, L = 23225.05, TotalSize=19.200000000000728, BodySize=11.600000000002183, ATR14=22.13,Tolerance=1.92, Threshold=22.13
2026-06-10 08:35:10,625 - INFO - Scalping: Not all candles in same direction. Directions: [-1, -1, 1]
2026-06-10 09:15:10,294 - INFO - Momentum Check: Time=2026-06-09 15:20:00+05:30, O=23230.55, C=23239.7, H = 23243.5, L = 23228.8, TotalSize=14.700000000000728, BodySize=9.150000000001455, ATR14=22.99,Tolerance=1.47, Threshold=22.99
2026-06-10 09:15:10,322 - INFO - Scalping: Not all candles in same direction. Directions: [-1, 1, 1]
2026-06-10 09:20:10,755 - INFO - Momentum Check: Time=2026-06-09 15:25:00+05:30, O=23240.7, C=23257.75, H = 23261.05, L = 23236.7, TotalSize=24.349999999998545, BodySize=17.049999999999272, ATR14=31.09,Tolerance=2.43, Threshold=31.09
2026-06-10 09:20:10,789 - INFO - Scalping: Not all candles are small. Bodies: [9.150000000001455, 17.049999999999272, 91.10000000000218], Threshold: 25
2026-06-10 09:25:10,317 - INFO - Momentum Check: Time=2026-06-10 09:15:00+05:30, O=23233.95, C=23326.4, H = 23350.2, L = 23217.3, TotalSize=132.90000000000146, BodySize=92.45000000000073, ATR14=31.86,Tolerance=5.00, Threshold=31.86
2026-06-10 09:25:10,351 - INFO - Scalping: Not all candles are small. Bodies: [17.049999999999272, 92.45000000000073, 0.049999999999272404], Threshold: 25
2026-06-10 09:30:10,782 - INFO - Momentum Check: Time=2026-06-10 09:20:00+05:30, O=23326.8, C=23326.75, H = 23331.9, L = 23299, TotalSize=32.900000000001455, BodySize=0.049999999999272404, ATR14=32.60,Tolerance=3.29, Threshold=32.60
2026-06-10 09:30:10,816 - INFO - Scalping: Not all candles are small. Bodies: [92.45000000000073, 0.049999999999272404, 13.400000000001455], Threshold: 25
2026-06-10 09:35:10,331 - INFO - Momentum Check: Time=2026-06-10 09:25:00+05:30, O=23326.35, C=23339.75, H = 23340.75, L = 23315.9, TotalSize=24.849999999998545, BodySize=13.400000000001455, ATR14=31.61,Tolerance=2.48, Threshold=31.61
2026-06-10 09:35:10,412 - INFO - Scalping: Not all candles in same direction. Directions: [-1, 1, 1]
2026-06-10 09:40:10,846 - INFO - Momentum Check: Time=2026-06-10 09:30:00+05:30, O=23339.45, C=23349.9, H = 23351.3, L = 23329.7, TotalSize=21.599999999998545, BodySize=10.450000000000728, ATR14=31.17,Tolerance=2.16, Threshold=31.17
2026-06-10 09:40:10,876 - INFO - Scalping: Not all candles in same direction. Directions: [1, 1, -1]
2026-06-10 09:45:10,317 - INFO - Momentum Check: Time=2026-06-10 09:35:00+05:30, O=23350.35, C=23337.8, H = 23350.95, L = 23334.15, TotalSize=16.799999999999272, BodySize=12.549999999999272, ATR14=31.75,Tolerance=1.68, Threshold=31.75
2026-06-10 09:45:10,347 - INFO - Scalping: Not all candles in same direction. Directions: [1, -1, 1]
2026-06-10 09:50:10,779 - INFO - Momentum Check: Time=2026-06-10 09:40:00+05:30, O=23338.4, C=23355.05, H = 23356.9, L = 23335, TotalSize=21.900000000001455, BodySize=16.649999999997817, ATR14=31.68,Tolerance=2.19, Threshold=31.68
2026-06-10 09:50:10,807 - INFO - Scalping: Not all candles are small. Bodies: [12.549999999999272, 16.649999999997817, 25.450000000000728], Threshold: 25
2026-06-10 09:55:10,338 - INFO - Momentum Check: Time=2026-06-10 09:45:00+05:30, O=23353.7, C=23379.15, H = 23381.45, L = 23353.2, TotalSize=28.25, BodySize=25.450000000000728, ATR14=31.58,Tolerance=2.83, Threshold=31.58
2026-06-10 09:55:10,381 - INFO - Scalping: Not all candles are small. Bodies: [16.649999999997817, 25.450000000000728, 7.5], Threshold: 25
2026-06-10 10:00:10,812 - INFO - Momentum Check: Time=2026-06-10 09:50:00+05:30, O=23380, C=23372.5, H = 23380.8, L = 23368.7, TotalSize=12.099999999998545, BodySize=7.5, ATR14=29.95,Tolerance=1.21, Threshold=29.95
2026-06-10 10:00:10,842 - INFO - Scalping: Not all candles are small. Bodies: [25.450000000000728, 7.5, 7.600000000002183], Threshold: 25
2026-06-10 10:05:10,277 - INFO - Momentum Check: Time=2026-06-10 09:55:00+05:30, O=23374.2, C=23366.6, H = 23384.45, L = 23364.75, TotalSize=19.700000000000728, BodySize=7.600000000002183, ATR14=29.91,Tolerance=1.97, Threshold=29.91
2026-06-10 10:05:10,312 - INFO - Scalping Pattern Found! Direction: BUY_PE, Bodies: [7.5, 7.600000000002183, 15.799999999999272], Entry: 23350.8, High: 23384.45, Low: 23345.45
2026-06-10 10:05:10,312 - INFO - Scalping Signal! BUY_PE NIFTY2661623350PE. Entry Spot: 23350.8, SL Level: 23384.45, SL Distance: 33.650000000001455
2026-06-10 10:05:10,344 - INFO - Order placed. ID: 2064567021273653248
2026-06-10 10:05:10,344 - INFO - Order Placed: BUY NIFTY2661623350PE Qty=195 ID=2064567021273653248
2026-06-10 10:05:10,363 - INFO - Trade logged to logs/2026-06-10/trades.csv: ScalpingStrategy BUY NIFTY2661623350PE
2026-06-10 10:05:10,383 - INFO - Entered Scalping NIFTY2661623350PE at 180.45. Initial SL: 146.79999999999853, Distance: 33.650000000001455
2026-06-10 10:05:12,424 - INFO - Trailing SL Updated for NIFTY2661623350PE: 160.6 (LTP: 180.6)
2026-06-10 10:05:13,445 - INFO - Trailing SL Updated for NIFTY2661623350PE: 160.65 (LTP: 180.65)
2026-06-10 10:05:23,636 - INFO - Trailing SL Updated for NIFTY2661623350PE: 162.5 (LTP: 182.5)
2026-06-10 10:05:43,018 - INFO - Trailing SL Updated for NIFTY2661623350PE: 162.85 (LTP: 182.85)
2026-06-10 10:05:47,099 - INFO - Trailing SL Updated for NIFTY2661623350PE: 163 (LTP: 183)
2026-06-10 10:06:29,934 - INFO - Trailing SL Updated for NIFTY2661623350PE: 163.3 (LTP: 183.3)
2026-06-10 10:10:10,252 - INFO - Momentum Check: Time=2026-06-10 10:00:00+05:30, O=23366.6, C=23350.8, H = 23370.55, L = 23345.45, TotalSize=25.099999999998545, BodySize=15.799999999999272, ATR14=29.38,Tolerance=2.51, Threshold=29.38
2026-06-10 10:11:23,746 - INFO - Trailing SL Updated for NIFTY2661623350PE: 163.6 (LTP: 183.6)
2026-06-10 10:11:26,811 - INFO - Trailing SL Updated for NIFTY2661623350PE: 163.7 (LTP: 183.7)
2026-06-10 10:11:27,830 - INFO - Trailing SL Updated for NIFTY2661623350PE: 164.35 (LTP: 184.35)
2026-06-10 10:11:29,874 - INFO - Trailing SL Updated for NIFTY2661623350PE: 164.4 (LTP: 184.4)
2026-06-10 10:11:32,945 - INFO - Trailing SL Updated for NIFTY2661623350PE: 164.5 (LTP: 184.5)
2026-06-10 10:11:39,071 - INFO - Trailing SL Updated for NIFTY2661623350PE: 164.75 (LTP: 184.75)
2026-06-10 10:11:42,125 - INFO - Trailing SL Updated for NIFTY2661623350PE: 164.85 (LTP: 184.85)
2026-06-10 10:11:56,397 - INFO - Trailing SL Updated for NIFTY2661623350PE: 165 (LTP: 185)
2026-06-10 10:12:00,469 - INFO - Trailing SL Updated for NIFTY2661623350PE: 166 (LTP: 186)
2026-06-10 10:12:02,510 - INFO - Trailing SL Updated for NIFTY2661623350PE: 166.1 (LTP: 186.1)
2026-06-10 10:12:04,550 - INFO - Trailing SL Updated for NIFTY2661623350PE: 166.6 (LTP: 186.6)
2026-06-10 10:13:57,774 - INFO - Trailing SL Updated for NIFTY2661623350PE: 166.65 (LTP: 186.65)
2026-06-10 10:13:58,793 - INFO - Trailing SL Updated for NIFTY2661623350PE: 167.25 (LTP: 187.25)
2026-06-10 10:14:01,850 - INFO - Trailing SL Updated for NIFTY2661623350PE: 167.3 (LTP: 187.3)
2026-06-10 10:14:02,869 - INFO - Trailing SL Updated for NIFTY2661623350PE: 167.65 (LTP: 187.65)
2026-06-10 10:14:11,024 - INFO - Trailing SL Updated for NIFTY2661623350PE: 168 (LTP: 188)
2026-06-10 10:14:15,099 - INFO - Trailing SL Updated for NIFTY2661623350PE: 168.4 (LTP: 188.4)
2026-06-10 10:14:22,235 - INFO - Trailing SL Updated for NIFTY2661623350PE: 168.6 (LTP: 188.6)
2026-06-10 10:14:25,303 - INFO - Trailing SL Updated for NIFTY2661623350PE: 168.65 (LTP: 188.65)
2026-06-10 10:14:26,323 - INFO - Trailing SL Updated for NIFTY2661623350PE: 169 (LTP: 189)
2026-06-10 10:14:32,443 - INFO - Trailing SL Updated for NIFTY2661623350PE: 169.2 (LTP: 189.2)
2026-06-10 10:14:41,619 - INFO - Trailing SL Updated for NIFTY2661623350PE: 170 (LTP: 190)
2026-06-10 10:14:42,639 - INFO - Trailing SL Updated for NIFTY2661623350PE: 170.2 (LTP: 190.2)
2026-06-10 10:14:44,682 - INFO - Trailing SL Updated for NIFTY2661623350PE: 170.4 (LTP: 190.4)
2026-06-10 10:14:50,800 - INFO - Trailing SL Updated for NIFTY2661623350PE: 170.55 (LTP: 190.55)
2026-06-10 10:14:51,827 - INFO - Trailing SL Updated for NIFTY2661623350PE: 170.65 (LTP: 190.65)
2026-06-10 10:14:53,864 - INFO - Trailing SL Updated for NIFTY2661623350PE: 171.25 (LTP: 191.25)
2026-06-10 10:14:54,884 - INFO - Trailing SL Updated for NIFTY2661623350PE: 171.8 (LTP: 191.8)
2026-06-10 10:14:55,902 - INFO - Trailing SL Updated for NIFTY2661623350PE: 172.1 (LTP: 192.1)
2026-06-10 10:14:57,943 - INFO - Trailing SL Updated for NIFTY2661623350PE: 172.8 (LTP: 192.8)
2026-06-10 10:14:59,983 - INFO - Trailing SL Updated for NIFTY2661623350PE: 173.1 (LTP: 193.1)
2026-06-10 10:15:02,022 - INFO - Trailing SL Updated for NIFTY2661623350PE: 173.55 (LTP: 193.55)
2026-06-10 10:15:03,042 - INFO - Trailing SL Updated for NIFTY2661623350PE: 173.8 (LTP: 193.8)
2026-06-10 10:15:07,121 - INFO - Trailing SL Updated for NIFTY2661623350PE: 174.5 (LTP: 194.5)
2026-06-10 10:15:10,269 - INFO - Momentum Check: Time=2026-06-10 10:05:00+05:30, O=23350.5, C=23350.85, H = 23360.05, L = 23343.05, TotalSize=17.0, BodySize=0.3499999999985448, ATR14=30.87,Tolerance=1.70, Threshold=30.87
2026-06-10 10:15:10,296 - INFO - Trailing SL Updated for NIFTY2661623350PE: 174.8 (LTP: 194.8)
2026-06-10 10:15:11,315 - INFO - Trailing SL Updated for NIFTY2661623350PE: 174.95 (LTP: 194.95)
2026-06-10 10:15:12,335 - INFO - Trailing SL Updated for NIFTY2661623350PE: 176 (LTP: 196)
2026-06-10 10:15:13,355 - INFO - Trailing SL Updated for NIFTY2661623350PE: 177.15 (LTP: 197.15)
2026-06-10 10:15:15,393 - INFO - Trailing SL Updated for NIFTY2661623350PE: 177.4 (LTP: 197.4)
2026-06-10 10:15:20,486 - INFO - Trailing SL Updated for NIFTY2661623350PE: 177.6 (LTP: 197.6)
2026-06-10 10:15:21,506 - INFO - Trailing SL Updated for NIFTY2661623350PE: 177.95 (LTP: 197.95)
2026-06-10 10:20:10,042 - INFO - Momentum Check: Time=2026-06-10 10:10:00+05:30, O=23351.85, C=23317, H = 23357.1, L = 23317, TotalSize=40.099999999998545, BodySize=34.849999999998545, ATR14=32.02,Tolerance=4.01, Threshold=32.02
2026-06-10 10:20:10,042 - INFO - Momentum Confirmation Failed: Next candle is GREEN (O=23317.3, C=23334.65). Skipping entry.
2026-06-10 10:25:10,933 - INFO - Momentum Check: Time=2026-06-10 10:15:00+05:30, O=23317.3, C=23334.65, H = 23336.55, L = 23305.8, TotalSize=30.75, BodySize=17.350000000002183, ATR14=31.88,Tolerance=3.08, Threshold=31.88
2026-06-10 10:30:10,754 - INFO - Momentum Check: Time=2026-06-10 10:20:00+05:30, O=23334.7, C=23322.65, H = 23338.35, L = 23315.95, TotalSize=22.399999999997817, BodySize=12.049999999999272, ATR14=23.11,Tolerance=2.24, Threshold=23.11
2026-06-10 10:35:10,754 - INFO - Momentum Check: Time=2026-06-10 10:25:00+05:30, O=23322.5, C=23319.4, H = 23323.15, L = 23313, TotalSize=10.150000000001455, BodySize=3.099999999998545, ATR14=22.22,Tolerance=1.02, Threshold=22.22
2026-06-10 10:35:22,073 - INFO - SL Hit for NIFTY2661623350PE at 177.85. Exiting...
2026-06-10 10:35:22,099 - INFO - Order placed. ID: 2064574620341673984
2026-06-10 10:35:22,099 - INFO - Order Placed: SELL NIFTY2661623350PE Qty=195 ID=2064574620341673984
2026-06-10 10:35:22,116 - INFO - Trade logged to logs/2026-06-10/trades.csv: ScalpingStrategy SELL NIFTY2661623350PE
2026-06-10 10:35:22,116 - INFO - Scalping Trade Exited.
2026-06-10 10:35:23,149 - INFO - Scalping: Not all candles in same direction. Directions: [-1, -1, 1]
2026-06-10 10:40:10,609 - INFO - Momentum Check: Time=2026-06-10 10:30:00+05:30, O=23319.4, C=23337.35, H = 23338.1, L = 23317.7, TotalSize=20.399999999997817, BodySize=17.94999999999709, ATR14=21.78,Tolerance=2.04, Threshold=21.78
2026-06-10 10:40:10,649 - INFO - Scalping: Not all candles in same direction. Directions: [-1, 1, -1]
2026-06-10 10:45:10,366 - INFO - Momentum Check: Time=2026-06-10 10:35:00+05:30, O=23337.1, C=23333.25, H = 23351.55, L = 23332.9, TotalSize=18.649999999997817, BodySize=3.849999999998545, ATR14=21.55,Tolerance=1.86, Threshold=21.55
2026-06-10 10:45:10,402 - INFO - Scalping: Not all candles in same direction. Directions: [1, -1, 1]
2026-06-10 10:50:10,850 - INFO - Momentum Check: Time=2026-06-10 10:40:00+05:30, O=23333.55, C=23345.95, H = 23347.9, L = 23329.55, TotalSize=18.350000000002183, BodySize=12.400000000001455, ATR14=21.21,Tolerance=1.84, Threshold=21.21
2026-06-10 10:50:10,879 - INFO - Scalping: Not all candles in same direction. Directions: [-1, 1, 1]
2026-06-10 10:55:10,344 - INFO - Momentum Check: Time=2026-06-10 10:45:00+05:30, O=23345.8, C=23352.35, H = 23353.5, L = 23341.45, TotalSize=12.049999999999272, BodySize=6.549999999999272, ATR14=20.87,Tolerance=1.20, Threshold=20.87
2026-06-10 10:55:10,376 - INFO - Scalping Pattern Found! Direction: BUY_CE, Bodies: [12.400000000001455, 6.549999999999272, 9.450000000000728], Entry: 23361.7, High: 23363.2, Low: 23329.55
2026-06-10 10:55:10,376 - INFO - Scalping Signal! BUY_CE NIFTY2661623350CE. Entry Spot: 23361.7, SL Level: 23329.55, SL Distance: 32.150000000001455
2026-06-10 10:55:10,418 - ERROR - Error placing order: Insufficient funds. Required margin is 231402.25 but available margin is 195242.70.
2026-06-10 11:00:10,870 - INFO - Momentum Check: Time=2026-06-10 10:50:00+05:30, O=23352.25, C=23361.7, H = 23363.2, L = 23346.05, TotalSize=17.150000000001455, BodySize=9.450000000000728, ATR14=20.85,Tolerance=1.72, Threshold=20.85
2026-06-10 11:00:10,902 - INFO - Scalping Pattern Found! Direction: BUY_CE, Bodies: [6.549999999999272, 9.450000000000728, 17.349999999998545], Entry: 23378.55, High: 23378.55, Low: 23341.45
2026-06-10 11:00:10,902 - INFO - Scalping Signal! BUY_CE NIFTY2661623400CE. Entry Spot: 23378.55, SL Level: 23341.45, SL Distance: 37.099999999998545
2026-06-10 11:00:10,930 - INFO - Order placed. ID: 2064580864951492608
2026-06-10 11:00:10,931 - INFO - Order Placed: BUY NIFTY2661623400CE Qty=195 ID=2064580864951492608
2026-06-10 11:00:10,947 - INFO - Trade logged to logs/2026-06-10/trades.csv: ScalpingStrategy BUY NIFTY2661623400CE
2026-06-10 11:00:10,966 - INFO - Entered Scalping NIFTY2661623400CE at 179.65. Initial SL: 142.55000000000146, Distance: 37.099999999998545
2026-06-10 11:00:11,985 - INFO - Trailing SL Updated for NIFTY2661623400CE: 159.75 (LTP: 179.75)
2026-06-10 11:00:13,004 - INFO - Trailing SL Updated for NIFTY2661623400CE: 160 (LTP: 180)
2026-06-10 11:05:10,995 - INFO - Momentum Check: Time=2026-06-10 10:55:00+05:30, O=23361.2, C=23378.55, H = 23378.55, L = 23350.5, TotalSize=28.049999999999272, BodySize=17.349999999998545, ATR14=21.52,Tolerance=2.80, Threshold=21.52
2026-06-10 11:05:10,995 - INFO - Momentum Confirmation Failed: Next candle is RED (O=23378.55, C=23378.5). Skipping entry.
2026-06-10 11:10:10,839 - INFO - Momentum Check: Time=2026-06-10 11:00:00+05:30, O=23378.55, C=23378.5, H = 23384.3, L = 23362.85, TotalSize=21.450000000000728, BodySize=0.049999999999272404, ATR14=21.26,Tolerance=2.15, Threshold=21.26
2026-06-10 11:11:16,078 - INFO - Trailing SL Updated for NIFTY2661623400CE: 160.35 (LTP: 180.35)
2026-06-10 11:11:17,097 - INFO - Trailing SL Updated for NIFTY2661623400CE: 160.6 (LTP: 180.6)
2026-06-10 11:11:18,114 - INFO - Trailing SL Updated for NIFTY2661623400CE: 161.05 (LTP: 181.05)
2026-06-10 11:11:19,189 - INFO - Trailing SL Updated for NIFTY2661623400CE: 161.4 (LTP: 181.4)
2026-06-10 11:11:22,246 - INFO - Trailing SL Updated for NIFTY2661623400CE: 161.45 (LTP: 181.45)
2026-06-10 11:15:10,620 - INFO - Momentum Check: Time=2026-06-10 11:05:00+05:30, O=23378.1, C=23377.4, H = 23379.2, L = 23363.1, TotalSize=16.100000000002183, BodySize=0.6999999999970896, ATR14=20.61,Tolerance=1.61, Threshold=20.61
2026-06-10 11:20:10,404 - INFO - Momentum Check: Time=2026-06-10 11:10:00+05:30, O=23377.3, C=23373.65, H = 23388.9, L = 23372.9, TotalSize=16.0, BodySize=3.649999999997817, ATR14=21.01,Tolerance=1.60, Threshold=21.01
2026-06-10 11:25:10,348 - INFO - Momentum Check: Time=2026-06-10 11:15:00+05:30, O=23373.65, C=23360.45, H = 23383.05, L = 23360.45, TotalSize=22.599999999998545, BodySize=13.200000000000728, ATR14=19.55,Tolerance=2.26, Threshold=20.00
2026-06-10 11:25:10,349 - INFO - Momentum Confirmation Failed: Next candle is GREEN (O=23360.8, C=23378.35). Skipping entry.
2026-06-10 11:27:13,790 - INFO - Trailing SL Updated for NIFTY2661623400CE: 162.7 (LTP: 182.7)
2026-06-10 11:27:15,830 - INFO - Trailing SL Updated for NIFTY2661623400CE: 163.95 (LTP: 183.95)
2026-06-10 11:27:16,850 - INFO - Trailing SL Updated for NIFTY2661623400CE: 165.95 (LTP: 185.95)
2026-06-10 11:27:17,870 - INFO - Trailing SL Updated for NIFTY2661623400CE: 166.2 (LTP: 186.2)
2026-06-10 11:27:18,891 - INFO - Trailing SL Updated for NIFTY2661623400CE: 167.9 (LTP: 187.9)
2026-06-10 11:27:20,933 - INFO - Trailing SL Updated for NIFTY2661623400CE: 169 (LTP: 189)
2026-06-10 11:27:23,990 - INFO - Trailing SL Updated for NIFTY2661623400CE: 169.05 (LTP: 189.05)
2026-06-10 11:30:01,068 - INFO - Trailing SL Updated for NIFTY2661623400CE: 169.25 (LTP: 189.25)
2026-06-10 11:30:02,094 - INFO - Trailing SL Updated for NIFTY2661623400CE: 169.9 (LTP: 189.9)
2026-06-10 11:30:03,114 - INFO - Trailing SL Updated for NIFTY2661623400CE: 169.95 (LTP: 189.95)
2026-06-10 11:30:06,174 - INFO - Trailing SL Updated for NIFTY2661623400CE: 170.1 (LTP: 190.1)
2026-06-10 11:30:09,234 - INFO - Trailing SL Updated for NIFTY2661623400CE: 170.2 (LTP: 190.2)
2026-06-10 11:30:10,295 - INFO - Momentum Check: Time=2026-06-10 11:20:00+05:30, O=23360.8, C=23378.35, H = 23379.5, L = 23359.95, TotalSize=19.549999999999272, BodySize=17.549999999999272, ATR14=18.96,Tolerance=1.95, Threshold=20.00
2026-06-10 11:35:10,370 - INFO - Momentum Check: Time=2026-06-10 11:25:00+05:30, O=23378.3, C=23396.75, H = 23398.1, L = 23375.6, TotalSize=22.5, BodySize=18.450000000000728, ATR14=18.38,Tolerance=2.25, Threshold=20.00
2026-06-10 11:35:10,370 - INFO - Momentum Confirmation Failed: Next candle is RED (O=23396.9, C=23388.55). Skipping entry.
2026-06-10 11:38:42,036 - INFO - Trailing SL Updated for NIFTY2661623400CE: 170.8 (LTP: 190.8)
2026-06-10 11:38:43,059 - INFO - Trailing SL Updated for NIFTY2661623400CE: 171.1 (LTP: 191.1)
2026-06-10 11:38:44,083 - INFO - Trailing SL Updated for NIFTY2661623400CE: 171.8 (LTP: 191.8)
2026-06-10 11:38:51,246 - INFO - Trailing SL Updated for NIFTY2661623400CE: 172 (LTP: 192)
2026-06-10 11:39:00,457 - INFO - Trailing SL Updated for NIFTY2661623400CE: 173 (LTP: 193)
2026-06-10 11:39:01,486 - INFO - Trailing SL Updated for NIFTY2661623400CE: 173.9 (LTP: 193.9)
2026-06-10 11:39:02,506 - INFO - Trailing SL Updated for NIFTY2661623400CE: 175 (LTP: 195)
2026-06-10 11:40:10,121 - INFO - Momentum Check: Time=2026-06-10 11:30:00+05:30, O=23396.9, C=23388.55, H = 23400.2, L = 23385.85, TotalSize=14.350000000002183, BodySize=8.350000000002183, ATR14=19.21,Tolerance=1.44, Threshold=20.00
2026-06-10 11:40:15,356 - INFO - Trailing SL Updated for NIFTY2661623400CE: 175.1 (LTP: 195.1)
2026-06-10 11:40:16,380 - INFO - Trailing SL Updated for NIFTY2661623400CE: 175.8 (LTP: 195.8)
2026-06-10 11:45:10,289 - INFO - Momentum Check: Time=2026-06-10 11:35:00+05:30, O=23388.45, C=23406.15, H = 23408.4, L = 23386.7, TotalSize=21.700000000000728, BodySize=17.700000000000728, ATR14=18.64,Tolerance=2.17, Threshold=20.00
2026-06-10 11:50:10,598 - INFO - Momentum Check: Time=2026-06-10 11:40:00+05:30, O=23406.5, C=23406, H = 23409.8, L = 23397.4, TotalSize=12.399999999997817, BodySize=0.5, ATR14=18.50,Tolerance=1.24, Threshold=20.00
2026-06-10 11:55:10,796 - INFO - Momentum Check: Time=2026-06-10 11:45:00+05:30, O=23405.95, C=23400.05, H = 23406.3, L = 23389.5, TotalSize=16.799999999999272, BodySize=5.900000000001455, ATR14=18.13,Tolerance=1.68, Threshold=20.00
2026-06-10 12:00:11,173 - INFO - Momentum Check: Time=2026-06-10 11:50:00+05:30, O=23399.95, C=23396.35, H = 23402.85, L = 23389.7, TotalSize=13.149999999997817, BodySize=3.600000000002183, ATR14=17.98,Tolerance=1.31, Threshold=20.00
2026-06-10 12:03:26,148 - INFO - SL Hit for NIFTY2661623400CE at 175.5. Exiting...
2026-06-10 12:03:26,181 - ERROR - Error placing order: Insufficient funds. Required margin is 658919.96 but available margin is 195242.70.
2026-06-10 12:03:26,182 - INFO - Scalping Trade Exited.
2026-06-10 12:05:10,376 - INFO - Momentum Check: Time=2026-06-10 11:55:00+05:30, O=23396.25, C=23402.8, H = 23403.7, L = 23393.8, TotalSize=9.900000000001455, BodySize=6.549999999999272, ATR14=18.77,Tolerance=0.99, Threshold=20.00
2026-06-10 12:05:10,412 - INFO - Scalping: Not all candles in same direction. Directions: [-1, 1, -1]
2026-06-10 12:10:10,874 - INFO - Momentum Check: Time=2026-06-10 12:00:00+05:30, O=23403.3, C=23381.85, H = 23404.65, L = 23376.45, TotalSize=28.200000000000728, BodySize=21.450000000000728, ATR14=18.02,Tolerance=2.82, Threshold=20.00
2026-06-10 12:10:10,908 - INFO - Scalping: Not all candles in same direction. Directions: [1, -1, 1]
2026-06-10 12:15:10,368 - INFO - Momentum Check: Time=2026-06-10 12:05:00+05:30, O=23382.05, C=23390.3, H = 23395.7, L = 23378.1, TotalSize=17.600000000002183, BodySize=8.25, ATR14=17.44,Tolerance=1.76, Threshold=20.00
2026-06-10 12:15:10,406 - INFO - Scalping: Not all candles in same direction. Directions: [-1, 1, 1]
2026-06-10 12:20:10,869 - INFO - Momentum Check: Time=2026-06-10 12:10:00+05:30, O=23390.25, C=23395.4, H = 23396.55, L = 23383.3, TotalSize=13.25, BodySize=5.150000000001455, ATR14=17.19,Tolerance=1.33, Threshold=20.00
2026-06-10 12:20:10,900 - INFO - Scalping: Not all candles in same direction. Directions: [1, 1, -1]
2026-06-10 12:25:10,367 - INFO - Momentum Check: Time=2026-06-10 12:15:00+05:30, O=23395.25, C=23390.35, H = 23397.25, L = 23384.55, TotalSize=12.700000000000728, BodySize=4.900000000001455, ATR14=17.22,Tolerance=1.27, Threshold=20.00
2026-06-10 12:25:10,400 - INFO - Scalping: Not all candles in same direction. Directions: [1, -1, -1]
2026-06-10 12:30:10,859 - INFO - Momentum Check: Time=2026-06-10 12:20:00+05:30, O=23390.6, C=23377.65, H = 23392.45, L = 23376.1, TotalSize=16.350000000002183, BodySize=12.94999999999709, ATR14=16.10,Tolerance=1.64, Threshold=20.00
2026-06-10 12:30:10,893 - INFO - Scalping Pattern Found! Direction: BUY_PE, Bodies: [4.900000000001455, 12.94999999999709, 2.349999999998545], Entry: 23375.25, High: 23397.25, Low: 23374.3
2026-06-10 12:30:10,893 - INFO - Scalping Signal! BUY_PE NIFTY2661623400PE. Entry Spot: 23375.25, SL Level: 23397.25, SL Distance: 22.0
2026-06-10 12:30:10,932 - ERROR - Error placing order: Insufficient funds. Required margin is 230113.75 but available margin is 195242.70.
2026-06-10 12:35:10,392 - INFO - Momentum Check: Time=2026-06-10 12:25:00+05:30, O=23377.6, C=23375.25, H = 23381.2, L = 23374.3, TotalSize=6.900000000001455, BodySize=2.349999999998545, ATR14=15.33,Tolerance=0.69, Threshold=20.00
2026-06-10 12:35:10,424 - INFO - Scalping Pattern Found! Direction: BUY_PE, Bodies: [12.94999999999709, 2.349999999998545, 1.7999999999992724], Entry: 23374.15, High: 23392.45, Low: 23372.6
2026-06-10 12:35:10,424 - INFO - Scalping Signal! BUY_PE NIFTY2661623350PE. Entry Spot: 23374.15, SL Level: 23392.45, SL Distance: 18.299999999999272
2026-06-10 12:35:10,455 - ERROR - Error placing order: Insufficient funds. Required margin is 226876.75 but available margin is 195242.70.
2026-06-10 12:40:10,926 - INFO - Momentum Check: Time=2026-06-10 12:30:00+05:30, O=23375.95, C=23374.15, H = 23381.35, L = 23372.6, TotalSize=8.75, BodySize=1.7999999999992724, ATR14=14.41,Tolerance=0.88, Threshold=20.00
2026-06-10 12:40:10,969 - INFO - Scalping Pattern Found! Direction: BUY_PE, Bodies: [2.349999999998545, 1.7999999999992724, 1.0499999999992724], Entry: 23373.15, High: 23381.35, Low: 23370.8
2026-06-10 12:40:10,969 - INFO - Scalping Signal! BUY_PE NIFTY2661623350PE. Entry Spot: 23373.15, SL Level: 23381.35, SL Distance: 8.19999999999709
2026-06-10 12:40:11,006 - ERROR - Error placing order: Insufficient funds. Required margin is 222707.00 but available margin is 195242.70.
2026-06-10 12:45:10,474 - INFO - Momentum Check: Time=2026-06-10 12:35:00+05:30, O=23374.2, C=23373.15, H = 23380.5, L = 23370.8, TotalSize=9.700000000000728, BodySize=1.0499999999992724, ATR14=15.29,Tolerance=0.97, Threshold=20.00
2026-06-10 12:45:10,508 - INFO - Scalping: Not all candles are small. Bodies: [1.7999999999992724, 1.0499999999992724, 25.299999999999272], Threshold: 25
2026-06-10 12:50:10,969 - INFO - Momentum Check: Time=2026-06-10 12:40:00+05:30, O=23373.05, C=23347.75, H = 23373.2, L = 23346.6, TotalSize=26.600000000002183, BodySize=25.299999999999272, ATR14=15.96,Tolerance=2.66, Threshold=20.00
2026-06-10 12:50:10,969 - INFO - Momentum Confirmation Failed: Next candle is GREEN (O=23347.85, C=23361.65). Skipping entry.
2026-06-10 12:50:11,010 - INFO - Scalping: Not all candles are small. Bodies: [1.0499999999992724, 25.299999999999272, 13.80000000000291], Threshold: 25
2026-06-10 12:55:10,472 - INFO - Momentum Check: Time=2026-06-10 12:45:00+05:30, O=23347.85, C=23361.65, H = 23364.35, L = 23333.2, TotalSize=31.149999999997817, BodySize=13.80000000000291, ATR14=16.73,Tolerance=3.11, Threshold=20.00
2026-06-10 12:55:10,472 - INFO - Momentum Confirmation: Next candle is also GREEN (O=23362.35, C=23380.35). Entering trade.
2026-06-10 12:55:10,472 - INFO - Momentum Signal! BUY_CE NIFTY2661623350CE. Spot: 23361.65, SL Level: 23333.2
2026-06-10 12:55:10,505 - ERROR - Error placing order: Insufficient funds. Required margin is 292137.25 but available margin is 195242.70.
2026-06-10 12:55:10,543 - INFO - Scalping: Not all candles are small. Bodies: [25.299999999999272, 13.80000000000291, 18.0], Threshold: 25
2026-06-10 13:00:11,010 - INFO - Momentum Check: Time=2026-06-10 12:50:00+05:30, O=23362.35, C=23380.35, H = 23385.45, L = 23362.3, TotalSize=23.150000000001455, BodySize=18.0, ATR14=16.82,Tolerance=2.32, Threshold=20.00
2026-06-10 13:00:11,043 - INFO - Scalping: Not all candles in same direction. Directions: [1, 1, -1]
2026-06-10 13:05:10,506 - INFO - Momentum Check: Time=2026-06-10 12:55:00+05:30, O=23380.7, C=23380.05, H = 23381.8, L = 23363.75, TotalSize=18.049999999999272, BodySize=0.6500000000014552, ATR14=18.60,Tolerance=1.80, Threshold=20.00
2026-06-10 13:05:10,540 - INFO - Scalping: Not all candles are small. Bodies: [18.0, 0.6500000000014552, 36.400000000001455], Threshold: 25
2026-06-10 13:10:11,005 - INFO - Momentum Check: Time=2026-06-10 13:00:00+05:30, O=23380.05, C=23416.45, H = 23418.15, L = 23380, TotalSize=38.150000000001455, BodySize=36.400000000001455, ATR14=19.45,Tolerance=3.82, Threshold=20.00
2026-06-10 13:10:11,005 - INFO - Momentum Confirmation Failed: Next candle is RED (O=23417.35, C=23412.75). Skipping entry.
2026-06-10 13:10:11,037 - INFO - Scalping: Not all candles are small. Bodies: [0.6500000000014552, 36.400000000001455, 4.599999999998545], Threshold: 25
2026-06-10 13:15:10,499 - INFO - Momentum Check: Time=2026-06-10 13:05:00+05:30, O=23417.35, C=23412.75, H = 23425.35, L = 23403.6, TotalSize=21.75, BodySize=4.599999999998545, ATR14=18.81,Tolerance=2.18, Threshold=20.00
2026-06-10 13:15:10,533 - INFO - Scalping: Not all candles are small. Bodies: [36.400000000001455, 4.599999999998545, 7.25], Threshold: 25
2026-06-10 13:20:10,995 - INFO - Momentum Check: Time=2026-06-10 13:10:00+05:30, O=23412.4, C=23405.15, H = 23420.05, L = 23400.85, TotalSize=19.200000000000728, BodySize=7.25, ATR14=18.58,Tolerance=1.92, Threshold=20.00
2026-06-10 13:20:11,037 - INFO - Scalping Pattern Found! Direction: BUY_PE, Bodies: [4.599999999998545, 7.25, 8.80000000000291], Entry: 23396.85, High: 23425.35, Low: 23395.95
2026-06-10 13:20:11,037 - INFO - Scalping Signal! BUY_PE NIFTY2661623400PE. Entry Spot: 23396.85, SL Level: 23425.35, SL Distance: 28.5
2026-06-10 13:20:11,073 - INFO - Order placed. ID: 2064616097700683776
2026-06-10 13:20:11,073 - INFO - Order Placed: BUY NIFTY2661623400PE Qty=195 ID=2064616097700683776
2026-06-10 13:20:11,095 - INFO - Trade logged to logs/2026-06-10/trades.csv: ScalpingStrategy BUY NIFTY2661623400PE
2026-06-10 13:20:11,117 - INFO - Entered Scalping NIFTY2661623400PE at 167.9. Initial SL: 139.4, Distance: 28.5
2026-06-10 13:20:15,203 - INFO - Trailing SL Updated for NIFTY2661623400PE: 148.25 (LTP: 168.25)
2026-06-10 13:20:18,280 - INFO - Trailing SL Updated for NIFTY2661623400PE: 148.4 (LTP: 168.4)
2026-06-10 13:20:19,301 - INFO - Trailing SL Updated for NIFTY2661623400PE: 148.45 (LTP: 168.45)
2026-06-10 13:20:21,352 - INFO - Trailing SL Updated for NIFTY2661623400PE: 148.8 (LTP: 168.8)
2026-06-10 13:20:24,417 - INFO - Trailing SL Updated for NIFTY2661623400PE: 148.85 (LTP: 168.85)
2026-06-10 13:20:34,650 - INFO - Trailing SL Updated for NIFTY2661623400PE: 149 (LTP: 169)
2026-06-10 13:20:35,672 - INFO - Trailing SL Updated for NIFTY2661623400PE: 149.45 (LTP: 169.45)
2026-06-10 13:20:37,719 - INFO - Trailing SL Updated for NIFTY2661623400PE: 150 (LTP: 170)
2026-06-10 13:20:39,764 - INFO - Trailing SL Updated for NIFTY2661623400PE: 150.45 (LTP: 170.45)
2026-06-10 13:20:40,786 - INFO - Trailing SL Updated for NIFTY2661623400PE: 150.6 (LTP: 170.6)
2026-06-10 13:23:08,210 - INFO - Trailing SL Updated for NIFTY2661623400PE: 150.95 (LTP: 170.95)
2026-06-10 13:23:10,254 - INFO - Trailing SL Updated for NIFTY2661623400PE: 151.55 (LTP: 171.55)
2026-06-10 13:23:23,554 - INFO - Trailing SL Updated for NIFTY2661623400PE: 151.95 (LTP: 171.95)
2026-06-10 13:23:35,843 - INFO - Trailing SL Updated for NIFTY2661623400PE: 152.3 (LTP: 172.3)
2026-06-10 13:23:37,887 - INFO - Trailing SL Updated for NIFTY2661623400PE: 152.5 (LTP: 172.5)
2026-06-10 13:23:47,094 - INFO - Trailing SL Updated for NIFTY2661623400PE: 152.65 (LTP: 172.65)
2026-06-10 13:23:48,118 - INFO - Trailing SL Updated for NIFTY2661623400PE: 152.85 (LTP: 172.85)
2026-06-10 13:23:53,237 - INFO - Trailing SL Updated for NIFTY2661623400PE: 153 (LTP: 173)
2026-06-10 13:23:55,282 - INFO - Trailing SL Updated for NIFTY2661623400PE: 153.4 (LTP: 173.4)
2026-06-10 13:23:56,306 - INFO - Trailing SL Updated for NIFTY2661623400PE: 153.6 (LTP: 173.6)
2026-06-10 13:24:15,415 - INFO - Trailing SL Updated for NIFTY2661623400PE: 153.75 (LTP: 173.75)
2026-06-10 13:24:16,441 - INFO - Trailing SL Updated for NIFTY2661623400PE: 154.25 (LTP: 174.25)
2026-06-10 13:24:17,465 - INFO - Trailing SL Updated for NIFTY2661623400PE: 154.75 (LTP: 174.75)
2026-06-10 13:24:45,131 - INFO - Trailing SL Updated for NIFTY2661623400PE: 155 (LTP: 175)
2026-06-10 13:24:54,343 - INFO - Trailing SL Updated for NIFTY2661623400PE: 155.4 (LTP: 175.4)
2026-06-10 13:24:58,429 - INFO - Trailing SL Updated for NIFTY2661623400PE: 155.5 (LTP: 175.5)
2026-06-10 13:24:59,452 - INFO - Trailing SL Updated for NIFTY2661623400PE: 156.1 (LTP: 176.1)
2026-06-10 13:25:00,482 - INFO - Trailing SL Updated for NIFTY2661623400PE: 156.55 (LTP: 176.55)
2026-06-10 13:25:08,697 - INFO - Trailing SL Updated for NIFTY2661623400PE: 156.6 (LTP: 176.6)
2026-06-10 13:25:10,755 - INFO - Momentum Check: Time=2026-06-10 13:15:00+05:30, O=23405.65, C=23396.85, H = 23410.3, L = 23395.95, TotalSize=14.349999999998545, BodySize=8.80000000000291, ATR14=19.46,Tolerance=1.43, Threshold=20.00
2026-06-10 13:30:11,200 - INFO - Momentum Check: Time=2026-06-10 13:20:00+05:30, O=23397, C=23373.15, H = 23398.2, L = 23372.5, TotalSize=25.700000000000728, BodySize=23.849999999998545, ATR14=20.68,Tolerance=2.57, Threshold=20.68
2026-06-10 13:30:11,200 - INFO - Momentum Confirmation Failed: Next candle is GREEN (O=23373.35, C=23398.3). Skipping entry.
2026-06-10 13:32:46,179 - INFO - Trailing SL Updated for NIFTY2661623400PE: 158.75 (LTP: 178.75)
2026-06-10 13:32:47,197 - INFO - Trailing SL Updated for NIFTY2661623400PE: 161.7 (LTP: 181.7)
2026-06-10 13:32:51,276 - INFO - Trailing SL Updated for NIFTY2661623400PE: 161.9 (LTP: 181.9)
2026-06-10 13:32:53,314 - INFO - Trailing SL Updated for NIFTY2661623400PE: 162.2 (LTP: 182.2)
2026-06-10 13:33:20,953 - INFO - Trailing SL Updated for NIFTY2661623400PE: 163 (LTP: 183)
2026-06-10 13:33:21,975 - INFO - Trailing SL Updated for NIFTY2661623400PE: 163.2 (LTP: 183.2)
2026-06-10 13:33:24,016 - INFO - Trailing SL Updated for NIFTY2661623400PE: 163.3 (LTP: 183.3)
2026-06-10 13:33:25,034 - INFO - Trailing SL Updated for NIFTY2661623400PE: 164 (LTP: 184)
2026-06-10 13:33:40,351 - INFO - Trailing SL Updated for NIFTY2661623400PE: 164.8 (LTP: 184.8)
2026-06-10 13:33:41,374 - INFO - Trailing SL Updated for NIFTY2661623400PE: 165 (LTP: 185)
2026-06-10 13:33:43,418 - INFO - Trailing SL Updated for NIFTY2661623400PE: 165.85 (LTP: 185.85)
2026-06-10 13:33:46,474 - INFO - Trailing SL Updated for NIFTY2661623400PE: 166 (LTP: 186)
2026-06-10 13:35:10,197 - INFO - Momentum Check: Time=2026-06-10 13:25:00+05:30, O=23373.35, C=23398.3, H = 23401.4, L = 23371.75, TotalSize=29.650000000001455, BodySize=24.950000000000728, ATR14=21.66,Tolerance=2.97, Threshold=21.66
2026-06-10 13:35:41,816 - INFO - Trailing SL Updated for NIFTY2661623400PE: 166.8 (LTP: 186.8)
2026-06-10 13:39:11,903 - INFO - Trailing SL Updated for NIFTY2661623400PE: 167.5 (LTP: 187.5)
2026-06-10 13:39:12,923 - INFO - Trailing SL Updated for NIFTY2661623400PE: 167.65 (LTP: 187.65)
2026-06-10 13:40:10,037 - INFO - Momentum Check: Time=2026-06-10 13:30:00+05:30, O=23397.95, C=23381.65, H = 23407.35, L = 23377.2, TotalSize=30.149999999997817, BodySize=16.299999999999272, ATR14=22.08,Tolerance=3.01, Threshold=22.08
2026-06-10 13:42:24,713 - ERROR - Error placing order: Insufficient funds. Required margin is 537180.12 but available margin is 195242.70.
2026-06-10 13:42:24,713 - INFO - Scalping Trade Exited.
2026-06-10 13:45:10,986 - INFO - Momentum Check: Time=2026-06-10 13:35:00+05:30, O=23381.55, C=23378.2, H = 23388.15, L = 23375.35, TotalSize=12.80000000000291, BodySize=3.349999999998545, ATR14=24.02,Tolerance=1.28, Threshold=24.02
2026-06-10 13:45:11,014 - INFO - Scalping Pattern Found! Direction: BUY_PE, Bodies: [16.299999999999272, 3.349999999998545, 19.5], Entry: 23358.85, High: 23407.35, Low: 23351.9
2026-06-10 13:45:11,015 - INFO - Scalping Signal! BUY_PE NIFTY2661623350PE. Entry Spot: 23358.85, SL Level: 23407.35, SL Distance: 48.5
2026-06-10 13:45:11,047 - INFO - Order placed. ID: 2064622389026660352
2026-06-10 13:45:11,047 - INFO - Order Placed: BUY NIFTY2661623350PE Qty=195 ID=2064622389026660352
2026-06-10 13:45:11,063 - INFO - Trade logged to logs/2026-06-10/trades.csv: ScalpingStrategy BUY NIFTY2661623350PE
2026-06-10 13:45:11,080 - INFO - Entered Scalping NIFTY2661623350PE at 167.7. Initial SL: 119.19999999999999, Distance: 48.5
2026-06-10 13:45:12,099 - INFO - Trailing SL Updated for NIFTY2661623350PE: 148.1 (LTP: 168.1)
2026-06-10 13:45:13,116 - INFO - Trailing SL Updated for NIFTY2661623350PE: 148.9 (LTP: 168.9)
2026-06-10 13:49:23,886 - INFO - Trailing SL Updated for NIFTY2661623350PE: 150.5 (LTP: 170.5)
2026-06-10 13:50:10,797 - INFO - Momentum Check: Time=2026-06-10 13:40:00+05:30, O=23378.35, C=23358.85, H = 23387.75, L = 23351.9, TotalSize=35.849999999998545, BodySize=19.5, ATR14=24.71,Tolerance=3.58, Threshold=24.71
2026-06-10 13:51:30,337 - INFO - Trailing SL Updated for NIFTY2661623350PE: 150.9 (LTP: 170.9)
2026-06-10 13:51:31,356 - INFO - Trailing SL Updated for NIFTY2661623350PE: 152.6 (LTP: 172.6)
2026-06-10 13:51:34,410 - INFO - Trailing SL Updated for NIFTY2661623350PE: 153 (LTP: 173)
2026-06-10 13:51:50,706 - INFO - Trailing SL Updated for NIFTY2661623350PE: 153.4 (LTP: 173.4)
2026-06-10 13:51:51,723 - INFO - Trailing SL Updated for NIFTY2661623350PE: 153.55 (LTP: 173.55)
2026-06-10 13:53:13,263 - INFO - Trailing SL Updated for NIFTY2661623350PE: 153.7 (LTP: 173.7)
2026-06-10 13:53:14,282 - INFO - Trailing SL Updated for NIFTY2661623350PE: 153.8 (LTP: 173.8)
2026-06-10 13:53:15,300 - INFO - Trailing SL Updated for NIFTY2661623350PE: 154.25 (LTP: 174.25)
2026-06-10 13:53:16,318 - INFO - Trailing SL Updated for NIFTY2661623350PE: 154.3 (LTP: 174.3)
2026-06-10 13:53:18,356 - INFO - Trailing SL Updated for NIFTY2661623350PE: 154.8 (LTP: 174.8)
2026-06-10 13:54:23,591 - INFO - Trailing SL Updated for NIFTY2661623350PE: 155 (LTP: 175)
2026-06-10 13:54:36,833 - INFO - Trailing SL Updated for NIFTY2661623350PE: 156.6 (LTP: 176.6)
2026-06-10 13:54:37,854 - INFO - Trailing SL Updated for NIFTY2661623350PE: 157.85 (LTP: 177.85)
2026-06-10 13:55:10,474 - INFO - Momentum Check: Time=2026-06-10 13:45:00+05:30, O=23358.3, C=23362.5, H = 23377.45, L = 23358, TotalSize=19.450000000000728, BodySize=4.200000000000728, ATR14=24.14,Tolerance=1.95, Threshold=24.14
2026-06-10 14:00:10,144 - INFO - Momentum Check: Time=2026-06-10 13:50:00+05:30, O=23362.15, C=23349.75, H = 23366.3, L = 23347.8, TotalSize=18.5, BodySize=12.400000000001455, ATR14=22.50,Tolerance=1.85, Threshold=22.50
2026-06-10 14:05:10,990 - INFO - Momentum Check: Time=2026-06-10 13:55:00+05:30, O=23349.5, C=23352.95, H = 23355.35, L = 23347.05, TotalSize=8.299999999999272, BodySize=3.4500000000007276, ATR14=22.62,Tolerance=0.83, Threshold=22.62
2026-06-10 14:09:41,242 - INFO - Trailing SL Updated for NIFTY2661623350PE: 158.7 (LTP: 178.7)
2026-06-10 14:09:45,319 - INFO - Trailing SL Updated for NIFTY2661623350PE: 158.85 (LTP: 178.85)
2026-06-10 14:10:10,843 - INFO - Momentum Check: Time=2026-06-10 14:00:00+05:30, O=23352.4, C=23359.05, H = 23364.75, L = 23339.95, TotalSize=24.799999999999272, BodySize=6.649999999997817, ATR14=22.99,Tolerance=2.48, Threshold=22.99
2026-06-10 14:11:03,910 - INFO - Trailing SL Updated for NIFTY2661623350PE: 161.55 (LTP: 181.55)
2026-06-10 14:11:04,929 - INFO - Trailing SL Updated for NIFTY2661623350PE: 161.6 (LTP: 181.6)
2026-06-10 14:11:05,947 - INFO - Trailing SL Updated for NIFTY2661623350PE: 161.9 (LTP: 181.9)
2026-06-10 14:11:09,006 - INFO - Trailing SL Updated for NIFTY2661623350PE: 162.25 (LTP: 182.25)
2026-06-10 14:11:12,066 - INFO - Trailing SL Updated for NIFTY2661623350PE: 162.35 (LTP: 182.35)
2026-06-10 14:11:15,122 - INFO - Trailing SL Updated for NIFTY2661623350PE: 162.45 (LTP: 182.45)
2026-06-10 14:11:17,159 - INFO - Trailing SL Updated for NIFTY2661623350PE: 162.5 (LTP: 182.5)
2026-06-10 14:11:40,613 - INFO - Trailing SL Updated for NIFTY2661623350PE: 162.85 (LTP: 182.85)
2026-06-10 14:11:42,649 - INFO - Trailing SL Updated for NIFTY2661623350PE: 163.35 (LTP: 183.35)
2026-06-10 14:12:41,800 - INFO - Trailing SL Updated for NIFTY2661623350PE: 163.5 (LTP: 183.5)
2026-06-10 14:12:42,819 - INFO - Trailing SL Updated for NIFTY2661623350PE: 164.15 (LTP: 184.15)
2026-06-10 14:12:49,954 - INFO - Trailing SL Updated for NIFTY2661623350PE: 165 (LTP: 185)
2026-06-10 14:12:58,143 - ERROR - Error placing order: Insufficient funds. Required margin is 693088.22 but available margin is 195242.70.
2026-06-10 14:12:58,143 - INFO - Scalping Trade Exited.
2026-06-10 14:15:10,376 - INFO - Momentum Check: Time=2026-06-10 14:05:00+05:30, O=23358.9, C=23339.85, H = 23361.7, L = 23338.55, TotalSize=23.150000000001455, BodySize=19.05000000000291, ATR14=22.41,Tolerance=2.32, Threshold=22.41
2026-06-10 14:15:10,376 - INFO - Momentum Confirmation: Next candle is also RED (O=23339.1, C=23317.15). Entering trade.
2026-06-10 14:15:10,376 - INFO - Momentum Signal! BUY_PE NIFTY2661623350PE. Spot: 23339.85, SL Level: 23361.7
2026-06-10 14:15:10,404 - ERROR - Error placing order: Insufficient funds. Required margin is 286655.00 but available margin is 195242.70.
2026-06-10 14:15:10,436 - INFO - Scalping: Not all candles in same direction. Directions: [1, -1, -1]
2026-06-10 14:20:00,852 - INFO - New trades cutoff time 14:20:00 reached. No new entries allowed. Stopping strategy.
2026-06-10 14:20:10,898 - INFO - Scalping: Not all candles in same direction. Directions: [-1, -1, 1]
2026-06-10 14:25:10,363 - INFO - Scalping: Not all candles in same direction. Directions: [-1, 1, 1]
2026-06-10 14:30:10,821 - INFO - Scalping: Not all candles in same direction. Directions: [1, 1, -1]
2026-06-10 14:35:10,282 - INFO - Scalping: Not all candles in same direction. Directions: [1, -1, -1]
2026-06-10 14:40:10,744 - INFO - Scalping: Not all candles are small. Bodies: [14.700000000000728, 6.44999999999709, 27.700000000000728], Threshold: 25
2026-06-10 14:45:10,287 - INFO - Scalping: Not all candles are small. Bodies: [6.44999999999709, 27.700000000000728, 20.05000000000291], Threshold: 25
2026-06-10 14:50:00,701 - INFO - New trades cutoff time 14:50:00 reached. No new entries allowed.
2026-06-10 16:54:31,449 - INFO - Stopping Application...
