2026-03-12 09:56:56,205 - INFO - Starting KiteConnect Trading App...
2026-03-12 09:56:56,205 - WARNING - No Access Token found. You may need to generate one.
2026-03-12 09:57:42,703 - INFO - Session generated. Access Token: M4YuJneWfi1MCUb29Bal644PmKvlYZtv
2026-03-12 09:57:42,718 - INFO - Strategies Initialized: Iron Fly, Momentum Buy & ORB on NIFTY
2026-03-12 09:57:42,718 - INFO - Application Initialized. Starting Main Loop...
2026-03-12 10:00:10,528 - INFO - Momentum Check: Time=2026-03-12 09:45:00+05:30, O=23606.2, C=23656.75, H = 23657, L = 23595.05, TotalSize=61.95000000000073, BodySize=50.54999999999927, ATR14=45.19,Tolerance=5.00, Threshold=45.19
2026-03-12 10:00:10,529 - INFO - Momentum Signal! BUY_CE NIFTY2631723650CE. Spot: 23656.75, SL Level: 23595.05
2026-03-12 10:00:10,592 - INFO - Order placed. ID: 260312150505259
2026-03-12 10:00:10,593 - INFO - Order Placed: BUY NIFTY2631723650CE Qty=195 ID=260312150505259
2026-03-12 10:00:10,630 - INFO - Trade logged to logs\2026-03-12\trades.csv: MomentumBuy BUY NIFTY2631723650CE
2026-03-12 10:00:10,669 - INFO - Entered NIFTY2631723650CE at 322.2. Initial SL: 302.2
2026-03-12 10:00:10,943 - INFO - ORB Check [09:55:00]: C=23775.7, ORB_H=23749.9, ORB_L=23640, VWAP=23691.99, VolMA(5)=120991.00, Vol=209040, ATR14=40.23
2026-03-12 10:00:11,926 - INFO - Strategy MTM: Momentum Buy (NIFTY2631723650CE): 185.25 | LTP: 323.15
2026-03-12 10:00:11,926 - INFO - Trailing SL Updated for NIFTY2631723650CE: 303.15 (LTP: 323.15)
2026-03-12 10:00:12,978 - INFO - Strategy MTM: Momentum Buy (NIFTY2631723650CE): 390.00 | LTP: 324.2
2026-03-12 10:00:12,979 - INFO - Trailing SL Updated for NIFTY2631723650CE: 304.2 (LTP: 324.2)
2026-03-12 10:00:14,040 - INFO - Strategy MTM: Momentum Buy (NIFTY2631723650CE): 409.50 | LTP: 324.3
2026-03-12 10:00:14,041 - INFO - Trailing SL Updated for NIFTY2631723650CE: 304.3 (LTP: 324.3)
2026-03-12 10:00:15,089 - INFO - Strategy MTM: Momentum Buy (NIFTY2631723650CE): 78.00 | LTP: 322.6
2026-03-12 10:00:16,134 - INFO - Strategy MTM: Momentum Buy (NIFTY2631723650CE): -29.25 | LTP: 322.05
2026-03-12 10:00:17,185 - INFO - Strategy MTM: Momentum Buy (NIFTY2631723650CE): 58.50 | LTP: 322.5
2026-03-12 10:00:18,343 - INFO - Strategy MTM: Momentum Buy (NIFTY2631723650CE): 351.00 | LTP: 324
2026-03-12 10:00:19,452 - INFO - Strategy MTM: Momentum Buy (NIFTY2631723650CE): 312.00 | LTP: 323.8
2026-03-12 10:00:20,503 - INFO - Strategy MTM: Momentum Buy (NIFTY2631723650CE): 321.75 | LTP: 323.85
2026-03-12 10:00:21,550 - INFO - Strategy MTM: Momentum Buy (NIFTY2631723650CE): 292.50 | LTP: 323.7
2026-03-12 10:00:22,599 - INFO - Strategy MTM: Momentum Buy (NIFTY2631723650CE): 399.75 | LTP: 324.25
2026-03-12 10:00:23,636 - INFO - Strategy MTM: Momentum Buy (NIFTY2631723650CE): 331.50 | LTP: 323.9
2026-03-12 10:00:24,684 - INFO - Strategy MTM: Momentum Buy (NIFTY2631723650CE): -107.25 | LTP: 321.65
2026-03-12 10:00:25,738 - INFO - Strategy MTM: Momentum Buy (NIFTY2631723650CE): -97.50 | LTP: 321.7
2026-03-12 10:00:26,787 - INFO - Strategy MTM: Momentum Buy (NIFTY2631723650CE): -204.75 | LTP: 321.15
2026-03-12 10:00:27,830 - INFO - Strategy MTM: Momentum Buy (NIFTY2631723650CE): -399.75 | LTP: 320.15
2026-03-12 10:00:30,425 - INFO - Strategy MTM: Momentum Buy (NIFTY2631723650CE): -253.50 | LTP: 320.9
2026-03-12 10:00:33,350 - INFO - Strategy MTM: Momentum Buy (NIFTY2631723650CE): -253.50 | LTP: 320.9
2026-03-12 10:00:36,018 - INFO - Strategy MTM: Momentum Buy (NIFTY2631723650CE): -458.25 | LTP: 319.85
2026-03-12 10:00:38,177 - INFO - Strategy MTM: Momentum Buy (NIFTY2631723650CE): -643.50 | LTP: 318.9
2026-03-12 10:00:40,152 - INFO - Strategy MTM: Momentum Buy (NIFTY2631723650CE): -916.50 | LTP: 317.5
2026-03-12 10:00:42,336 - INFO - Strategy MTM: Momentum Buy (NIFTY2631723650CE): -1306.50 | LTP: 315.5
2026-03-12 10:00:44,433 - INFO - Strategy MTM: Momentum Buy (NIFTY2631723650CE): -1228.50 | LTP: 315.9
2026-03-12 10:00:46,565 - INFO - Strategy MTM: Momentum Buy (NIFTY2631723650CE): -965.25 | LTP: 317.25
2026-03-12 10:00:48,761 - INFO - Strategy MTM: Momentum Buy (NIFTY2631723650CE): -1355.25 | LTP: 315.25
2026-03-12 10:00:51,270 - INFO - Strategy MTM: Momentum Buy (NIFTY2631723650CE): -1667.25 | LTP: 313.65
2026-03-12 10:00:52,715 - INFO - Strategy MTM: Momentum Buy (NIFTY2631723650CE): -1423.50 | LTP: 314.9
2026-03-12 10:00:54,899 - INFO - Strategy MTM: Momentum Buy (NIFTY2631723650CE): -1511.25 | LTP: 314.45
2026-03-12 10:00:57,443 - INFO - Strategy MTM: Momentum Buy (NIFTY2631723650CE): -1404.00 | LTP: 315
2026-03-12 10:00:58,976 - INFO - Strategy MTM: Momentum Buy (NIFTY2631723650CE): -1881.75 | LTP: 312.55
2026-03-12 10:01:01,909 - INFO - Strategy MTM: Momentum Buy (NIFTY2631723650CE): -1667.25 | LTP: 313.65
2026-03-12 10:01:02,893 - INFO - Strategy MTM: Momentum Buy (NIFTY2631723650CE): -1872.00 | LTP: 312.6
2026-03-12 10:01:03,878 - INFO - Strategy MTM: Momentum Buy (NIFTY2631723650CE): -1774.50 | LTP: 313.1
2026-03-12 10:01:04,864 - INFO - Strategy MTM: Momentum Buy (NIFTY2631723650CE): -2106.00 | LTP: 311.4
2026-03-12 10:01:05,847 - INFO - Strategy MTM: Momentum Buy (NIFTY2631723650CE): -2340.00 | LTP: 310.2
2026-03-12 10:01:06,830 - INFO - Strategy MTM: Momentum Buy (NIFTY2631723650CE): -2232.75 | LTP: 310.75
2026-03-12 10:01:07,814 - INFO - Strategy MTM: Momentum Buy (NIFTY2631723650CE): -2466.75 | LTP: 309.55
2026-03-12 10:01:08,814 - INFO - Strategy MTM: Momentum Buy (NIFTY2631723650CE): -2262.00 | LTP: 310.6
2026-03-12 10:01:09,803 - INFO - Strategy MTM: Momentum Buy (NIFTY2631723650CE): -2096.25 | LTP: 311.45
2026-03-12 10:01:10,789 - INFO - Strategy MTM: Momentum Buy (NIFTY2631723650CE): -1901.25 | LTP: 312.45
2026-03-12 10:01:11,779 - INFO - Strategy MTM: Momentum Buy (NIFTY2631723650CE): -1745.25 | LTP: 313.25
2026-03-12 10:01:12,762 - INFO - Strategy MTM: Momentum Buy (NIFTY2631723650CE): -1511.25 | LTP: 314.45
2026-03-12 10:01:13,746 - INFO - Strategy MTM: Momentum Buy (NIFTY2631723650CE): -1365.00 | LTP: 315.2
2026-03-12 10:01:14,744 - INFO - Strategy MTM: Momentum Buy (NIFTY2631723650CE): -1316.25 | LTP: 315.45
2026-03-12 10:01:15,732 - INFO - Strategy MTM: Momentum Buy (NIFTY2631723650CE): -1267.50 | LTP: 315.7
2026-03-12 10:01:16,717 - INFO - Strategy MTM: Momentum Buy (NIFTY2631723650CE): -1696.50 | LTP: 313.5
2026-03-12 10:01:17,707 - INFO - Strategy MTM: Momentum Buy (NIFTY2631723650CE): -1950.00 | LTP: 312.2
2026-03-12 10:01:18,697 - INFO - Strategy MTM: Momentum Buy (NIFTY2631723650CE): -2047.50 | LTP: 311.7
2026-03-12 10:01:19,685 - INFO - Strategy MTM: Momentum Buy (NIFTY2631723650CE): -1833.00 | LTP: 312.8
2026-03-12 10:01:20,673 - INFO - Strategy MTM: Momentum Buy (NIFTY2631723650CE): -1833.00 | LTP: 312.8
2026-03-12 10:01:21,663 - INFO - Strategy MTM: Momentum Buy (NIFTY2631723650CE): -1813.50 | LTP: 312.9
2026-03-12 10:01:22,656 - INFO - Strategy MTM: Momentum Buy (NIFTY2631723650CE): -2193.75 | LTP: 310.95
2026-03-12 10:01:23,643 - INFO - Strategy MTM: Momentum Buy (NIFTY2631723650CE): -1989.00 | LTP: 312
2026-03-12 10:01:24,628 - INFO - Strategy MTM: Momentum Buy (NIFTY2631723650CE): -2018.25 | LTP: 311.85
2026-03-12 10:01:25,626 - INFO - Strategy MTM: Momentum Buy (NIFTY2631723650CE): -1979.25 | LTP: 312.05
2026-03-12 10:01:26,617 - INFO - Strategy MTM: Momentum Buy (NIFTY2631723650CE): -2008.50 | LTP: 311.9
2026-03-12 10:01:27,611 - INFO - Strategy MTM: Momentum Buy (NIFTY2631723650CE): -1842.75 | LTP: 312.75
2026-03-12 10:01:28,888 - INFO - Strategy MTM: Momentum Buy (NIFTY2631723650CE): -1813.50 | LTP: 312.9
2026-03-12 10:01:29,869 - INFO - Strategy MTM: Momentum Buy (NIFTY2631723650CE): -1716.00 | LTP: 313.4
2026-03-12 10:01:30,863 - INFO - Strategy MTM: Momentum Buy (NIFTY2631723650CE): -1599.00 | LTP: 314
2026-03-12 10:01:31,887 - INFO - Strategy MTM: Momentum Buy (NIFTY2631723650CE): -1823.25 | LTP: 312.85
2026-03-12 10:01:32,907 - INFO - Strategy MTM: Momentum Buy (NIFTY2631723650CE): -2008.50 | LTP: 311.9
2026-03-12 10:01:33,906 - INFO - Strategy MTM: Momentum Buy (NIFTY2631723650CE): -1755.00 | LTP: 313.2
2026-03-12 10:01:34,909 - INFO - Strategy MTM: Momentum Buy (NIFTY2631723650CE): -1735.50 | LTP: 313.3
2026-03-12 10:01:35,901 - INFO - Strategy MTM: Momentum Buy (NIFTY2631723650CE): -1745.25 | LTP: 313.25
2026-03-12 10:01:36,903 - INFO - Strategy MTM: Momentum Buy (NIFTY2631723650CE): -1969.50 | LTP: 312.1
2026-03-12 10:01:37,895 - INFO - Strategy MTM: Momentum Buy (NIFTY2631723650CE): -2242.50 | LTP: 310.7
2026-03-12 10:01:38,903 - INFO - Strategy MTM: Momentum Buy (NIFTY2631723650CE): -2379.00 | LTP: 310
2026-03-12 10:01:39,924 - INFO - Strategy MTM: Momentum Buy (NIFTY2631723650CE): -2613.00 | LTP: 308.8
2026-03-12 10:01:40,918 - INFO - Strategy MTM: Momentum Buy (NIFTY2631723650CE): -2622.75 | LTP: 308.75
2026-03-12 10:01:41,912 - INFO - Strategy MTM: Momentum Buy (NIFTY2631723650CE): -2817.75 | LTP: 307.75
2026-03-12 10:01:42,928 - INFO - Strategy MTM: Momentum Buy (NIFTY2631723650CE): -2583.75 | LTP: 308.95
2026-03-12 10:01:43,980 - INFO - Strategy MTM: Momentum Buy (NIFTY2631723650CE): -2486.25 | LTP: 309.45
2026-03-12 10:01:45,034 - INFO - Strategy MTM: Momentum Buy (NIFTY2631723650CE): -2349.75 | LTP: 310.15
2026-03-12 10:01:46,042 - INFO - Strategy MTM: Momentum Buy (NIFTY2631723650CE): -2330.25 | LTP: 310.25
2026-03-12 10:01:47,068 - INFO - Strategy MTM: Momentum Buy (NIFTY2631723650CE): -2505.75 | LTP: 309.35
2026-03-12 10:01:48,152 - INFO - Strategy MTM: Momentum Buy (NIFTY2631723650CE): -2457.00 | LTP: 309.6
2026-03-12 10:01:49,840 - INFO - Strategy MTM: Momentum Buy (NIFTY2631723650CE): -2476.50 | LTP: 309.5
2026-03-12 10:01:51,319 - INFO - Strategy MTM: Momentum Buy (NIFTY2631723650CE): -2466.75 | LTP: 309.55
2026-03-12 10:01:52,319 - INFO - Strategy MTM: Momentum Buy (NIFTY2631723650CE): -2408.25 | LTP: 309.85
2026-03-12 10:01:53,315 - INFO - Strategy MTM: Momentum Buy (NIFTY2631723650CE): -2154.75 | LTP: 311.15
2026-03-12 10:01:54,365 - INFO - Strategy MTM: Momentum Buy (NIFTY2631723650CE): -1989.00 | LTP: 312
2026-03-12 10:01:55,429 - INFO - Strategy MTM: Momentum Buy (NIFTY2631723650CE): -2096.25 | LTP: 311.45
2026-03-12 10:01:56,472 - INFO - Strategy MTM: Momentum Buy (NIFTY2631723650CE): -2154.75 | LTP: 311.15
2026-03-12 10:01:57,526 - INFO - Strategy MTM: Momentum Buy (NIFTY2631723650CE): -2047.50 | LTP: 311.7
2026-03-12 10:01:58,577 - INFO - Strategy MTM: Momentum Buy (NIFTY2631723650CE): -2106.00 | LTP: 311.4
2026-03-12 10:01:59,618 - INFO - Strategy MTM: Momentum Buy (NIFTY2631723650CE): -2018.25 | LTP: 311.85
2026-03-12 10:02:00,670 - INFO - Strategy MTM: Momentum Buy (NIFTY2631723650CE): -2349.75 | LTP: 310.15
2026-03-12 10:02:01,699 - INFO - Strategy MTM: Momentum Buy (NIFTY2631723650CE): -2184.00 | LTP: 311
2026-03-12 10:02:02,745 - INFO - Strategy MTM: Momentum Buy (NIFTY2631723650CE): -1842.75 | LTP: 312.75
2026-03-12 10:02:03,808 - INFO - Strategy MTM: Momentum Buy (NIFTY2631723650CE): -1755.00 | LTP: 313.2
2026-03-12 10:02:04,854 - INFO - Strategy MTM: Momentum Buy (NIFTY2631723650CE): -1696.50 | LTP: 313.5
2026-03-12 10:02:05,917 - INFO - Strategy MTM: Momentum Buy (NIFTY2631723650CE): -1550.25 | LTP: 314.25
2026-03-12 10:02:06,957 - INFO - Strategy MTM: Momentum Buy (NIFTY2631723650CE): -1550.25 | LTP: 314.25
2026-03-12 10:02:07,993 - INFO - Strategy MTM: Momentum Buy (NIFTY2631723650CE): -663.00 | LTP: 318.8
2026-03-12 10:02:09,059 - INFO - Strategy MTM: Momentum Buy (NIFTY2631723650CE): -468.00 | LTP: 319.8
2026-03-12 10:02:10,104 - INFO - Strategy MTM: Momentum Buy (NIFTY2631723650CE): -867.75 | LTP: 317.75
2026-03-12 10:02:11,135 - INFO - Strategy MTM: Momentum Buy (NIFTY2631723650CE): -702.00 | LTP: 318.6
2026-03-12 10:02:12,182 - INFO - Strategy MTM: Momentum Buy (NIFTY2631723650CE): -663.00 | LTP: 318.8
2026-03-12 10:02:13,228 - INFO - Strategy MTM: Momentum Buy (NIFTY2631723650CE): -682.50 | LTP: 318.7
2026-03-12 10:02:14,276 - INFO - Strategy MTM: Momentum Buy (NIFTY2631723650CE): -146.25 | LTP: 321.45
2026-03-12 10:02:15,324 - INFO - Strategy MTM: Momentum Buy (NIFTY2631723650CE): -146.25 | LTP: 321.45
2026-03-12 10:02:16,371 - INFO - Strategy MTM: Momentum Buy (NIFTY2631723650CE): -165.75 | LTP: 321.35
2026-03-12 10:02:17,417 - INFO - Strategy MTM: Momentum Buy (NIFTY2631723650CE): -185.25 | LTP: 321.25
2026-03-12 10:02:18,485 - INFO - Strategy MTM: Momentum Buy (NIFTY2631723650CE): -409.50 | LTP: 320.1
2026-03-12 10:02:19,526 - INFO - Strategy MTM: Momentum Buy (NIFTY2631723650CE): -253.50 | LTP: 320.9
2026-03-12 10:02:20,575 - INFO - Strategy MTM: Momentum Buy (NIFTY2631723650CE): -39.00 | LTP: 322
2026-03-12 10:02:21,635 - INFO - Strategy MTM: Momentum Buy (NIFTY2631723650CE): 107.25 | LTP: 322.75
2026-03-12 10:02:22,683 - INFO - Strategy MTM: Momentum Buy (NIFTY2631723650CE): -136.50 | LTP: 321.5
2026-03-12 10:02:23,731 - INFO - Strategy MTM: Momentum Buy (NIFTY2631723650CE): -117.00 | LTP: 321.6
2026-03-12 10:02:24,778 - INFO - Strategy MTM: Momentum Buy (NIFTY2631723650CE): -175.50 | LTP: 321.3
2026-03-12 10:02:25,827 - INFO - Strategy MTM: Momentum Buy (NIFTY2631723650CE): -175.50 | LTP: 321.3
2026-03-12 10:02:26,882 - INFO - Strategy MTM: Momentum Buy (NIFTY2631723650CE): -302.25 | LTP: 320.65
2026-03-12 10:02:27,919 - INFO - Strategy MTM: Momentum Buy (NIFTY2631723650CE): -429.00 | LTP: 320
2026-03-12 10:02:28,970 - INFO - Strategy MTM: Momentum Buy (NIFTY2631723650CE): -663.00 | LTP: 318.8
2026-03-12 10:02:30,033 - INFO - Strategy MTM: Momentum Buy (NIFTY2631723650CE): -858.00 | LTP: 317.8
2026-03-12 10:02:31,094 - INFO - Strategy MTM: Momentum Buy (NIFTY2631723650CE): -799.50 | LTP: 318.1
2026-03-12 10:02:32,135 - INFO - Strategy MTM: Momentum Buy (NIFTY2631723650CE): -780.00 | LTP: 318.2
2026-03-12 10:02:33,200 - INFO - Strategy MTM: Momentum Buy (NIFTY2631723650CE): -789.75 | LTP: 318.15
2026-03-12 10:02:34,246 - INFO - Strategy MTM: Momentum Buy (NIFTY2631723650CE): -809.25 | LTP: 318.05
2026-03-12 10:02:35,300 - INFO - Strategy MTM: Momentum Buy (NIFTY2631723650CE): -741.00 | LTP: 318.4
2026-03-12 10:02:36,363 - INFO - Strategy MTM: Momentum Buy (NIFTY2631723650CE): -789.75 | LTP: 318.15
2026-03-12 10:02:37,412 - INFO - Strategy MTM: Momentum Buy (NIFTY2631723650CE): -809.25 | LTP: 318.05
2026-03-12 10:02:38,462 - INFO - Strategy MTM: Momentum Buy (NIFTY2631723650CE): -809.25 | LTP: 318.05
2026-03-12 10:02:39,516 - INFO - Strategy MTM: Momentum Buy (NIFTY2631723650CE): -429.00 | LTP: 320
2026-03-12 10:02:40,547 - INFO - Strategy MTM: Momentum Buy (NIFTY2631723650CE): -594.75 | LTP: 319.15
2026-03-12 10:02:41,594 - INFO - Strategy MTM: Momentum Buy (NIFTY2631723650CE): -97.50 | LTP: 321.7
2026-03-12 10:02:42,649 - INFO - Strategy MTM: Momentum Buy (NIFTY2631723650CE): -78.00 | LTP: 321.8
2026-03-12 10:02:43,692 - INFO - Strategy MTM: Momentum Buy (NIFTY2631723650CE): 58.50 | LTP: 322.5
2026-03-12 10:02:44,761 - INFO - Strategy MTM: Momentum Buy (NIFTY2631723650CE): 29.25 | LTP: 322.35
2026-03-12 10:02:45,824 - INFO - Strategy MTM: Momentum Buy (NIFTY2631723650CE): 87.75 | LTP: 322.65
2026-03-12 10:02:46,887 - INFO - Strategy MTM: Momentum Buy (NIFTY2631723650CE): -136.50 | LTP: 321.5
2026-03-12 10:02:47,942 - INFO - Strategy MTM: Momentum Buy (NIFTY2631723650CE): -195.00 | LTP: 321.2
2026-03-12 10:02:48,990 - INFO - Strategy MTM: Momentum Buy (NIFTY2631723650CE): -224.25 | LTP: 321.05
2026-03-12 10:02:50,052 - INFO - Strategy MTM: Momentum Buy (NIFTY2631723650CE): -351.00 | LTP: 320.4
2026-03-12 10:02:51,105 - INFO - Strategy MTM: Momentum Buy (NIFTY2631723650CE): -351.00 | LTP: 320.4
2026-03-12 10:02:52,525 - INFO - Strategy MTM: Momentum Buy (NIFTY2631723650CE): -507.00 | LTP: 319.6
2026-03-12 10:02:53,576 - INFO - Strategy MTM: Momentum Buy (NIFTY2631723650CE): -477.75 | LTP: 319.75
2026-03-12 10:02:54,606 - INFO - Strategy MTM: Momentum Buy (NIFTY2631723650CE): -575.25 | LTP: 319.25
2026-03-12 10:02:55,670 - INFO - Strategy MTM: Momentum Buy (NIFTY2631723650CE): -536.25 | LTP: 319.45
2026-03-12 10:02:56,702 - INFO - Strategy MTM: Momentum Buy (NIFTY2631723650CE): -468.00 | LTP: 319.8
2026-03-12 10:02:57,741 - INFO - Strategy MTM: Momentum Buy (NIFTY2631723650CE): -604.50 | LTP: 319.1
2026-03-12 10:02:58,803 - INFO - Strategy MTM: Momentum Buy (NIFTY2631723650CE): -741.00 | LTP: 318.4
2026-03-12 10:02:59,867 - INFO - Strategy MTM: Momentum Buy (NIFTY2631723650CE): -458.25 | LTP: 319.85
2026-03-12 10:03:00,898 - INFO - Strategy MTM: Momentum Buy (NIFTY2631723650CE): -516.75 | LTP: 319.55
2026-03-12 10:03:01,953 - INFO - Strategy MTM: Momentum Buy (NIFTY2631723650CE): -468.00 | LTP: 319.8
2026-03-12 10:03:03,024 - INFO - Strategy MTM: Momentum Buy (NIFTY2631723650CE): -409.50 | LTP: 320.1
2026-03-12 10:03:04,065 - INFO - Strategy MTM: Momentum Buy (NIFTY2631723650CE): -360.75 | LTP: 320.35
2026-03-12 10:03:05,118 - INFO - Strategy MTM: Momentum Buy (NIFTY2631723650CE): -438.75 | LTP: 319.95
2026-03-12 10:03:06,168 - INFO - Strategy MTM: Momentum Buy (NIFTY2631723650CE): -780.00 | LTP: 318.2
2026-03-12 10:03:07,201 - INFO - Strategy MTM: Momentum Buy (NIFTY2631723650CE): -760.50 | LTP: 318.3
2026-03-12 10:03:08,303 - INFO - Strategy MTM: Momentum Buy (NIFTY2631723650CE): -877.50 | LTP: 317.7
2026-03-12 10:03:09,491 - INFO - Strategy MTM: Momentum Buy (NIFTY2631723650CE): -848.25 | LTP: 317.85
2026-03-12 10:03:10,553 - INFO - Strategy MTM: Momentum Buy (NIFTY2631723650CE): -838.50 | LTP: 317.9
2026-03-12 10:03:11,584 - INFO - Strategy MTM: Momentum Buy (NIFTY2631723650CE): -1287.00 | LTP: 315.6
2026-03-12 10:03:12,631 - INFO - Strategy MTM: Momentum Buy (NIFTY2631723650CE): -1540.50 | LTP: 314.3
2026-03-12 10:03:13,678 - INFO - Strategy MTM: Momentum Buy (NIFTY2631723650CE): -1540.50 | LTP: 314.3
2026-03-12 10:03:14,756 - INFO - Strategy MTM: Momentum Buy (NIFTY2631723650CE): -1560.00 | LTP: 314.2
2026-03-12 10:03:17,024 - INFO - Strategy MTM: Momentum Buy (NIFTY2631723650CE): -1121.25 | LTP: 316.45
2026-03-12 10:03:18,063 - INFO - Strategy MTM: Momentum Buy (NIFTY2631723650CE): -848.25 | LTP: 317.85
2026-03-12 10:03:19,120 - INFO - Strategy MTM: Momentum Buy (NIFTY2631723650CE): -1062.75 | LTP: 316.75
2026-03-12 10:03:20,159 - INFO - Strategy MTM: Momentum Buy (NIFTY2631723650CE): -1179.75 | LTP: 316.15
2026-03-12 10:03:21,230 - INFO - Strategy MTM: Momentum Buy (NIFTY2631723650CE): -1160.25 | LTP: 316.25
2026-03-12 10:03:22,269 - INFO - Strategy MTM: Momentum Buy (NIFTY2631723650CE): -887.25 | LTP: 317.65
2026-03-12 10:03:23,309 - INFO - Strategy MTM: Momentum Buy (NIFTY2631723650CE): -1072.50 | LTP: 316.7
2026-03-12 10:03:24,370 - INFO - Strategy MTM: Momentum Buy (NIFTY2631723650CE): -1101.75 | LTP: 316.55
2026-03-12 10:03:25,401 - INFO - Strategy MTM: Momentum Buy (NIFTY2631723650CE): -926.25 | LTP: 317.45
2026-03-12 10:03:26,462 - INFO - Strategy MTM: Momentum Buy (NIFTY2631723650CE): -887.25 | LTP: 317.65
2026-03-12 10:03:27,603 - INFO - Strategy MTM: Momentum Buy (NIFTY2631723650CE): -1014.00 | LTP: 317
2026-03-12 10:03:28,775 - INFO - Strategy MTM: Momentum Buy (NIFTY2631723650CE): -1082.25 | LTP: 316.65
2026-03-12 10:03:29,823 - INFO - Strategy MTM: Momentum Buy (NIFTY2631723650CE): -1082.25 | LTP: 316.65
2026-03-12 10:03:30,876 - INFO - Strategy MTM: Momentum Buy (NIFTY2631723650CE): -1111.50 | LTP: 316.5
2026-03-12 10:03:31,933 - INFO - Strategy MTM: Momentum Buy (NIFTY2631723650CE): -1238.25 | LTP: 315.85
2026-03-12 10:03:32,963 - INFO - Strategy MTM: Momentum Buy (NIFTY2631723650CE): -1267.50 | LTP: 315.7
2026-03-12 10:03:34,010 - INFO - Strategy MTM: Momentum Buy (NIFTY2631723650CE): -1062.75 | LTP: 316.75
2026-03-12 10:03:35,173 - INFO - Strategy MTM: Momentum Buy (NIFTY2631723650CE): -1053.00 | LTP: 316.8
2026-03-12 10:03:36,221 - INFO - Strategy MTM: Momentum Buy (NIFTY2631723650CE): -1287.00 | LTP: 315.6
2026-03-12 10:03:37,268 - INFO - Strategy MTM: Momentum Buy (NIFTY2631723650CE): -1326.00 | LTP: 315.4
2026-03-12 10:03:38,314 - INFO - Strategy MTM: Momentum Buy (NIFTY2631723650CE): -1374.75 | LTP: 315.15
2026-03-12 10:03:39,362 - INFO - Strategy MTM: Momentum Buy (NIFTY2631723650CE): -1404.00 | LTP: 315
2026-03-12 10:03:40,407 - INFO - Strategy MTM: Momentum Buy (NIFTY2631723650CE): -1452.75 | LTP: 314.75
2026-03-12 10:03:41,448 - INFO - Strategy MTM: Momentum Buy (NIFTY2631723650CE): -1599.00 | LTP: 314
2026-03-12 10:03:42,502 - INFO - Strategy MTM: Momentum Buy (NIFTY2631723650CE): -1365.00 | LTP: 315.2
2026-03-12 10:03:43,551 - INFO - Strategy MTM: Momentum Buy (NIFTY2631723650CE): -1365.00 | LTP: 315.2
2026-03-12 10:03:44,613 - INFO - Strategy MTM: Momentum Buy (NIFTY2631723650CE): -1657.50 | LTP: 313.7
2026-03-12 10:03:45,684 - INFO - Strategy MTM: Momentum Buy (NIFTY2631723650CE): -1647.75 | LTP: 313.75
2026-03-12 10:03:46,728 - INFO - Strategy MTM: Momentum Buy (NIFTY2631723650CE): -1716.00 | LTP: 313.4
2026-03-12 10:03:47,783 - INFO - Strategy MTM: Momentum Buy (NIFTY2631723650CE): -2125.50 | LTP: 311.3
2026-03-12 10:03:48,837 - INFO - Strategy MTM: Momentum Buy (NIFTY2631723650CE): -2232.75 | LTP: 310.75
2026-03-12 10:03:49,938 - INFO - Strategy MTM: Momentum Buy (NIFTY2631723650CE): -2154.75 | LTP: 311.15
2026-03-12 10:03:50,990 - INFO - Strategy MTM: Momentum Buy (NIFTY2631723650CE): -2086.50 | LTP: 311.5
2026-03-12 10:03:52,030 - INFO - Strategy MTM: Momentum Buy (NIFTY2631723650CE): -1998.75 | LTP: 311.95
2026-03-12 10:03:53,079 - INFO - Strategy MTM: Momentum Buy (NIFTY2631723650CE): -2184.00 | LTP: 311
2026-03-12 10:03:54,128 - INFO - Strategy MTM: Momentum Buy (NIFTY2631723650CE): -2320.50 | LTP: 310.3
2026-03-12 10:03:55,176 - INFO - Strategy MTM: Momentum Buy (NIFTY2631723650CE): -2330.25 | LTP: 310.25
2026-03-12 10:03:56,216 - INFO - Strategy MTM: Momentum Buy (NIFTY2631723650CE): -2457.00 | LTP: 309.6
2026-03-12 10:03:57,271 - INFO - Strategy MTM: Momentum Buy (NIFTY2631723650CE): -2379.00 | LTP: 310
2026-03-12 10:03:58,328 - INFO - Strategy MTM: Momentum Buy (NIFTY2631723650CE): -2574.00 | LTP: 309
2026-03-12 10:03:59,375 - INFO - Strategy MTM: Momentum Buy (NIFTY2631723650CE): -2320.50 | LTP: 310.3
2026-03-12 10:04:00,451 - INFO - Strategy MTM: Momentum Buy (NIFTY2631723650CE): -2037.75 | LTP: 311.75
2026-03-12 10:04:01,482 - INFO - Strategy MTM: Momentum Buy (NIFTY2631723650CE): -1842.75 | LTP: 312.75
2026-03-12 10:04:02,552 - INFO - Strategy MTM: Momentum Buy (NIFTY2631723650CE): -1608.75 | LTP: 313.95
2026-03-12 10:04:03,600 - INFO - Strategy MTM: Momentum Buy (NIFTY2631723650CE): -1725.75 | LTP: 313.35
2026-03-12 10:04:04,646 - INFO - Strategy MTM: Momentum Buy (NIFTY2631723650CE): -1833.00 | LTP: 312.8
2026-03-12 10:04:05,701 - INFO - Strategy MTM: Momentum Buy (NIFTY2631723650CE): -1784.25 | LTP: 313.05
2026-03-12 10:04:06,753 - INFO - Strategy MTM: Momentum Buy (NIFTY2631723650CE): -1901.25 | LTP: 312.45
2026-03-12 10:04:07,913 - INFO - Strategy MTM: Momentum Buy (NIFTY2631723650CE): -1852.50 | LTP: 312.7
2026-03-12 10:04:08,969 - INFO - Strategy MTM: Momentum Buy (NIFTY2631723650CE): -1686.75 | LTP: 313.55
2026-03-12 10:04:10,015 - INFO - Strategy MTM: Momentum Buy (NIFTY2631723650CE): -1579.50 | LTP: 314.1
2026-03-12 10:04:11,070 - INFO - Strategy MTM: Momentum Buy (NIFTY2631723650CE): -1755.00 | LTP: 313.2
2026-03-12 10:04:12,117 - INFO - Strategy MTM: Momentum Buy (NIFTY2631723650CE): -1784.25 | LTP: 313.05
2026-03-12 10:04:13,148 - INFO - Strategy MTM: Momentum Buy (NIFTY2631723650CE): -1774.50 | LTP: 313.1
2026-03-12 10:04:14,193 - INFO - Strategy MTM: Momentum Buy (NIFTY2631723650CE): -1550.25 | LTP: 314.25
2026-03-12 10:04:15,235 - INFO - Strategy MTM: Momentum Buy (NIFTY2631723650CE): -1608.75 | LTP: 313.95
2026-03-12 10:04:16,283 - INFO - Strategy MTM: Momentum Buy (NIFTY2631723650CE): -1696.50 | LTP: 313.5
2026-03-12 10:04:17,322 - INFO - Strategy MTM: Momentum Buy (NIFTY2631723650CE): -1599.00 | LTP: 314
2026-03-12 10:04:18,368 - INFO - Strategy MTM: Momentum Buy (NIFTY2631723650CE): -1881.75 | LTP: 312.55
2026-03-12 10:04:19,424 - INFO - Strategy MTM: Momentum Buy (NIFTY2631723650CE): -1891.50 | LTP: 312.5
2026-03-12 10:04:20,473 - INFO - Strategy MTM: Momentum Buy (NIFTY2631723650CE): -1930.50 | LTP: 312.3
2026-03-12 10:04:21,521 - INFO - Strategy MTM: Momentum Buy (NIFTY2631723650CE): -1852.50 | LTP: 312.7
2026-03-12 10:04:22,567 - INFO - Strategy MTM: Momentum Buy (NIFTY2631723650CE): -1959.75 | LTP: 312.15
2026-03-12 10:04:23,607 - INFO - Strategy MTM: Momentum Buy (NIFTY2631723650CE): -2388.75 | LTP: 309.95
2026-03-12 10:04:24,654 - INFO - Strategy MTM: Momentum Buy (NIFTY2631723650CE): -2418.00 | LTP: 309.8
2026-03-12 10:04:25,718 - INFO - Strategy MTM: Momentum Buy (NIFTY2631723650CE): -2437.50 | LTP: 309.7
2026-03-12 10:04:26,765 - INFO - Strategy MTM: Momentum Buy (NIFTY2631723650CE): -2681.25 | LTP: 308.45
2026-03-12 10:04:27,812 - INFO - Strategy MTM: Momentum Buy (NIFTY2631723650CE): -2769.00 | LTP: 308
2026-03-12 10:04:28,858 - INFO - Strategy MTM: Momentum Buy (NIFTY2631723650CE): -2817.75 | LTP: 307.75
2026-03-12 10:04:29,903 - INFO - Strategy MTM: Momentum Buy (NIFTY2631723650CE): -2866.50 | LTP: 307.5
2026-03-12 10:04:30,950 - INFO - Strategy MTM: Momentum Buy (NIFTY2631723650CE): -2827.50 | LTP: 307.7
2026-03-12 10:04:31,997 - INFO - Strategy MTM: Momentum Buy (NIFTY2631723650CE): -2603.25 | LTP: 308.85
2026-03-12 10:04:33,042 - INFO - Strategy MTM: Momentum Buy (NIFTY2631723650CE): -2613.00 | LTP: 308.8
2026-03-12 10:04:34,090 - INFO - Strategy MTM: Momentum Buy (NIFTY2631723650CE): -2466.75 | LTP: 309.55
2026-03-12 10:04:35,129 - INFO - Strategy MTM: Momentum Buy (NIFTY2631723650CE): -2544.75 | LTP: 309.15
2026-03-12 10:04:36,166 - INFO - Strategy MTM: Momentum Buy (NIFTY2631723650CE): -2671.50 | LTP: 308.5
2026-03-12 10:04:37,218 - INFO - Strategy MTM: Momentum Buy (NIFTY2631723650CE): -2759.25 | LTP: 308.05
2026-03-12 10:04:38,262 - INFO - Strategy MTM: Momentum Buy (NIFTY2631723650CE): -2847.00 | LTP: 307.6
2026-03-12 10:04:39,291 - INFO - Strategy MTM: Momentum Buy (NIFTY2631723650CE): -2954.25 | LTP: 307.05
2026-03-12 10:04:40,362 - INFO - Strategy MTM: Momentum Buy (NIFTY2631723650CE): -2837.25 | LTP: 307.65
2026-03-12 10:04:41,430 - INFO - Strategy MTM: Momentum Buy (NIFTY2631723650CE): -2730.00 | LTP: 308.2
2026-03-12 10:04:42,907 - INFO - Strategy MTM: Momentum Buy (NIFTY2631723650CE): -2661.75 | LTP: 308.55
2026-03-12 10:04:44,640 - INFO - Strategy MTM: Momentum Buy (NIFTY2631723650CE): -2379.00 | LTP: 310
2026-03-12 10:04:46,026 - INFO - Strategy MTM: Momentum Buy (NIFTY2631723650CE): -2496.00 | LTP: 309.4
2026-03-12 10:04:47,274 - INFO - Strategy MTM: Momentum Buy (NIFTY2631723650CE): -2525.25 | LTP: 309.25
2026-03-12 10:04:48,602 - INFO - Strategy MTM: Momentum Buy (NIFTY2631723650CE): -2379.00 | LTP: 310
2026-03-12 10:04:49,669 - INFO - Strategy MTM: Momentum Buy (NIFTY2631723650CE): -2379.00 | LTP: 310
2026-03-12 10:04:51,075 - INFO - Strategy MTM: Momentum Buy (NIFTY2631723650CE): -2496.00 | LTP: 309.4
2026-03-12 10:04:52,182 - INFO - Strategy MTM: Momentum Buy (NIFTY2631723650CE): -2554.50 | LTP: 309.1
2026-03-12 10:04:53,260 - INFO - Strategy MTM: Momentum Buy (NIFTY2631723650CE): -2408.25 | LTP: 309.85
2026-03-12 10:04:54,318 - INFO - Strategy MTM: Momentum Buy (NIFTY2631723650CE): -2330.25 | LTP: 310.25
2026-03-12 10:04:55,386 - INFO - Strategy MTM: Momentum Buy (NIFTY2631723650CE): -2310.75 | LTP: 310.35
2026-03-12 10:04:56,466 - INFO - Strategy MTM: Momentum Buy (NIFTY2631723650CE): -2291.25 | LTP: 310.45
2026-03-12 10:04:57,808 - INFO - Strategy MTM: Momentum Buy (NIFTY2631723650CE): -2691.00 | LTP: 308.4
2026-03-12 10:04:59,236 - INFO - Strategy MTM: Momentum Buy (NIFTY2631723650CE): -2525.25 | LTP: 309.25
2026-03-12 10:05:00,295 - INFO - Strategy MTM: Momentum Buy (NIFTY2631723650CE): -2574.00 | LTP: 309
2026-03-12 10:05:01,382 - INFO - Strategy MTM: Momentum Buy (NIFTY2631723650CE): -2554.50 | LTP: 309.1
2026-03-12 10:05:02,432 - INFO - Strategy MTM: Momentum Buy (NIFTY2631723650CE): -2769.00 | LTP: 308
2026-03-12 10:05:03,469 - INFO - Strategy MTM: Momentum Buy (NIFTY2631723650CE): -2769.00 | LTP: 308
2026-03-12 10:05:04,529 - INFO - Strategy MTM: Momentum Buy (NIFTY2631723650CE): -3120.00 | LTP: 306.2
2026-03-12 10:05:05,579 - INFO - Strategy MTM: Momentum Buy (NIFTY2631723650CE): -3090.75 | LTP: 306.35
2026-03-12 10:05:06,638 - INFO - Strategy MTM: Momentum Buy (NIFTY2631723650CE): -3129.75 | LTP: 306.15
2026-03-12 10:05:07,684 - INFO - Strategy MTM: Momentum Buy (NIFTY2631723650CE): -3129.75 | LTP: 306.15
2026-03-12 10:05:08,724 - INFO - Strategy MTM: Momentum Buy (NIFTY2631723650CE): -3129.75 | LTP: 306.15
2026-03-12 10:05:09,779 - INFO - Strategy MTM: Momentum Buy (NIFTY2631723650CE): -3129.75 | LTP: 306.15
2026-03-12 10:05:10,822 - INFO - Strategy MTM: Momentum Buy (NIFTY2631723650CE): -3227.25 | LTP: 305.65
2026-03-12 10:05:10,976 - INFO - ORB Check [10:00:00]: C=23761.1, ORB_H=23749.9, ORB_L=23640, VWAP=23696.01, VolMA(5)=141700.00, Vol=132925, ATR14=41.07
2026-03-12 10:05:12,041 - INFO - Strategy MTM: Momentum Buy (NIFTY2631723650CE): -3471.00 | LTP: 304.4
2026-03-12 10:05:13,143 - INFO - Strategy MTM: Momentum Buy (NIFTY2631723650CE): -3441.75 | LTP: 304.55
2026-03-12 10:05:14,308 - INFO - Strategy MTM: Momentum Buy (NIFTY2631723650CE): -3705.00 | LTP: 303.2
2026-03-12 10:05:14,314 - INFO - SL Hit for NIFTY2631723650CE at 303.2. Exiting...
2026-03-12 10:05:14,447 - INFO - Order placed. ID: 260312150539467
2026-03-12 10:05:14,447 - INFO - Order Placed: SELL NIFTY2631723650CE Qty=195 ID=260312150539467
2026-03-12 10:05:14,521 - INFO - Trade logged to logs\2026-03-12\trades.csv: MomentumBuy SELL NIFTY2631723650CE
2026-03-12 10:05:14,528 - INFO - Momentum Trade Exited.
2026-03-12 10:05:15,734 - INFO - Momentum Check: Time=2026-03-12 09:55:00+05:30, O=23657, C=23677.85, H = 23696.75, L = 23643.75, TotalSize=53.0, BodySize=20.849999999998545, ATR14=47.69,Tolerance=5.00, Threshold=47.69
2026-03-12 10:10:10,727 - INFO - ORB Check [10:05:00]: C=23711.7, ORB_H=23749.9, ORB_L=23640, VWAP=23697.33, VolMA(5)=126555.00, Vol=113360, ATR14=40.04
2026-03-12 10:15:10,460 - INFO - Momentum Check: Time=2026-03-12 10:05:00+05:30, O=23679.85, C=23610.15, H = 23679.85, L = 23605.35, TotalSize=74.5, BodySize=69.69999999999709, ATR14=49.64,Tolerance=5.00, Threshold=49.64
2026-03-12 10:15:10,471 - INFO - Momentum Signal! BUY_PE NIFTY2631723600PE. Spot: 23610.15, SL Level: 23679.85
2026-03-12 10:15:10,528 - INFO - Order placed. ID: 260312150602880
2026-03-12 10:15:10,536 - INFO - Order Placed: BUY NIFTY2631723600PE Qty=195 ID=260312150602880
2026-03-12 10:15:10,585 - INFO - Trade logged to logs\2026-03-12\trades.csv: MomentumBuy BUY NIFTY2631723600PE
2026-03-12 10:15:10,650 - INFO - Entered NIFTY2631723600PE at 265.35. Initial SL: 245.35000000000002
2026-03-12 10:15:10,917 - INFO - ORB Check [10:10:00]: C=23690, ORB_H=23749.9, ORB_L=23640, VWAP=23697.41, VolMA(5)=136422.00, Vol=79170, ATR14=42.44
2026-03-12 10:15:11,982 - INFO - Strategy MTM: Momentum Buy (NIFTY2631723600PE): 48.75 | LTP: 265.6
2026-03-12 10:15:11,982 - INFO - Trailing SL Updated for NIFTY2631723600PE: 245.60000000000002 (LTP: 265.6)
2026-03-12 10:15:13,172 - INFO - Strategy MTM: Momentum Buy (NIFTY2631723600PE): -78.00 | LTP: 264.95
2026-03-12 10:15:14,297 - INFO - Strategy MTM: Momentum Buy (NIFTY2631723600PE): -78.00 | LTP: 264.95
2026-03-12 10:15:15,440 - INFO - Strategy MTM: Momentum Buy (NIFTY2631723600PE): -87.75 | LTP: 264.9
2026-03-12 10:15:16,577 - INFO - Strategy MTM: Momentum Buy (NIFTY2631723600PE): 9.75 | LTP: 265.4
2026-03-12 10:15:17,711 - INFO - Strategy MTM: Momentum Buy (NIFTY2631723600PE): -29.25 | LTP: 265.2
2026-03-12 10:15:18,832 - INFO - Strategy MTM: Momentum Buy (NIFTY2631723600PE): 19.50 | LTP: 265.45
2026-03-12 10:15:19,959 - INFO - Strategy MTM: Momentum Buy (NIFTY2631723600PE): -58.50 | LTP: 265.05
2026-03-12 10:15:21,104 - INFO - Strategy MTM: Momentum Buy (NIFTY2631723600PE): -97.50 | LTP: 264.85
2026-03-12 10:15:22,266 - INFO - Strategy MTM: Momentum Buy (NIFTY2631723600PE): -370.50 | LTP: 263.45
2026-03-12 10:15:23,380 - INFO - Strategy MTM: Momentum Buy (NIFTY2631723600PE): -341.25 | LTP: 263.6
2026-03-12 10:15:24,517 - INFO - Strategy MTM: Momentum Buy (NIFTY2631723600PE): -390.00 | LTP: 263.35
2026-03-12 10:15:25,657 - INFO - Strategy MTM: Momentum Buy (NIFTY2631723600PE): -438.75 | LTP: 263.1
2026-03-12 10:15:26,784 - INFO - Strategy MTM: Momentum Buy (NIFTY2631723600PE): -438.75 | LTP: 263.1
2026-03-12 10:15:27,909 - INFO - Strategy MTM: Momentum Buy (NIFTY2631723600PE): -292.50 | LTP: 263.85
2026-03-12 10:15:29,072 - INFO - Strategy MTM: Momentum Buy (NIFTY2631723600PE): -351.00 | LTP: 263.55
2026-03-12 10:15:30,180 - INFO - Strategy MTM: Momentum Buy (NIFTY2631723600PE): -68.25 | LTP: 265
2026-03-12 10:15:31,321 - INFO - Strategy MTM: Momentum Buy (NIFTY2631723600PE): -97.50 | LTP: 264.85
2026-03-12 10:15:32,453 - INFO - Strategy MTM: Momentum Buy (NIFTY2631723600PE): -48.75 | LTP: 265.1
2026-03-12 10:15:33,584 - INFO - Strategy MTM: Momentum Buy (NIFTY2631723600PE): -97.50 | LTP: 264.85
2026-03-12 10:15:34,709 - INFO - Strategy MTM: Momentum Buy (NIFTY2631723600PE): 78.00 | LTP: 265.75
2026-03-12 10:15:34,709 - INFO - Trailing SL Updated for NIFTY2631723600PE: 245.75 (LTP: 265.75)
2026-03-12 10:15:35,840 - INFO - Strategy MTM: Momentum Buy (NIFTY2631723600PE): 87.75 | LTP: 265.8
2026-03-12 10:15:35,840 - INFO - Trailing SL Updated for NIFTY2631723600PE: 245.8 (LTP: 265.8)
2026-03-12 10:15:36,965 - INFO - Strategy MTM: Momentum Buy (NIFTY2631723600PE): 282.75 | LTP: 266.8
2026-03-12 10:15:36,965 - INFO - Trailing SL Updated for NIFTY2631723600PE: 246.8 (LTP: 266.8)
2026-03-12 10:15:38,103 - INFO - Strategy MTM: Momentum Buy (NIFTY2631723600PE): 282.75 | LTP: 266.8
2026-03-12 10:15:39,235 - INFO - Strategy MTM: Momentum Buy (NIFTY2631723600PE): 282.75 | LTP: 266.8
2026-03-12 10:15:40,360 - INFO - Strategy MTM: Momentum Buy (NIFTY2631723600PE): 253.50 | LTP: 266.65
2026-03-12 10:15:41,518 - INFO - Strategy MTM: Momentum Buy (NIFTY2631723600PE): 68.25 | LTP: 265.7
2026-03-12 10:15:42,678 - INFO - Strategy MTM: Momentum Buy (NIFTY2631723600PE): -165.75 | LTP: 264.5
2026-03-12 10:15:43,802 - INFO - Strategy MTM: Momentum Buy (NIFTY2631723600PE): -117.00 | LTP: 264.75
2026-03-12 10:15:44,913 - INFO - Strategy MTM: Momentum Buy (NIFTY2631723600PE): -273.00 | LTP: 263.95
2026-03-12 10:15:46,026 - INFO - Strategy MTM: Momentum Buy (NIFTY2631723600PE): -292.50 | LTP: 263.85
2026-03-12 10:15:47,174 - INFO - Strategy MTM: Momentum Buy (NIFTY2631723600PE): -107.25 | LTP: 264.8
2026-03-12 10:15:48,313 - INFO - Strategy MTM: Momentum Buy (NIFTY2631723600PE): -117.00 | LTP: 264.75
2026-03-12 10:15:49,473 - INFO - Strategy MTM: Momentum Buy (NIFTY2631723600PE): -243.75 | LTP: 264.1
2026-03-12 10:15:50,610 - INFO - Strategy MTM: Momentum Buy (NIFTY2631723600PE): -263.25 | LTP: 264
2026-03-12 10:15:51,770 - INFO - Strategy MTM: Momentum Buy (NIFTY2631723600PE): -341.25 | LTP: 263.6
2026-03-12 10:15:52,915 - INFO - Strategy MTM: Momentum Buy (NIFTY2631723600PE): -39.00 | LTP: 265.15
2026-03-12 10:15:54,046 - INFO - Strategy MTM: Momentum Buy (NIFTY2631723600PE): 9.75 | LTP: 265.4
2026-03-12 10:15:55,197 - INFO - Strategy MTM: Momentum Buy (NIFTY2631723600PE): 29.25 | LTP: 265.5
2026-03-12 10:15:56,334 - INFO - Strategy MTM: Momentum Buy (NIFTY2631723600PE): 48.75 | LTP: 265.6
2026-03-12 10:15:57,511 - INFO - Strategy MTM: Momentum Buy (NIFTY2631723600PE): 68.25 | LTP: 265.7
2026-03-12 10:15:58,668 - INFO - Strategy MTM: Momentum Buy (NIFTY2631723600PE): 97.50 | LTP: 265.85
2026-03-12 10:15:59,810 - INFO - Strategy MTM: Momentum Buy (NIFTY2631723600PE): 165.75 | LTP: 266.2
2026-03-12 10:16:00,982 - INFO - Strategy MTM: Momentum Buy (NIFTY2631723600PE): 409.50 | LTP: 267.45
2026-03-12 10:16:00,982 - INFO - Trailing SL Updated for NIFTY2631723600PE: 247.45 (LTP: 267.45)
2026-03-12 10:16:02,027 - INFO - Strategy MTM: Momentum Buy (NIFTY2631723600PE): 399.75 | LTP: 267.4
2026-03-12 10:16:03,076 - INFO - Strategy MTM: Momentum Buy (NIFTY2631723600PE): 458.25 | LTP: 267.7
2026-03-12 10:16:03,082 - INFO - Trailing SL Updated for NIFTY2631723600PE: 247.7 (LTP: 267.7)
2026-03-12 10:16:04,117 - INFO - Strategy MTM: Momentum Buy (NIFTY2631723600PE): 243.75 | LTP: 266.6
2026-03-12 10:16:05,179 - INFO - Strategy MTM: Momentum Buy (NIFTY2631723600PE): 380.25 | LTP: 267.3
2026-03-12 10:16:06,245 - INFO - Strategy MTM: Momentum Buy (NIFTY2631723600PE): 331.50 | LTP: 267.05
2026-03-12 10:16:07,284 - INFO - Strategy MTM: Momentum Buy (NIFTY2631723600PE): 204.75 | LTP: 266.4
2026-03-12 10:16:08,361 - INFO - Strategy MTM: Momentum Buy (NIFTY2631723600PE): 370.50 | LTP: 267.25
2026-03-12 10:16:09,399 - INFO - Strategy MTM: Momentum Buy (NIFTY2631723600PE): 214.50 | LTP: 266.45
2026-03-12 10:16:10,461 - INFO - Strategy MTM: Momentum Buy (NIFTY2631723600PE): -9.75 | LTP: 265.3
2026-03-12 10:16:11,499 - INFO - Strategy MTM: Momentum Buy (NIFTY2631723600PE): -97.50 | LTP: 264.85
2026-03-12 10:16:12,562 - INFO - Strategy MTM: Momentum Buy (NIFTY2631723600PE): -48.75 | LTP: 265.1
2026-03-12 10:16:13,599 - INFO - Strategy MTM: Momentum Buy (NIFTY2631723600PE): -39.00 | LTP: 265.15
2026-03-12 10:16:14,664 - INFO - Strategy MTM: Momentum Buy (NIFTY2631723600PE): 97.50 | LTP: 265.85
2026-03-12 10:16:15,722 - INFO - Strategy MTM: Momentum Buy (NIFTY2631723600PE): -175.50 | LTP: 264.45
2026-03-12 10:16:16,768 - INFO - Strategy MTM: Momentum Buy (NIFTY2631723600PE): 165.75 | LTP: 266.2
2026-03-12 10:16:17,816 - INFO - Strategy MTM: Momentum Buy (NIFTY2631723600PE): 273.00 | LTP: 266.75
2026-03-12 10:16:18,853 - INFO - Strategy MTM: Momentum Buy (NIFTY2631723600PE): 204.75 | LTP: 266.4
2026-03-12 10:16:19,935 - INFO - Strategy MTM: Momentum Buy (NIFTY2631723600PE): 516.75 | LTP: 268
2026-03-12 10:16:19,935 - INFO - Trailing SL Updated for NIFTY2631723600PE: 248 (LTP: 268)
2026-03-12 10:16:20,985 - INFO - Strategy MTM: Momentum Buy (NIFTY2631723600PE): 438.75 | LTP: 267.6
2026-03-12 10:16:22,036 - INFO - Strategy MTM: Momentum Buy (NIFTY2631723600PE): 711.75 | LTP: 269
2026-03-12 10:16:22,036 - INFO - Trailing SL Updated for NIFTY2631723600PE: 249 (LTP: 269)
2026-03-12 10:16:23,089 - INFO - Strategy MTM: Momentum Buy (NIFTY2631723600PE): 916.50 | LTP: 270.05
2026-03-12 10:16:23,089 - INFO - Trailing SL Updated for NIFTY2631723600PE: 250.05 (LTP: 270.05)
2026-03-12 10:16:24,139 - INFO - Strategy MTM: Momentum Buy (NIFTY2631723600PE): 1023.75 | LTP: 270.6
2026-03-12 10:16:24,139 - INFO - Trailing SL Updated for NIFTY2631723600PE: 250.60000000000002 (LTP: 270.6)
2026-03-12 10:16:25,213 - INFO - Strategy MTM: Momentum Buy (NIFTY2631723600PE): 1023.75 | LTP: 270.6
2026-03-12 10:16:26,256 - INFO - Strategy MTM: Momentum Buy (NIFTY2631723600PE): 955.50 | LTP: 270.25
2026-03-12 10:16:27,292 - INFO - Strategy MTM: Momentum Buy (NIFTY2631723600PE): 926.25 | LTP: 270.1
2026-03-12 10:16:28,343 - INFO - Strategy MTM: Momentum Buy (NIFTY2631723600PE): 770.25 | LTP: 269.3
2026-03-12 10:16:29,408 - INFO - Strategy MTM: Momentum Buy (NIFTY2631723600PE): 731.25 | LTP: 269.1
2026-03-12 10:16:30,473 - INFO - Strategy MTM: Momentum Buy (NIFTY2631723600PE): 867.75 | LTP: 269.8
2026-03-12 10:16:31,523 - INFO - Strategy MTM: Momentum Buy (NIFTY2631723600PE): 906.75 | LTP: 270
2026-03-12 10:16:32,588 - INFO - Strategy MTM: Momentum Buy (NIFTY2631723600PE): 926.25 | LTP: 270.1
2026-03-12 10:16:33,640 - INFO - Strategy MTM: Momentum Buy (NIFTY2631723600PE): 1033.50 | LTP: 270.65
2026-03-12 10:16:33,640 - INFO - Trailing SL Updated for NIFTY2631723600PE: 250.64999999999998 (LTP: 270.65)
2026-03-12 10:16:34,690 - INFO - Strategy MTM: Momentum Buy (NIFTY2631723600PE): 1150.50 | LTP: 271.25
2026-03-12 10:16:34,690 - INFO - Trailing SL Updated for NIFTY2631723600PE: 251.25 (LTP: 271.25)
2026-03-12 10:16:35,725 - INFO - Strategy MTM: Momentum Buy (NIFTY2631723600PE): 1160.25 | LTP: 271.3
2026-03-12 10:16:35,741 - INFO - Trailing SL Updated for NIFTY2631723600PE: 251.3 (LTP: 271.3)
2026-03-12 10:16:36,793 - INFO - Strategy MTM: Momentum Buy (NIFTY2631723600PE): 1140.75 | LTP: 271.2
2026-03-12 10:16:37,859 - INFO - Strategy MTM: Momentum Buy (NIFTY2631723600PE): 1257.75 | LTP: 271.8
2026-03-12 10:16:37,859 - INFO - Trailing SL Updated for NIFTY2631723600PE: 251.8 (LTP: 271.8)
2026-03-12 10:16:38,913 - INFO - Strategy MTM: Momentum Buy (NIFTY2631723600PE): 1228.50 | LTP: 271.65
2026-03-12 10:16:39,964 - INFO - Strategy MTM: Momentum Buy (NIFTY2631723600PE): 1228.50 | LTP: 271.65
2026-03-12 10:16:41,028 - INFO - Strategy MTM: Momentum Buy (NIFTY2631723600PE): 1170.00 | LTP: 271.35
2026-03-12 10:16:42,086 - INFO - Strategy MTM: Momentum Buy (NIFTY2631723600PE): 1014.00 | LTP: 270.55
2026-03-12 10:16:43,144 - INFO - Strategy MTM: Momentum Buy (NIFTY2631723600PE): 809.25 | LTP: 269.5
2026-03-12 10:16:44,194 - INFO - Strategy MTM: Momentum Buy (NIFTY2631723600PE): 828.75 | LTP: 269.6
2026-03-12 10:16:45,277 - INFO - Strategy MTM: Momentum Buy (NIFTY2631723600PE): 1072.50 | LTP: 270.85
2026-03-12 10:16:46,355 - INFO - Strategy MTM: Momentum Buy (NIFTY2631723600PE): 1306.50 | LTP: 272.05
2026-03-12 10:16:46,355 - INFO - Profit Target Hit for NIFTY2631723600PE! MTM: 1306.4999999999977 >= 1300. Exiting...
2026-03-12 10:16:46,437 - INFO - Order placed. ID: 260312150612523
2026-03-12 10:16:46,437 - INFO - Order Placed: SELL NIFTY2631723600PE Qty=195 ID=260312150612523
2026-03-12 10:16:46,502 - INFO - Trade logged to logs\2026-03-12\trades.csv: MomentumBuy SELL NIFTY2631723600PE
2026-03-12 10:16:46,502 - INFO - Momentum Trade Exited.
2026-03-12 10:20:10,820 - INFO - ORB Check [10:15:00]: C=23691, ORB_H=23749.9, ORB_L=23640, VWAP=23697.01, VolMA(5)=137709.00, Vol=84760, ATR14=43.94
2026-03-12 10:25:10,482 - INFO - Momentum Check: Time=2026-03-12 10:15:00+05:30, O=23610.5, C=23616.45, H = 23628.95, L = 23589.9, TotalSize=39.04999999999927, BodySize=5.950000000000728, ATR14=52.80,Tolerance=3.90, Threshold=52.80
2026-03-12 10:25:10,630 - INFO - ORB Check [10:20:00]: C=23696.2, ORB_H=23749.9, ORB_L=23640, VWAP=23697.02, VolMA(5)=123851.00, Vol=59085, ATR14=44.18
2026-03-12 10:30:10,605 - INFO - ORB Check [10:25:00]: C=23751, ORB_H=23749.9, ORB_L=23640, VWAP=23699.38, VolMA(5)=93860.00, Vol=159900, ATR14=43.98
2026-03-12 10:35:10,955 - INFO - Momentum Check: Time=2026-03-12 10:25:00+05:30, O=23617.2, C=23685.45, H = 23690.1, L = 23617.15, TotalSize=72.94999999999709, BodySize=68.25, ATR14=52.14,Tolerance=5.00, Threshold=52.14
2026-03-12 10:35:10,971 - INFO - Momentum Signal! BUY_CE NIFTY2631723700CE. Spot: 23685.45, SL Level: 23617.15
2026-03-12 10:35:11,045 - INFO - Order placed. ID: 260312150720117
2026-03-12 10:35:11,045 - INFO - Order Placed: BUY NIFTY2631723700CE Qty=195 ID=260312150720117
2026-03-12 10:35:11,102 - INFO - Trade logged to logs\2026-03-12\trades.csv: MomentumBuy BUY NIFTY2631723700CE
2026-03-12 10:35:11,150 - INFO - Entered NIFTY2631723700CE at 282.95. Initial SL: 262.95
2026-03-12 10:35:11,248 - INFO - ORB Check [10:30:00]: C=23770, ORB_H=23749.9, ORB_L=23640, VWAP=23700.92, VolMA(5)=99255.00, Vol=84825, ATR14=41.40
2026-03-12 10:35:12,303 - INFO - Strategy MTM: Momentum Buy (NIFTY2631723700CE): 87.75 | LTP: 283.4
2026-03-12 10:35:12,303 - INFO - Trailing SL Updated for NIFTY2631723700CE: 263.4 (LTP: 283.4)
2026-03-12 10:35:13,430 - INFO - Strategy MTM: Momentum Buy (NIFTY2631723700CE): 185.25 | LTP: 283.9
2026-03-12 10:35:13,430 - INFO - Trailing SL Updated for NIFTY2631723700CE: 263.9 (LTP: 283.9)
2026-03-12 10:35:14,578 - INFO - Strategy MTM: Momentum Buy (NIFTY2631723700CE): 360.75 | LTP: 284.8
2026-03-12 10:35:14,578 - INFO - Trailing SL Updated for NIFTY2631723700CE: 264.8 (LTP: 284.8)
2026-03-12 10:35:15,709 - INFO - Strategy MTM: Momentum Buy (NIFTY2631723700CE): -58.50 | LTP: 282.65
2026-03-12 10:35:16,853 - INFO - Strategy MTM: Momentum Buy (NIFTY2631723700CE): 9.75 | LTP: 283
2026-03-12 10:35:18,001 - INFO - Strategy MTM: Momentum Buy (NIFTY2631723700CE): 58.50 | LTP: 283.25
2026-03-12 10:35:19,227 - INFO - Strategy MTM: Momentum Buy (NIFTY2631723700CE): -185.25 | LTP: 282
2026-03-12 10:35:20,387 - INFO - Strategy MTM: Momentum Buy (NIFTY2631723700CE): -360.75 | LTP: 281.1
2026-03-12 10:35:21,530 - INFO - Strategy MTM: Momentum Buy (NIFTY2631723700CE): -331.50 | LTP: 281.25
2026-03-12 10:35:22,671 - INFO - Strategy MTM: Momentum Buy (NIFTY2631723700CE): -175.50 | LTP: 282.05
2026-03-12 10:35:23,801 - INFO - Strategy MTM: Momentum Buy (NIFTY2631723700CE): -273.00 | LTP: 281.55
2026-03-12 10:35:24,956 - INFO - Strategy MTM: Momentum Buy (NIFTY2631723700CE): -848.25 | LTP: 278.6
2026-03-12 10:35:26,077 - INFO - Strategy MTM: Momentum Buy (NIFTY2631723700CE): -965.25 | LTP: 278
2026-03-12 10:35:27,208 - INFO - Strategy MTM: Momentum Buy (NIFTY2631723700CE): -1101.75 | LTP: 277.3
2026-03-12 10:35:28,370 - INFO - Strategy MTM: Momentum Buy (NIFTY2631723700CE): -975.00 | LTP: 277.95
2026-03-12 10:35:29,518 - INFO - Strategy MTM: Momentum Buy (NIFTY2631723700CE): -877.50 | LTP: 278.45
2026-03-12 10:35:30,643 - INFO - Strategy MTM: Momentum Buy (NIFTY2631723700CE): -945.75 | LTP: 278.1
2026-03-12 10:35:31,804 - INFO - Strategy MTM: Momentum Buy (NIFTY2631723700CE): -780.00 | LTP: 278.95
2026-03-12 10:35:32,969 - INFO - Strategy MTM: Momentum Buy (NIFTY2631723700CE): -897.00 | LTP: 278.35
2026-03-12 10:35:34,124 - INFO - Strategy MTM: Momentum Buy (NIFTY2631723700CE): -1170.00 | LTP: 276.95
2026-03-12 10:35:35,366 - INFO - Strategy MTM: Momentum Buy (NIFTY2631723700CE): -936.00 | LTP: 278.15
2026-03-12 10:35:36,511 - INFO - Strategy MTM: Momentum Buy (NIFTY2631723700CE): -750.75 | LTP: 279.1
2026-03-12 10:35:37,655 - INFO - Strategy MTM: Momentum Buy (NIFTY2631723700CE): -828.75 | LTP: 278.7
2026-03-12 10:35:38,801 - INFO - Strategy MTM: Momentum Buy (NIFTY2631723700CE): -1121.25 | LTP: 277.2
2026-03-12 10:35:39,974 - INFO - Strategy MTM: Momentum Buy (NIFTY2631723700CE): -1277.25 | LTP: 276.4
2026-03-12 10:35:41,118 - INFO - Strategy MTM: Momentum Buy (NIFTY2631723700CE): -1140.75 | LTP: 277.1
2026-03-12 10:35:42,247 - INFO - Strategy MTM: Momentum Buy (NIFTY2631723700CE): -1267.50 | LTP: 276.45
2026-03-12 10:35:43,394 - INFO - Strategy MTM: Momentum Buy (NIFTY2631723700CE): -1238.25 | LTP: 276.6
2026-03-12 10:35:44,516 - INFO - Strategy MTM: Momentum Buy (NIFTY2631723700CE): -1199.25 | LTP: 276.8
2026-03-12 10:35:45,639 - INFO - Strategy MTM: Momentum Buy (NIFTY2631723700CE): -1179.75 | LTP: 276.9
2026-03-12 10:35:46,777 - INFO - Strategy MTM: Momentum Buy (NIFTY2631723700CE): -1160.25 | LTP: 277
2026-03-12 10:35:47,912 - INFO - Strategy MTM: Momentum Buy (NIFTY2631723700CE): -1023.75 | LTP: 277.7
2026-03-12 10:35:49,074 - INFO - Strategy MTM: Momentum Buy (NIFTY2631723700CE): -1160.25 | LTP: 277
2026-03-12 10:35:50,216 - INFO - Strategy MTM: Momentum Buy (NIFTY2631723700CE): -1501.50 | LTP: 275.25
2026-03-12 10:35:51,378 - INFO - Strategy MTM: Momentum Buy (NIFTY2631723700CE): -1472.25 | LTP: 275.4
2026-03-12 10:35:52,517 - INFO - Strategy MTM: Momentum Buy (NIFTY2631723700CE): -1394.25 | LTP: 275.8
2026-03-12 10:35:53,681 - INFO - Strategy MTM: Momentum Buy (NIFTY2631723700CE): -1209.00 | LTP: 276.75
2026-03-12 10:35:54,815 - INFO - Strategy MTM: Momentum Buy (NIFTY2631723700CE): -1277.25 | LTP: 276.4
2026-03-12 10:35:55,957 - INFO - Strategy MTM: Momentum Buy (NIFTY2631723700CE): -1394.25 | LTP: 275.8
2026-03-12 10:35:57,100 - INFO - Strategy MTM: Momentum Buy (NIFTY2631723700CE): -1160.25 | LTP: 277
2026-03-12 10:35:58,221 - INFO - Strategy MTM: Momentum Buy (NIFTY2631723700CE): -1316.25 | LTP: 276.2
2026-03-12 10:35:59,373 - INFO - Strategy MTM: Momentum Buy (NIFTY2631723700CE): -1433.25 | LTP: 275.6
2026-03-12 10:36:00,536 - INFO - Strategy MTM: Momentum Buy (NIFTY2631723700CE): -1365.00 | LTP: 275.95
2026-03-12 10:36:01,619 - INFO - Strategy MTM: Momentum Buy (NIFTY2631723700CE): -1755.00 | LTP: 273.95
2026-03-12 10:36:02,662 - INFO - Strategy MTM: Momentum Buy (NIFTY2631723700CE): -1823.25 | LTP: 273.6
2026-03-12 10:36:03,729 - INFO - Strategy MTM: Momentum Buy (NIFTY2631723700CE): -1823.25 | LTP: 273.6
2026-03-12 10:36:04,777 - INFO - Strategy MTM: Momentum Buy (NIFTY2631723700CE): -1511.25 | LTP: 275.2
2026-03-12 10:36:05,844 - INFO - Strategy MTM: Momentum Buy (NIFTY2631723700CE): -1384.50 | LTP: 275.85
2026-03-12 10:36:06,900 - INFO - Strategy MTM: Momentum Buy (NIFTY2631723700CE): -1267.50 | LTP: 276.45
2026-03-12 10:36:08,010 - INFO - Strategy MTM: Momentum Buy (NIFTY2631723700CE): -1248.00 | LTP: 276.55
2026-03-12 10:36:09,065 - INFO - Strategy MTM: Momentum Buy (NIFTY2631723700CE): -1160.25 | LTP: 277
2026-03-12 10:36:10,288 - INFO - Strategy MTM: Momentum Buy (NIFTY2631723700CE): -1218.75 | LTP: 276.7
2026-03-12 10:36:11,364 - INFO - Strategy MTM: Momentum Buy (NIFTY2631723700CE): -955.50 | LTP: 278.05
2026-03-12 10:36:12,441 - INFO - Strategy MTM: Momentum Buy (NIFTY2631723700CE): -965.25 | LTP: 278
2026-03-12 10:36:13,491 - INFO - Strategy MTM: Momentum Buy (NIFTY2631723700CE): -848.25 | LTP: 278.6
2026-03-12 10:36:14,542 - INFO - Strategy MTM: Momentum Buy (NIFTY2631723700CE): -848.25 | LTP: 278.6
2026-03-12 10:36:15,602 - INFO - Strategy MTM: Momentum Buy (NIFTY2631723700CE): -663.00 | LTP: 279.55
2026-03-12 10:36:16,653 - INFO - Strategy MTM: Momentum Buy (NIFTY2631723700CE): -838.50 | LTP: 278.65
2026-03-12 10:36:17,697 - INFO - Strategy MTM: Momentum Buy (NIFTY2631723700CE): -936.00 | LTP: 278.15
2026-03-12 10:36:18,749 - INFO - Strategy MTM: Momentum Buy (NIFTY2631723700CE): -916.50 | LTP: 278.25
2026-03-12 10:36:19,800 - INFO - Strategy MTM: Momentum Buy (NIFTY2631723700CE): -867.75 | LTP: 278.5
2026-03-12 10:36:20,845 - INFO - Strategy MTM: Momentum Buy (NIFTY2631723700CE): -809.25 | LTP: 278.8
2026-03-12 10:36:21,885 - INFO - Strategy MTM: Momentum Buy (NIFTY2631723700CE): -789.75 | LTP: 278.9
2026-03-12 10:36:22,952 - INFO - Strategy MTM: Momentum Buy (NIFTY2631723700CE): -731.25 | LTP: 279.2
2026-03-12 10:36:24,049 - INFO - Strategy MTM: Momentum Buy (NIFTY2631723700CE): -799.50 | LTP: 278.85
2026-03-12 10:36:25,099 - INFO - Strategy MTM: Momentum Buy (NIFTY2631723700CE): -838.50 | LTP: 278.65
2026-03-12 10:36:26,188 - INFO - Strategy MTM: Momentum Buy (NIFTY2631723700CE): -809.25 | LTP: 278.8
2026-03-12 10:36:27,234 - INFO - Strategy MTM: Momentum Buy (NIFTY2631723700CE): -1150.50 | LTP: 277.05
2026-03-12 10:36:28,287 - INFO - Strategy MTM: Momentum Buy (NIFTY2631723700CE): -1043.25 | LTP: 277.6
2026-03-12 10:36:29,345 - INFO - Strategy MTM: Momentum Buy (NIFTY2631723700CE): -1121.25 | LTP: 277.2
2026-03-12 10:36:30,419 - INFO - Strategy MTM: Momentum Buy (NIFTY2631723700CE): -945.75 | LTP: 278.1
2026-03-12 10:36:31,484 - INFO - Strategy MTM: Momentum Buy (NIFTY2631723700CE): -926.25 | LTP: 278.2
2026-03-12 10:36:32,542 - INFO - Strategy MTM: Momentum Buy (NIFTY2631723700CE): -965.25 | LTP: 278
2026-03-12 10:36:33,584 - INFO - Strategy MTM: Momentum Buy (NIFTY2631723700CE): -906.75 | LTP: 278.3
2026-03-12 10:36:34,646 - INFO - Strategy MTM: Momentum Buy (NIFTY2631723700CE): -780.00 | LTP: 278.95
2026-03-12 10:36:35,689 - INFO - Strategy MTM: Momentum Buy (NIFTY2631723700CE): -838.50 | LTP: 278.65
2026-03-12 10:36:36,731 - INFO - Strategy MTM: Momentum Buy (NIFTY2631723700CE): -809.25 | LTP: 278.8
2026-03-12 10:36:37,801 - INFO - Strategy MTM: Momentum Buy (NIFTY2631723700CE): -643.50 | LTP: 279.65
2026-03-12 10:36:38,869 - INFO - Strategy MTM: Momentum Buy (NIFTY2631723700CE): -594.75 | LTP: 279.9
2026-03-12 10:36:39,928 - INFO - Strategy MTM: Momentum Buy (NIFTY2631723700CE): -848.25 | LTP: 278.6
2026-03-12 10:36:40,977 - INFO - Strategy MTM: Momentum Buy (NIFTY2631723700CE): -692.25 | LTP: 279.4
2026-03-12 10:36:42,059 - INFO - Strategy MTM: Momentum Buy (NIFTY2631723700CE): -672.75 | LTP: 279.5
2026-03-12 10:36:43,115 - INFO - Strategy MTM: Momentum Buy (NIFTY2631723700CE): -780.00 | LTP: 278.95
2026-03-12 10:36:44,177 - INFO - Strategy MTM: Momentum Buy (NIFTY2631723700CE): -585.00 | LTP: 279.95
2026-03-12 10:36:45,238 - INFO - Strategy MTM: Momentum Buy (NIFTY2631723700CE): -643.50 | LTP: 279.65
2026-03-12 10:36:46,318 - INFO - Strategy MTM: Momentum Buy (NIFTY2631723700CE): -585.00 | LTP: 279.95
2026-03-12 10:36:47,370 - INFO - Strategy MTM: Momentum Buy (NIFTY2631723700CE): -653.25 | LTP: 279.6
2026-03-12 10:36:48,440 - INFO - Strategy MTM: Momentum Buy (NIFTY2631723700CE): -565.50 | LTP: 280.05
2026-03-12 10:36:49,486 - INFO - Strategy MTM: Momentum Buy (NIFTY2631723700CE): -477.75 | LTP: 280.5
2026-03-12 10:36:50,577 - INFO - Strategy MTM: Momentum Buy (NIFTY2631723700CE): -731.25 | LTP: 279.2
2026-03-12 10:36:51,629 - INFO - Strategy MTM: Momentum Buy (NIFTY2631723700CE): -594.75 | LTP: 279.9
2026-03-12 10:36:52,684 - INFO - Strategy MTM: Momentum Buy (NIFTY2631723700CE): -575.25 | LTP: 280
2026-03-12 10:36:53,736 - INFO - Strategy MTM: Momentum Buy (NIFTY2631723700CE): -507.00 | LTP: 280.35
2026-03-12 10:36:54,785 - INFO - Strategy MTM: Momentum Buy (NIFTY2631723700CE): -390.00 | LTP: 280.95
2026-03-12 10:36:55,859 - INFO - Strategy MTM: Momentum Buy (NIFTY2631723700CE): -419.25 | LTP: 280.8
2026-03-12 10:36:56,920 - INFO - Strategy MTM: Momentum Buy (NIFTY2631723700CE): -126.75 | LTP: 282.3
2026-03-12 10:36:57,985 - INFO - Strategy MTM: Momentum Buy (NIFTY2631723700CE): 68.25 | LTP: 283.3
2026-03-12 10:36:59,177 - INFO - Strategy MTM: Momentum Buy (NIFTY2631723700CE): 175.50 | LTP: 283.85
2026-03-12 10:37:00,226 - INFO - Strategy MTM: Momentum Buy (NIFTY2631723700CE): 370.50 | LTP: 284.85
2026-03-12 10:37:00,229 - INFO - Trailing SL Updated for NIFTY2631723700CE: 264.85 (LTP: 284.85)
2026-03-12 10:37:01,299 - INFO - Strategy MTM: Momentum Buy (NIFTY2631723700CE): 399.75 | LTP: 285
2026-03-12 10:37:01,300 - INFO - Trailing SL Updated for NIFTY2631723700CE: 265 (LTP: 285)
2026-03-12 10:37:02,342 - INFO - Strategy MTM: Momentum Buy (NIFTY2631723700CE): 536.25 | LTP: 285.7
2026-03-12 10:37:02,342 - INFO - Trailing SL Updated for NIFTY2631723700CE: 265.7 (LTP: 285.7)
2026-03-12 10:37:03,416 - INFO - Strategy MTM: Momentum Buy (NIFTY2631723700CE): 477.75 | LTP: 285.4
2026-03-12 10:37:04,503 - INFO - Strategy MTM: Momentum Buy (NIFTY2631723700CE): 429.00 | LTP: 285.15
2026-03-12 10:37:05,556 - INFO - Strategy MTM: Momentum Buy (NIFTY2631723700CE): 409.50 | LTP: 285.05
2026-03-12 10:37:06,632 - INFO - Strategy MTM: Momentum Buy (NIFTY2631723700CE): 516.75 | LTP: 285.6
2026-03-12 10:37:07,685 - INFO - Strategy MTM: Momentum Buy (NIFTY2631723700CE): 536.25 | LTP: 285.7
2026-03-12 10:37:08,728 - INFO - Strategy MTM: Momentum Buy (NIFTY2631723700CE): 789.75 | LTP: 287
2026-03-12 10:37:08,728 - INFO - Trailing SL Updated for NIFTY2631723700CE: 267 (LTP: 287)
2026-03-12 10:37:09,782 - INFO - Strategy MTM: Momentum Buy (NIFTY2631723700CE): 1004.25 | LTP: 288.1
2026-03-12 10:37:09,782 - INFO - Trailing SL Updated for NIFTY2631723700CE: 268.1 (LTP: 288.1)
2026-03-12 10:37:10,820 - INFO - Strategy MTM: Momentum Buy (NIFTY2631723700CE): 1062.75 | LTP: 288.4
2026-03-12 10:37:10,835 - INFO - Trailing SL Updated for NIFTY2631723700CE: 268.4 (LTP: 288.4)
2026-03-12 10:37:11,892 - INFO - Strategy MTM: Momentum Buy (NIFTY2631723700CE): 1131.00 | LTP: 288.75
2026-03-12 10:37:11,900 - INFO - Trailing SL Updated for NIFTY2631723700CE: 268.75 (LTP: 288.75)
2026-03-12 10:37:12,960 - INFO - Strategy MTM: Momentum Buy (NIFTY2631723700CE): 789.75 | LTP: 287
2026-03-12 10:37:14,035 - INFO - Strategy MTM: Momentum Buy (NIFTY2631723700CE): 711.75 | LTP: 286.6
2026-03-12 10:37:16,525 - INFO - Strategy MTM: Momentum Buy (NIFTY2631723700CE): 672.75 | LTP: 286.4
2026-03-12 10:37:17,576 - INFO - Strategy MTM: Momentum Buy (NIFTY2631723700CE): 799.50 | LTP: 287.05
2026-03-12 10:37:18,618 - INFO - Strategy MTM: Momentum Buy (NIFTY2631723700CE): 867.75 | LTP: 287.4
2026-03-12 10:37:19,691 - INFO - Strategy MTM: Momentum Buy (NIFTY2631723700CE): 897.00 | LTP: 287.55
2026-03-12 10:37:20,771 - INFO - Strategy MTM: Momentum Buy (NIFTY2631723700CE): 1131.00 | LTP: 288.75
2026-03-12 10:37:21,863 - INFO - Strategy MTM: Momentum Buy (NIFTY2631723700CE): 1491.75 | LTP: 290.6
2026-03-12 10:37:21,863 - INFO - Profit Target Hit for NIFTY2631723700CE! MTM: 1491.7500000000066 >= 1300. Exiting...
2026-03-12 10:37:21,949 - INFO - Order placed. ID: 260312150732127
2026-03-12 10:37:21,949 - INFO - Order Placed: SELL NIFTY2631723700CE Qty=195 ID=260312150732127
2026-03-12 10:37:22,014 - INFO - Trade logged to logs\2026-03-12\trades.csv: MomentumBuy SELL NIFTY2631723700CE
2026-03-12 10:37:22,016 - INFO - Momentum Trade Exited.
2026-03-12 10:40:10,587 - INFO - ORB Check [10:35:00]: C=23799.7, ORB_H=23749.9, ORB_L=23640, VWAP=23707.17, VolMA(5)=93548.00, Vol=231725, ATR14=42.13
2026-03-12 10:45:10,941 - INFO - Momentum Check: Time=2026-03-12 10:35:00+05:30, O=23686.15, C=23692.7, H = 23721.05, L = 23673.45, TotalSize=47.599999999998545, BodySize=6.549999999999272, ATR14=51.28,Tolerance=4.76, Threshold=51.28
2026-03-12 10:45:11,047 - INFO - ORB Check [10:40:00]: C=23772.5, ORB_H=23749.9, ORB_L=23640, VWAP=23709.63, VolMA(5)=124059.00, Vol=110175, ATR14=43.69
2026-03-12 10:50:10,451 - INFO - ORB Check [10:45:00]: C=23773, ORB_H=23749.9, ORB_L=23640, VWAP=23710.28, VolMA(5)=129142.00, Vol=31655, ATR14=44.33
2026-03-12 10:55:10,955 - INFO - Momentum Check: Time=2026-03-12 10:45:00+05:30, O=23693.4, C=23694.5, H = 23713.65, L = 23669.3, TotalSize=44.35000000000218, BodySize=1.0999999999985448, ATR14=52.84,Tolerance=4.44, Threshold=52.84
2026-03-12 10:55:11,180 - INFO - ORB Check [10:50:00]: C=23776.3, ORB_H=23749.9, ORB_L=23640, VWAP=23711.77, VolMA(5)=123656.00, Vol=77090, ATR14=42.89
2026-03-12 11:00:13,171 - INFO - ORB Check [10:55:00]: C=23820, ORB_H=23749.9, ORB_L=23640, VWAP=23715.51, VolMA(5)=107094.00, Vol=150475, ATR14=43.56
2026-03-12 11:05:10,601 - INFO - Momentum Check: Time=2026-03-12 10:55:00+05:30, O=23695.25, C=23768.75, H = 23768.75, L = 23681.7, TotalSize=87.04999999999927, BodySize=73.5, ATR14=53.44,Tolerance=5.00, Threshold=53.44
2026-03-12 11:05:10,601 - INFO - Momentum Signal! BUY_CE NIFTY2631723750CE. Spot: 23768.75, SL Level: 23681.7
2026-03-12 11:05:10,683 - INFO - Order placed. ID: 260312150877258
2026-03-12 11:05:10,691 - INFO - Order Placed: BUY NIFTY2631723750CE Qty=195 ID=260312150877258
2026-03-12 11:05:10,764 - INFO - Trade logged to logs\2026-03-12\trades.csv: MomentumBuy BUY NIFTY2631723750CE
2026-03-12 11:05:10,821 - INFO - Entered NIFTY2631723750CE at 292. Initial SL: 272
2026-03-12 11:05:11,588 - INFO - ORB Check [11:00:00]: C=23848.9, ORB_H=23749.9, ORB_L=23640, VWAP=23720.58, VolMA(5)=120224.00, Vol=152490, ATR14=45.66
2026-03-12 11:05:12,633 - INFO - Strategy MTM: Momentum Buy (NIFTY2631723750CE): -565.50 | LTP: 289.1
2026-03-12 11:05:14,746 - INFO - Strategy MTM: Momentum Buy (NIFTY2631723750CE): -1121.25 | LTP: 286.25
2026-03-12 11:05:16,870 - INFO - Strategy MTM: Momentum Buy (NIFTY2631723750CE): -1121.25 | LTP: 286.25
2026-03-12 11:05:18,844 - INFO - Strategy MTM: Momentum Buy (NIFTY2631723750CE): -1443.00 | LTP: 284.6
2026-03-12 11:05:20,748 - INFO - Strategy MTM: Momentum Buy (NIFTY2631723750CE): -1345.50 | LTP: 285.1
2026-03-12 11:05:22,663 - INFO - Strategy MTM: Momentum Buy (NIFTY2631723750CE): -1365.00 | LTP: 285
2026-03-12 11:05:24,354 - INFO - Strategy MTM: Momentum Buy (NIFTY2631723750CE): -1257.75 | LTP: 285.55
2026-03-12 11:05:25,795 - INFO - Strategy MTM: Momentum Buy (NIFTY2631723750CE): -1189.50 | LTP: 285.9
2026-03-12 11:05:26,958 - INFO - Strategy MTM: Momentum Buy (NIFTY2631723750CE): -1335.75 | LTP: 285.15
2026-03-12 11:05:28,075 - INFO - Strategy MTM: Momentum Buy (NIFTY2631723750CE): -1170.00 | LTP: 286
2026-03-12 11:05:29,225 - INFO - Strategy MTM: Momentum Buy (NIFTY2631723750CE): -994.50 | LTP: 286.9
2026-03-12 11:05:30,364 - INFO - Strategy MTM: Momentum Buy (NIFTY2631723750CE): -1092.00 | LTP: 286.4
2026-03-12 11:05:31,527 - INFO - Strategy MTM: Momentum Buy (NIFTY2631723750CE): -1179.75 | LTP: 285.95
2026-03-12 11:05:32,661 - INFO - Strategy MTM: Momentum Buy (NIFTY2631723750CE): -1111.50 | LTP: 286.3
2026-03-12 11:05:33,817 - INFO - Strategy MTM: Momentum Buy (NIFTY2631723750CE): -1248.00 | LTP: 285.6
2026-03-12 11:05:34,943 - INFO - Strategy MTM: Momentum Buy (NIFTY2631723750CE): -1472.25 | LTP: 284.45
2026-03-12 11:05:36,082 - INFO - Strategy MTM: Momentum Buy (NIFTY2631723750CE): -1248.00 | LTP: 285.6
2026-03-12 11:05:37,239 - INFO - Strategy MTM: Momentum Buy (NIFTY2631723750CE): -1374.75 | LTP: 284.95
2026-03-12 11:05:38,394 - INFO - Strategy MTM: Momentum Buy (NIFTY2631723750CE): -1443.00 | LTP: 284.6
2026-03-12 11:05:39,517 - INFO - Strategy MTM: Momentum Buy (NIFTY2631723750CE): -1423.50 | LTP: 284.7
2026-03-12 11:05:40,649 - INFO - Strategy MTM: Momentum Buy (NIFTY2631723750CE): -1745.25 | LTP: 283.05
2026-03-12 11:05:41,794 - INFO - Strategy MTM: Momentum Buy (NIFTY2631723750CE): -2008.50 | LTP: 281.7
2026-03-12 11:05:42,947 - INFO - Strategy MTM: Momentum Buy (NIFTY2631723750CE): -1891.50 | LTP: 282.3
2026-03-12 11:05:44,092 - INFO - Strategy MTM: Momentum Buy (NIFTY2631723750CE): -1794.00 | LTP: 282.8
2026-03-12 11:05:45,233 - INFO - Strategy MTM: Momentum Buy (NIFTY2631723750CE): -1569.75 | LTP: 283.95
2026-03-12 11:05:46,369 - INFO - Strategy MTM: Momentum Buy (NIFTY2631723750CE): -1657.50 | LTP: 283.5
2026-03-12 11:05:47,488 - INFO - Strategy MTM: Momentum Buy (NIFTY2631723750CE): -1618.50 | LTP: 283.7
2026-03-12 11:05:48,629 - INFO - Strategy MTM: Momentum Buy (NIFTY2631723750CE): -1716.00 | LTP: 283.2
2026-03-12 11:05:49,758 - INFO - Strategy MTM: Momentum Buy (NIFTY2631723750CE): -1735.50 | LTP: 283.1
2026-03-12 11:05:50,885 - INFO - Strategy MTM: Momentum Buy (NIFTY2631723750CE): -1638.00 | LTP: 283.6
2026-03-12 11:05:52,032 - INFO - Strategy MTM: Momentum Buy (NIFTY2631723750CE): -1608.75 | LTP: 283.75
2026-03-12 11:05:53,156 - INFO - Strategy MTM: Momentum Buy (NIFTY2631723750CE): -1667.25 | LTP: 283.45
2026-03-12 11:05:54,304 - INFO - Strategy MTM: Momentum Buy (NIFTY2631723750CE): -1608.75 | LTP: 283.75
2026-03-12 11:05:55,433 - INFO - Strategy MTM: Momentum Buy (NIFTY2631723750CE): -1472.25 | LTP: 284.45
2026-03-12 11:05:56,593 - INFO - Strategy MTM: Momentum Buy (NIFTY2631723750CE): -1599.00 | LTP: 283.8
2026-03-12 11:05:57,728 - INFO - Strategy MTM: Momentum Buy (NIFTY2631723750CE): -1706.25 | LTP: 283.25
2026-03-12 11:05:58,880 - INFO - Strategy MTM: Momentum Buy (NIFTY2631723750CE): -1950.00 | LTP: 282
2026-03-12 11:06:00,022 - INFO - Strategy MTM: Momentum Buy (NIFTY2631723750CE): -1696.50 | LTP: 283.3
2026-03-12 11:06:01,075 - INFO - Strategy MTM: Momentum Buy (NIFTY2631723750CE): -1716.00 | LTP: 283.2
2026-03-12 11:06:02,126 - INFO - Strategy MTM: Momentum Buy (NIFTY2631723750CE): -1950.00 | LTP: 282
2026-03-12 11:06:03,164 - INFO - Strategy MTM: Momentum Buy (NIFTY2631723750CE): -2223.00 | LTP: 280.6
2026-03-12 11:06:04,215 - INFO - Strategy MTM: Momentum Buy (NIFTY2631723750CE): -2018.25 | LTP: 281.65
2026-03-12 11:06:05,247 - INFO - Strategy MTM: Momentum Buy (NIFTY2631723750CE): -2067.00 | LTP: 281.4
2026-03-12 11:06:06,301 - INFO - Strategy MTM: Momentum Buy (NIFTY2631723750CE): -1930.50 | LTP: 282.1
2026-03-12 11:06:07,348 - INFO - Strategy MTM: Momentum Buy (NIFTY2631723750CE): -2106.00 | LTP: 281.2
2026-03-12 11:06:08,398 - INFO - Strategy MTM: Momentum Buy (NIFTY2631723750CE): -2125.50 | LTP: 281.1
2026-03-12 11:06:09,465 - INFO - Strategy MTM: Momentum Buy (NIFTY2631723750CE): -2115.75 | LTP: 281.15
2026-03-12 11:06:10,516 - INFO - Strategy MTM: Momentum Buy (NIFTY2631723750CE): -2164.50 | LTP: 280.9
2026-03-12 11:06:11,564 - INFO - Strategy MTM: Momentum Buy (NIFTY2631723750CE): -1989.00 | LTP: 281.8
2026-03-12 11:06:12,612 - INFO - Strategy MTM: Momentum Buy (NIFTY2631723750CE): -1989.00 | LTP: 281.8
2026-03-12 11:06:13,666 - INFO - Strategy MTM: Momentum Buy (NIFTY2631723750CE): -2125.50 | LTP: 281.1
2026-03-12 11:06:14,713 - INFO - Strategy MTM: Momentum Buy (NIFTY2631723750CE): -2057.25 | LTP: 281.45
2026-03-12 11:06:15,762 - INFO - Strategy MTM: Momentum Buy (NIFTY2631723750CE): -1920.75 | LTP: 282.15
2026-03-12 11:06:16,802 - INFO - Strategy MTM: Momentum Buy (NIFTY2631723750CE): -2037.75 | LTP: 281.55
2026-03-12 11:06:17,866 - INFO - Strategy MTM: Momentum Buy (NIFTY2631723750CE): -2115.75 | LTP: 281.15
2026-03-12 11:06:18,910 - INFO - Strategy MTM: Momentum Buy (NIFTY2631723750CE): -2076.75 | LTP: 281.35
2026-03-12 11:06:19,970 - INFO - Strategy MTM: Momentum Buy (NIFTY2631723750CE): -1872.00 | LTP: 282.4
2026-03-12 11:06:21,054 - INFO - Strategy MTM: Momentum Buy (NIFTY2631723750CE): -1872.00 | LTP: 282.4
2026-03-12 11:06:22,094 - INFO - Strategy MTM: Momentum Buy (NIFTY2631723750CE): -1706.25 | LTP: 283.25
2026-03-12 11:06:23,156 - INFO - Strategy MTM: Momentum Buy (NIFTY2631723750CE): -1784.25 | LTP: 282.85
2026-03-12 11:06:24,205 - INFO - Strategy MTM: Momentum Buy (NIFTY2631723750CE): -1842.75 | LTP: 282.55
2026-03-12 11:06:25,256 - INFO - Strategy MTM: Momentum Buy (NIFTY2631723750CE): -2086.50 | LTP: 281.3
2026-03-12 11:06:26,330 - INFO - Strategy MTM: Momentum Buy (NIFTY2631723750CE): -2086.50 | LTP: 281.3
2026-03-12 11:06:27,386 - INFO - Strategy MTM: Momentum Buy (NIFTY2631723750CE): -2232.75 | LTP: 280.55
2026-03-12 11:06:28,435 - INFO - Strategy MTM: Momentum Buy (NIFTY2631723750CE): -2710.50 | LTP: 278.1
2026-03-12 11:06:29,484 - INFO - Strategy MTM: Momentum Buy (NIFTY2631723750CE): -2798.25 | LTP: 277.65
2026-03-12 11:06:30,554 - INFO - Strategy MTM: Momentum Buy (NIFTY2631723750CE): -2886.00 | LTP: 277.2
2026-03-12 11:06:31,601 - INFO - Strategy MTM: Momentum Buy (NIFTY2631723750CE): -3022.50 | LTP: 276.5
2026-03-12 11:06:32,675 - INFO - Strategy MTM: Momentum Buy (NIFTY2631723750CE): -2954.25 | LTP: 276.85
2026-03-12 11:06:33,724 - INFO - Strategy MTM: Momentum Buy (NIFTY2631723750CE): -3129.75 | LTP: 275.95
2026-03-12 11:06:34,787 - INFO - Strategy MTM: Momentum Buy (NIFTY2631723750CE): -3149.25 | LTP: 275.85
2026-03-12 11:06:35,857 - INFO - Strategy MTM: Momentum Buy (NIFTY2631723750CE): -3149.25 | LTP: 275.85
2026-03-12 11:06:36,907 - INFO - Strategy MTM: Momentum Buy (NIFTY2631723750CE): -3198.00 | LTP: 275.6
2026-03-12 11:06:37,954 - INFO - Strategy MTM: Momentum Buy (NIFTY2631723750CE): -3315.00 | LTP: 275
2026-03-12 11:06:39,001 - INFO - Strategy MTM: Momentum Buy (NIFTY2631723750CE): -3432.00 | LTP: 274.4
2026-03-12 11:06:40,054 - INFO - Strategy MTM: Momentum Buy (NIFTY2631723750CE): -3578.25 | LTP: 273.65
2026-03-12 11:06:41,103 - INFO - Strategy MTM: Momentum Buy (NIFTY2631723750CE): -3597.75 | LTP: 273.55
2026-03-12 11:06:42,160 - INFO - Strategy MTM: Momentum Buy (NIFTY2631723750CE): -3714.75 | LTP: 272.95
2026-03-12 11:06:43,211 - INFO - Strategy MTM: Momentum Buy (NIFTY2631723750CE): -3705.00 | LTP: 273
2026-03-12 11:06:44,287 - INFO - Strategy MTM: Momentum Buy (NIFTY2631723750CE): -3724.50 | LTP: 272.9
2026-03-12 11:06:45,342 - INFO - Strategy MTM: Momentum Buy (NIFTY2631723750CE): -3685.50 | LTP: 273.1
2026-03-12 11:06:46,397 - INFO - Strategy MTM: Momentum Buy (NIFTY2631723750CE): -3607.50 | LTP: 273.5
2026-03-12 11:06:47,454 - INFO - Strategy MTM: Momentum Buy (NIFTY2631723750CE): -3529.50 | LTP: 273.9
2026-03-12 11:06:48,502 - INFO - Strategy MTM: Momentum Buy (NIFTY2631723750CE): -3393.00 | LTP: 274.6
2026-03-12 11:06:49,551 - INFO - Strategy MTM: Momentum Buy (NIFTY2631723750CE): -3334.50 | LTP: 274.9
2026-03-12 11:06:50,612 - INFO - Strategy MTM: Momentum Buy (NIFTY2631723750CE): -3393.00 | LTP: 274.6
2026-03-12 11:06:51,656 - INFO - Strategy MTM: Momentum Buy (NIFTY2631723750CE): -3207.75 | LTP: 275.55
2026-03-12 11:06:52,709 - INFO - Strategy MTM: Momentum Buy (NIFTY2631723750CE): -3422.25 | LTP: 274.45
2026-03-12 11:06:53,754 - INFO - Strategy MTM: Momentum Buy (NIFTY2631723750CE): -3344.25 | LTP: 274.85
2026-03-12 11:06:54,801 - INFO - Strategy MTM: Momentum Buy (NIFTY2631723750CE): -3500.25 | LTP: 274.05
2026-03-12 11:06:55,866 - INFO - Strategy MTM: Momentum Buy (NIFTY2631723750CE): -3422.25 | LTP: 274.45
2026-03-12 11:06:56,915 - INFO - Strategy MTM: Momentum Buy (NIFTY2631723750CE): -3324.75 | LTP: 274.95
2026-03-12 11:06:57,967 - INFO - Strategy MTM: Momentum Buy (NIFTY2631723750CE): -3510.00 | LTP: 274
2026-03-12 11:06:59,011 - INFO - Strategy MTM: Momentum Buy (NIFTY2631723750CE): -3500.25 | LTP: 274.05
2026-03-12 11:07:00,064 - INFO - Strategy MTM: Momentum Buy (NIFTY2631723750CE): -3363.75 | LTP: 274.75
2026-03-12 11:07:01,111 - INFO - Strategy MTM: Momentum Buy (NIFTY2631723750CE): -3539.25 | LTP: 273.85
2026-03-12 11:07:02,175 - INFO - Strategy MTM: Momentum Buy (NIFTY2631723750CE): -3578.25 | LTP: 273.65
2026-03-12 11:07:03,224 - INFO - Strategy MTM: Momentum Buy (NIFTY2631723750CE): -3646.50 | LTP: 273.3
2026-03-12 11:07:04,275 - INFO - Strategy MTM: Momentum Buy (NIFTY2631723750CE): -3822.00 | LTP: 272.4
2026-03-12 11:07:05,332 - INFO - Strategy MTM: Momentum Buy (NIFTY2631723750CE): -3656.25 | LTP: 273.25
2026-03-12 11:07:06,404 - INFO - Strategy MTM: Momentum Buy (NIFTY2631723750CE): -3812.25 | LTP: 272.45
2026-03-12 11:07:07,456 - INFO - Strategy MTM: Momentum Buy (NIFTY2631723750CE): -3939.00 | LTP: 271.8
2026-03-12 11:07:07,456 - INFO - SL Hit for NIFTY2631723750CE at 271.8. Exiting...
2026-03-12 11:07:07,549 - INFO - Order placed. ID: 260312150888526
2026-03-12 11:07:07,549 - INFO - Order Placed: SELL NIFTY2631723750CE Qty=195 ID=260312150888526
2026-03-12 11:07:07,596 - INFO - Trade logged to logs\2026-03-12\trades.csv: MomentumBuy SELL NIFTY2631723750CE
2026-03-12 11:07:07,606 - INFO - Momentum Trade Exited.
2026-03-12 11:10:12,598 - INFO - ORB Check [11:05:00]: C=23815.8, ORB_H=23749.9, ORB_L=23640, VWAP=23723.05, VolMA(5)=104377.00, Vol=87620, ATR14=45.13
2026-03-12 11:15:10,893 - INFO - Momentum Check: Time=2026-03-12 11:05:00+05:30, O=23768.55, C=23741.05, H = 23774, L = 23733.95, TotalSize=40.04999999999927, BodySize=27.5, ATR14=56.44,Tolerance=4.00, Threshold=56.44
2026-03-12 11:15:11,905 - INFO - ORB Check [11:10:00]: C=23818.9, ORB_H=23749.9, ORB_L=23640, VWAP=23725.39, VolMA(5)=99866.00, Vol=88595, ATR14=44.36
2026-03-12 11:20:12,488 - INFO - ORB Check [11:15:00]: C=23774.8, ORB_H=23749.9, ORB_L=23640, VWAP=23727.15, VolMA(5)=111254.00, Vol=115115, ATR14=44.54
2026-03-12 11:25:11,436 - INFO - Momentum Check: Time=2026-03-12 11:15:00+05:30, O=23741.75, C=23703.5, H = 23756.65, L = 23665, TotalSize=91.65000000000146, BodySize=38.25, ATR14=56.29,Tolerance=5.00, Threshold=56.29
2026-03-12 11:25:12,390 - INFO - ORB Check [11:20:00]: C=23779.3, ORB_H=23749.9, ORB_L=23640, VWAP=23728.55, VolMA(5)=118859.00, Vol=152295, ATR14=46.26
2026-03-12 11:30:11,679 - INFO - ORB Check [11:25:00]: C=23779.9, ORB_H=23749.9, ORB_L=23640, VWAP=23729.39, VolMA(5)=119223.00, Vol=69810, ATR14=46.00
2026-03-12 11:35:11,820 - INFO - Momentum Check: Time=2026-03-12 11:25:00+05:30, O=23703.85, C=23697.9, H = 23713.45, L = 23676.6, TotalSize=36.85000000000218, BodySize=5.94999999999709, ATR14=60.46,Tolerance=3.69, Threshold=60.46
2026-03-12 11:35:12,906 - INFO - ORB Check [11:30:00]: C=23775.6, ORB_H=23749.9, ORB_L=23640, VWAP=23729.90, VolMA(5)=102687.00, Vol=54275, ATR14=46.35
2026-03-12 11:40:11,913 - INFO - ORB Check [11:35:00]: C=23773, ORB_H=23749.9, ORB_L=23640, VWAP=23730.16, VolMA(5)=96018.00, Vol=27040, ATR14=46.60
2026-03-12 12:05:10,406 - ERROR - Error fetching historical data for 256265: ('Connection aborted.', RemoteDisconnected('Remote end closed connection without response'))
2026-03-12 12:05:10,410 - WARNING - Insufficient data for Momentum check. Need 16 candles (15 for ATR + 1 to trade on), got 0
2026-03-12 12:05:10,612 - INFO - ORB Check [12:00:00]: C=23817.3, ORB_H=23749.9, ORB_L=23640, VWAP=23734.23, VolMA(5)=57746.00, Vol=48230, ATR14=40.20
2026-03-12 12:10:10,913 - INFO - Momentum Check: Time=2026-03-12 11:55:00+05:30, O=23713.9, C=23744.2, H = 23748.1, L = 23708.15, TotalSize=39.94999999999709, BodySize=30.299999999999272, ATR14=54.44,Tolerance=3.99, Threshold=54.44
2026-03-12 12:10:11,003 - INFO - ORB Check [12:05:00]: C=23797.8, ORB_H=23749.9, ORB_L=23640, VWAP=23734.86, VolMA(5)=61984.00, Vol=42315, ATR14=37.86
2026-03-12 12:15:11,135 - INFO - Momentum Check: Time=2026-03-12 12:05:00+05:30, O=23744.4, C=23749.35, H = 23750.65, L = 23710.5, TotalSize=40.150000000001455, BodySize=4.94999999999709, ATR14=54.39,Tolerance=4.02, Threshold=54.39
2026-03-12 12:15:11,222 - INFO - ORB Check [12:10:00]: C=23823.8, ORB_H=23749.9, ORB_L=23640, VWAP=23735.40, VolMA(5)=52598.00, Vol=33735, ATR14=35.92
2026-03-12 12:20:10,794 - INFO - ORB Check [12:15:00]: C=23801.8, ORB_H=23749.9, ORB_L=23640, VWAP=23735.66, VolMA(5)=39598.00, Vol=17420, ATR14=36.65
2026-03-12 12:25:10,818 - INFO - Momentum Check: Time=2026-03-12 12:15:00+05:30, O=23751.15, C=23749.2, H = 23755.95, L = 23721.8, TotalSize=34.150000000001455, BodySize=1.9500000000007276, ATR14=52.83,Tolerance=3.42, Threshold=52.83
2026-03-12 12:25:10,906 - INFO - ORB Check [12:20:00]: C=23830, ORB_H=23749.9, ORB_L=23640, VWAP=23736.57, VolMA(5)=37700.00, Vol=49010, ATR14=35.77
2026-03-12 12:30:10,499 - INFO - ORB Check [12:25:00]: C=23823, ORB_H=23749.9, ORB_L=23640, VWAP=23737.48, VolMA(5)=38142.00, Vol=49985, ATR14=36.13
2026-03-12 12:35:10,422 - INFO - Momentum Check: Time=2026-03-12 12:25:00+05:30, O=23750.85, C=23721.9, H = 23759.2, L = 23717.5, TotalSize=41.70000000000073, BodySize=28.94999999999709, ATR14=51.49,Tolerance=4.17, Threshold=51.49
2026-03-12 12:35:10,517 - INFO - ORB Check [12:30:00]: C=23796, ORB_H=23749.9, ORB_L=23640, VWAP=23738.45, VolMA(5)=38493.00, Vol=71305, ATR14=32.16
2026-03-12 12:40:11,121 - INFO - ORB Check [12:35:00]: C=23780, ORB_H=23749.9, ORB_L=23640, VWAP=23738.76, VolMA(5)=44291.00, Vol=32760, ATR14=31.42
2026-03-12 12:45:10,573 - INFO - Momentum Check: Time=2026-03-12 12:35:00+05:30, O=23721.75, C=23715.8, H = 23731.7, L = 23702.3, TotalSize=29.400000000001455, BodySize=5.950000000000728, ATR14=49.14,Tolerance=2.94, Threshold=49.14
2026-03-12 12:45:10,677 - INFO - ORB Check [12:40:00]: C=23787.6, ORB_H=23749.9, ORB_L=23640, VWAP=23739.23, VolMA(5)=44096.00, Vol=49985, ATR14=31.34
2026-03-12 12:50:10,404 - INFO - ORB Check [12:45:00]: C=23796.8, ORB_H=23749.9, ORB_L=23640, VWAP=23739.62, VolMA(5)=50609.00, Vol=34775, ATR14=30.94
2026-03-12 12:55:10,480 - INFO - Momentum Check: Time=2026-03-12 12:45:00+05:30, O=23716.7, C=23708.35, H = 23731.25, L = 23701.5, TotalSize=29.75, BodySize=8.350000000002183, ATR14=48.45,Tolerance=2.98, Threshold=48.45
2026-03-12 12:55:10,555 - INFO - ORB Check [12:50:00]: C=23785.7, ORB_H=23749.9, ORB_L=23640, VWAP=23740.02, VolMA(5)=47762.00, Vol=43550, ATR14=31.44
2026-03-12 13:00:10,533 - INFO - ORB Check [12:55:00]: C=23788.4, ORB_H=23749.9, ORB_L=23640, VWAP=23740.34, VolMA(5)=46475.00, Vol=34515, ATR14=31.21
2026-03-12 13:05:10,422 - INFO - Momentum Check: Time=2026-03-12 12:55:00+05:30, O=23710.7, C=23702.75, H = 23723.8, L = 23691.4, TotalSize=32.39999999999782, BodySize=7.950000000000728, ATR14=45.37,Tolerance=3.24, Threshold=45.37
2026-03-12 13:05:10,494 - INFO - ORB Check [13:00:00]: C=23775.1, ORB_H=23749.9, ORB_L=23640, VWAP=23740.74, VolMA(5)=39117.00, Vol=57590, ATR14=30.46
2026-03-12 13:10:10,481 - INFO - ORB Check [13:05:00]: C=23755, ORB_H=23749.9, ORB_L=23640, VWAP=23740.97, VolMA(5)=44083.00, Vol=98020, ATR14=30.92
2026-03-12 13:15:10,645 - INFO - Momentum Check: Time=2026-03-12 13:05:00+05:30, O=23702.45, C=23715.25, H = 23722.4, L = 23656.4, TotalSize=66.0, BodySize=12.799999999999272, ATR14=44.28,Tolerance=5.00, Threshold=44.28
2026-03-12 13:15:10,767 - INFO - ORB Check [13:10:00]: C=23790, ORB_H=23749.9, ORB_L=23640, VWAP=23741.25, VolMA(5)=53690.00, Vol=39130, ATR14=31.96
2026-03-12 13:20:10,697 - INFO - ORB Check [13:15:00]: C=23779, ORB_H=23749.9, ORB_L=23640, VWAP=23741.62, VolMA(5)=54561.00, Vol=46475, ATR14=34.41
2026-03-12 13:25:10,245 - INFO - Momentum Check: Time=2026-03-12 13:15:00+05:30, O=23718.3, C=23740.35, H = 23744.1, L = 23695.8, TotalSize=48.29999999999927, BodySize=22.049999999999272, ATR14=45.83,Tolerance=4.83, Threshold=45.83
2026-03-12 13:25:10,245 - INFO - Momentum Signal! BUY_CE NIFTY2631723750CE. Spot: 23740.35, SL Level: 23695.8
2026-03-12 13:25:10,520 - INFO - Order placed. ID: 260312151399329
2026-03-12 13:25:10,536 - INFO - Order Placed: BUY NIFTY2631723750CE Qty=195 ID=260312151399329
2026-03-12 13:25:10,585 - INFO - Trade logged to logs\2026-03-12\trades.csv: MomentumBuy BUY NIFTY2631723750CE
2026-03-12 13:25:10,628 - INFO - Entered NIFTY2631723750CE at 251.55. Initial SL: 231.55
2026-03-12 13:25:10,713 - INFO - ORB Check [13:20:00]: C=23820.8, ORB_H=23749.9, ORB_L=23640, VWAP=23742.43, VolMA(5)=55146.00, Vol=66560, ATR14=33.72
2026-03-12 13:25:11,747 - INFO - Strategy MTM: Momentum Buy (NIFTY2631723750CE): -107.25 | LTP: 251
2026-03-12 13:25:12,863 - INFO - Strategy MTM: Momentum Buy (NIFTY2631723750CE): 68.25 | LTP: 251.9
2026-03-12 13:25:12,863 - INFO - Trailing SL Updated for NIFTY2631723750CE: 231.9 (LTP: 251.9)
2026-03-12 13:25:13,979 - INFO - Strategy MTM: Momentum Buy (NIFTY2631723750CE): -204.75 | LTP: 250.5
2026-03-12 13:25:15,130 - INFO - Strategy MTM: Momentum Buy (NIFTY2631723750CE): -146.25 | LTP: 250.8
2026-03-12 13:25:16,248 - INFO - Strategy MTM: Momentum Buy (NIFTY2631723750CE): 48.75 | LTP: 251.8
2026-03-12 13:25:17,364 - INFO - Strategy MTM: Momentum Buy (NIFTY2631723750CE): -195.00 | LTP: 250.55
2026-03-12 13:25:18,493 - INFO - Strategy MTM: Momentum Buy (NIFTY2631723750CE): -9.75 | LTP: 251.5
2026-03-12 13:25:19,594 - INFO - Strategy MTM: Momentum Buy (NIFTY2631723750CE): 48.75 | LTP: 251.8
2026-03-12 13:25:20,695 - INFO - Strategy MTM: Momentum Buy (NIFTY2631723750CE): 58.50 | LTP: 251.85
2026-03-12 13:25:21,801 - INFO - Strategy MTM: Momentum Buy (NIFTY2631723750CE): 87.75 | LTP: 252
2026-03-12 13:25:21,801 - INFO - Trailing SL Updated for NIFTY2631723750CE: 232 (LTP: 252)
2026-03-12 13:25:22,902 - INFO - Strategy MTM: Momentum Buy (NIFTY2631723750CE): 312.00 | LTP: 253.15
2026-03-12 13:25:22,913 - INFO - Trailing SL Updated for NIFTY2631723750CE: 233.15 (LTP: 253.15)
2026-03-12 13:25:24,034 - INFO - Strategy MTM: Momentum Buy (NIFTY2631723750CE): 360.75 | LTP: 253.4
2026-03-12 13:25:24,034 - INFO - Trailing SL Updated for NIFTY2631723750CE: 233.4 (LTP: 253.4)
2026-03-12 13:25:25,136 - INFO - Strategy MTM: Momentum Buy (NIFTY2631723750CE): 351.00 | LTP: 253.35
2026-03-12 13:25:26,252 - INFO - Strategy MTM: Momentum Buy (NIFTY2631723750CE): 253.50 | LTP: 252.85
2026-03-12 13:25:27,371 - INFO - Strategy MTM: Momentum Buy (NIFTY2631723750CE): 273.00 | LTP: 252.95
2026-03-12 13:25:28,470 - INFO - Strategy MTM: Momentum Buy (NIFTY2631723750CE): 234.00 | LTP: 252.75
2026-03-12 13:25:29,587 - INFO - Strategy MTM: Momentum Buy (NIFTY2631723750CE): -9.75 | LTP: 251.5
2026-03-12 13:25:30,705 - INFO - Strategy MTM: Momentum Buy (NIFTY2631723750CE): -136.50 | LTP: 250.85
2026-03-12 13:25:31,837 - INFO - Strategy MTM: Momentum Buy (NIFTY2631723750CE): -78.00 | LTP: 251.15
2026-03-12 13:25:32,955 - INFO - Strategy MTM: Momentum Buy (NIFTY2631723750CE): -273.00 | LTP: 250.15
2026-03-12 13:25:34,072 - INFO - Strategy MTM: Momentum Buy (NIFTY2631723750CE): -204.75 | LTP: 250.5
2026-03-12 13:25:35,206 - INFO - Strategy MTM: Momentum Buy (NIFTY2631723750CE): -243.75 | LTP: 250.3
2026-03-12 13:25:36,324 - INFO - Strategy MTM: Momentum Buy (NIFTY2631723750CE): -204.75 | LTP: 250.5
2026-03-12 13:25:37,424 - INFO - Strategy MTM: Momentum Buy (NIFTY2631723750CE): -107.25 | LTP: 251
2026-03-12 13:25:38,543 - INFO - Strategy MTM: Momentum Buy (NIFTY2631723750CE): -292.50 | LTP: 250.05
2026-03-12 13:25:39,643 - INFO - Strategy MTM: Momentum Buy (NIFTY2631723750CE): -78.00 | LTP: 251.15
2026-03-12 13:25:40,759 - INFO - Strategy MTM: Momentum Buy (NIFTY2631723750CE): 9.75 | LTP: 251.6
2026-03-12 13:25:41,876 - INFO - Strategy MTM: Momentum Buy (NIFTY2631723750CE): -19.50 | LTP: 251.45
2026-03-12 13:25:42,986 - INFO - Strategy MTM: Momentum Buy (NIFTY2631723750CE): 9.75 | LTP: 251.6
2026-03-12 13:25:44,094 - INFO - Strategy MTM: Momentum Buy (NIFTY2631723750CE): -9.75 | LTP: 251.5
2026-03-12 13:25:45,227 - INFO - Strategy MTM: Momentum Buy (NIFTY2631723750CE): -48.75 | LTP: 251.3
2026-03-12 13:25:46,351 - INFO - Strategy MTM: Momentum Buy (NIFTY2631723750CE): 19.50 | LTP: 251.65
2026-03-12 13:25:47,456 - INFO - Strategy MTM: Momentum Buy (NIFTY2631723750CE): 321.75 | LTP: 253.2
2026-03-12 13:25:48,559 - INFO - Strategy MTM: Momentum Buy (NIFTY2631723750CE): 312.00 | LTP: 253.15
2026-03-12 13:25:49,664 - INFO - Strategy MTM: Momentum Buy (NIFTY2631723750CE): 526.50 | LTP: 254.25
2026-03-12 13:25:49,664 - INFO - Trailing SL Updated for NIFTY2631723750CE: 234.25 (LTP: 254.25)
2026-03-12 13:25:50,768 - INFO - Strategy MTM: Momentum Buy (NIFTY2631723750CE): 536.25 | LTP: 254.3
2026-03-12 13:25:50,768 - INFO - Trailing SL Updated for NIFTY2631723750CE: 234.3 (LTP: 254.3)
2026-03-12 13:25:51,878 - INFO - Strategy MTM: Momentum Buy (NIFTY2631723750CE): 536.25 | LTP: 254.3
2026-03-12 13:25:53,011 - INFO - Strategy MTM: Momentum Buy (NIFTY2631723750CE): 1033.50 | LTP: 256.85
2026-03-12 13:25:53,012 - INFO - Trailing SL Updated for NIFTY2631723750CE: 236.85000000000002 (LTP: 256.85)
2026-03-12 13:25:54,111 - INFO - Strategy MTM: Momentum Buy (NIFTY2631723750CE): 848.25 | LTP: 255.9
2026-03-12 13:25:55,235 - INFO - Strategy MTM: Momentum Buy (NIFTY2631723750CE): 887.25 | LTP: 256.1
2026-03-12 13:25:56,348 - INFO - Strategy MTM: Momentum Buy (NIFTY2631723750CE): 936.00 | LTP: 256.35
2026-03-12 13:25:57,460 - INFO - Strategy MTM: Momentum Buy (NIFTY2631723750CE): 1004.25 | LTP: 256.7
2026-03-12 13:25:58,569 - INFO - Strategy MTM: Momentum Buy (NIFTY2631723750CE): 1589.25 | LTP: 259.7
2026-03-12 13:25:58,569 - INFO - Profit Target Hit for NIFTY2631723750CE! MTM: 1589.2499999999955 >= 1300. Exiting...
2026-03-12 13:25:58,645 - INFO - Order placed. ID: 260312151402662
2026-03-12 13:25:58,645 - INFO - Order Placed: SELL NIFTY2631723750CE Qty=195 ID=260312151402662
2026-03-12 13:25:58,686 - INFO - Trade logged to logs\2026-03-12\trades.csv: MomentumBuy SELL NIFTY2631723750CE
2026-03-12 13:25:58,686 - INFO - Momentum Trade Exited.
2026-03-12 13:30:11,321 - INFO - ORB Check [13:25:00]: C=23848, ORB_H=23749.9, ORB_L=23640, VWAP=23744.11, VolMA(5)=61555.00, Vol=98150, ATR14=34.09
2026-03-12 13:35:10,087 - INFO - Momentum Check: Time=2026-03-12 13:25:00+05:30, O=23741.7, C=23804.3, H = 23815.8, L = 23732.7, TotalSize=83.09999999999854, BodySize=62.599999999998545, ATR14=43.06,Tolerance=5.00, Threshold=43.06
2026-03-12 13:35:10,145 - INFO - ORB Check [13:30:00]: C=23892.6, ORB_H=23749.9, ORB_L=23640, VWAP=23749.92, VolMA(5)=69667.00, Vol=244985, ATR14=34.51
2026-03-12 13:35:10,145 - INFO - ORB Signal Confirmed! LONG signal at spot 23892.6
2026-03-12 13:35:10,498 - INFO - Order placed. ID: 260312151453552
2026-03-12 13:35:10,498 - INFO - Order Placed: BUY NIFTY2631723800CE Qty=130 ID=260312151453552
2026-03-12 13:35:10,551 - INFO - Trade logged to logs\2026-03-12\trades.csv: ORBStrategy BUY NIFTY2631723800CE
2026-03-12 13:35:10,595 - INFO - Entered LONG NIFTY2631723800CE at premium 265.30. Initial SL: 235.30
2026-03-12 13:45:11,055 - INFO - Momentum Check: Time=2026-03-12 13:35:00+05:30, O=23805.25, C=23789.9, H = 23833.15, L = 23784.25, TotalSize=48.900000000001455, BodySize=15.349999999998545, ATR14=46.14,Tolerance=4.89, Threshold=46.14
2026-03-12 13:55:10,397 - INFO - Momentum Check: Time=2026-03-12 13:45:00+05:30, O=23789.35, C=23771.45, H = 23801.25, L = 23762.5, TotalSize=38.75, BodySize=17.899999999997817, ATR14=43.08,Tolerance=3.88, Threshold=43.08
2026-03-12 14:05:10,885 - INFO - Momentum Check: Time=2026-03-12 13:55:00+05:30, O=23771.85, C=23752.85, H = 23772, L = 23733.5, TotalSize=38.5, BodySize=19.0, ATR14=43.22,Tolerance=3.85, Threshold=43.22
2026-03-12 14:15:11,174 - INFO - Momentum Check: Time=2026-03-12 14:05:00+05:30, O=23752.85, C=23738.9, H = 23771.55, L = 23701.95, TotalSize=69.59999999999854, BodySize=13.94999999999709, ATR14=43.43,Tolerance=5.00, Threshold=43.43
2026-03-12 14:25:10,480 - INFO - Momentum Check: Time=2026-03-12 14:15:00+05:30, O=23739.35, C=23732.95, H = 23758.15, L = 23723.3, TotalSize=34.85000000000218, BodySize=6.399999999997817, ATR14=45.76,Tolerance=3.49, Threshold=45.76
2026-03-12 14:35:10,824 - INFO - Momentum Check: Time=2026-03-12 14:25:00+05:30, O=23734.15, C=23738.3, H = 23744.3, L = 23709.65, TotalSize=34.64999999999782, BodySize=4.149999999997817, ATR14=45.40,Tolerance=3.46, Threshold=45.40
2026-03-12 14:45:10,341 - INFO - Momentum Check: Time=2026-03-12 14:35:00+05:30, O=23739.3, C=23673.8, H = 23745.15, L = 23667.6, TotalSize=77.55000000000291, BodySize=65.5, ATR14=45.00,Tolerance=5.00, Threshold=45.00
2026-03-12 14:55:10,589 - INFO - Momentum Check: Time=2026-03-12 14:45:00+05:30, O=23673.15, C=23633.05, H = 23684.1, L = 23605.55, TotalSize=78.54999999999927, BodySize=40.10000000000218, ATR14=48.10,Tolerance=5.00, Threshold=48.10
2026-03-12 15:05:11,113 - INFO - Momentum Check: Time=2026-03-12 14:55:00+05:30, O=23634.5, C=23654.9, H = 23655.8, L = 23609.95, TotalSize=45.849999999998545, BodySize=20.400000000001455, ATR14=50.74,Tolerance=4.58, Threshold=50.74
2026-03-12 15:10:00,185 - INFO - New trades cutoff time 15:10:00 reached. No new entries allowed. Stopping strategy.
2026-03-12 15:15:00,087 - INFO - End time 15:15:00 reached. Exiting trade.
2026-03-12 15:15:00,157 - INFO - Order placed. ID: 260312151975754
2026-03-12 15:15:00,172 - INFO - Order Placed: SELL NIFTY2631723800CE Qty=130 ID=260312151975754
2026-03-12 15:15:00,289 - INFO - Trade logged to logs\2026-03-12\trades.csv: ORBStrategy SELL NIFTY2631723800CE
2026-03-12 15:15:00,289 - INFO - ORB Trade Exited.
2026-03-13 09:51:47,344 - INFO - Stopping Application...
