2026-06-17 11:46:04,852 - INFO - Starting KiteConnect Trading App...
2026-06-17 11:46:06,871 - WARNING - No Access Token found. You may need to generate one.
2026-06-17 11:46:21,609 - INFO - Starting KiteConnect Trading App...
2026-06-17 11:46:23,238 - WARNING - No Access Token found. You may need to generate one.
2026-06-17 11:46:44,235 - INFO - Session generated and access token set.
2026-06-17 11:46:44,236 - INFO - Strategies Initialized: Iron Fly, Momentum Buy, ORB & Scalping on NIFTY
2026-06-17 11:46:44,236 - INFO - Iron Fly entry scheduled at 09:28:00
2026-06-17 11:46:44,236 - INFO - Application Initialized. Starting Main Loop...
2026-06-17 11:50:10,542 - INFO - Momentum Check: Time=2026-06-17 11:40:00+05:30, O=24075.6, C=24083.3, H = 24089.3, L = 24066.9, TotalSize=22.399999999997817, BodySize=7.700000000000728, ATR14=15.31,Tolerance=2.24, Threshold=20.00
2026-06-17 11:55:10,975 - INFO - Momentum Check: Time=2026-06-17 11:45:00+05:30, O=24084.15, C=24074.3, H = 24085.6, L = 24071.7, TotalSize=13.899999999997817, BodySize=9.850000000002183, ATR14=15.10,Tolerance=1.39, Threshold=20.00
2026-06-17 12:00:10,407 - INFO - Momentum Check: Time=2026-06-17 11:50:00+05:30, O=24075.2, C=24068.55, H = 24075.55, L = 24066.9, TotalSize=8.649999999997817, BodySize=6.650000000001455, ATR14=15.63,Tolerance=0.86, Threshold=20.00
2026-06-17 12:05:10,837 - INFO - Momentum Check: Time=2026-06-17 11:55:00+05:30, O=24068.8, C=24055.1, H = 24076.9, L = 24054.7, TotalSize=22.200000000000728, BodySize=13.700000000000728, ATR14=16.12,Tolerance=2.22, Threshold=20.00
2026-06-17 12:05:10,838 - INFO - Momentum Confirmation Failed: Next candle is GREEN (O=24056.7, C=24063.35). Skipping entry.
2026-06-17 12:10:10,268 - INFO - Momentum Check: Time=2026-06-17 12:00:00+05:30, O=24056.7, C=24063.35, H = 24065.35, L = 24047.7, TotalSize=17.649999999997817, BodySize=6.649999999997817, ATR14=15.54,Tolerance=1.76, Threshold=20.00
2026-06-17 12:15:10,701 - INFO - Momentum Check: Time=2026-06-17 12:05:00+05:30, O=24062.75, C=24058.15, H = 24065.05, L = 24053.45, TotalSize=11.599999999998545, BodySize=4.599999999998545, ATR14=15.56,Tolerance=1.16, Threshold=20.00
2026-06-17 12:20:10,263 - INFO - Momentum Check: Time=2026-06-17 12:10:00+05:30, O=24059, C=24050.3, H = 24061.75, L = 24050.3, TotalSize=11.450000000000728, BodySize=8.700000000000728, ATR14=15.91,Tolerance=1.15, Threshold=20.00
2026-06-17 12:25:10,696 - INFO - Momentum Check: Time=2026-06-17 12:15:00+05:30, O=24051.75, C=24055.4, H = 24056.8, L = 24042.05, TotalSize=14.75, BodySize=3.650000000001455, ATR14=15.45,Tolerance=1.48, Threshold=20.00
2026-06-17 12:30:10,127 - INFO - Momentum Check: Time=2026-06-17 12:20:00+05:30, O=24056.3, C=24044.1, H = 24056.9, L = 24042.4, TotalSize=14.5, BodySize=12.200000000000728, ATR14=15.59,Tolerance=1.45, Threshold=20.00
2026-06-17 12:35:10,560 - INFO - Momentum Check: Time=2026-06-17 12:25:00+05:30, O=24044.8, C=24045.5, H = 24050.05, L = 24033, TotalSize=17.049999999999272, BodySize=0.7000000000007276, ATR14=15.92,Tolerance=1.70, Threshold=20.00
2026-06-17 12:40:10,997 - INFO - Momentum Check: Time=2026-06-17 12:30:00+05:30, O=24045.85, C=24040.15, H = 24046.8, L = 24034.6, TotalSize=12.200000000000728, BodySize=5.69999999999709, ATR14=16.03,Tolerance=1.22, Threshold=20.00
2026-06-17 12:45:10,429 - INFO - Momentum Check: Time=2026-06-17 12:35:00+05:30, O=24041.3, C=24035.85, H = 24043.65, L = 24032.35, TotalSize=11.30000000000291, BodySize=5.450000000000728, ATR14=15.82,Tolerance=1.13, Threshold=20.00
2026-06-17 12:50:10,862 - INFO - Momentum Check: Time=2026-06-17 12:40:00+05:30, O=24036.65, C=24044.25, H = 24051.2, L = 24033.25, TotalSize=17.950000000000728, BodySize=7.599999999998545, ATR14=14.85,Tolerance=1.80, Threshold=20.00
2026-06-17 12:55:10,347 - INFO - Momentum Check: Time=2026-06-17 12:45:00+05:30, O=24044.9, C=24045.6, H = 24053.95, L = 24041.7, TotalSize=12.25, BodySize=0.6999999999970896, ATR14=14.59,Tolerance=1.23, Threshold=20.00
2026-06-17 13:00:10,783 - INFO - Momentum Check: Time=2026-06-17 12:50:00+05:30, O=24046.15, C=24028.6, H = 24047.4, L = 24028.6, TotalSize=18.80000000000291, BodySize=17.55000000000291, ATR14=14.23,Tolerance=1.88, Threshold=20.00
2026-06-17 13:05:10,282 - INFO - Momentum Check: Time=2026-06-17 12:55:00+05:30, O=24030.05, C=24029.5, H = 24036.25, L = 24027.35, TotalSize=8.900000000001455, BodySize=0.5499999999992724, ATR14=14.69,Tolerance=0.89, Threshold=20.00
2026-06-17 13:10:10,713 - INFO - Momentum Check: Time=2026-06-17 13:00:00+05:30, O=24030, C=24037.65, H = 24038.6, L = 24023.6, TotalSize=15.0, BodySize=7.650000000001455, ATR14=14.84,Tolerance=1.50, Threshold=20.00
2026-06-17 13:15:10,229 - INFO - Momentum Check: Time=2026-06-17 13:05:00+05:30, O=24038.6, C=24017.05, H = 24040.4, L = 24016, TotalSize=24.400000000001455, BodySize=21.549999999999272, ATR14=14.47,Tolerance=2.44, Threshold=20.00
2026-06-17 13:15:10,229 - INFO - Momentum Confirmation: Next candle is also RED (O=24017.55, C=24009.75). Entering trade.
2026-06-17 13:15:10,229 - INFO - Momentum Signal! BUY_PE NIFTY2662324000PE. Spot: 24017.05, SL Level: 24040.4
2026-06-17 13:15:10,263 - INFO - Order placed. ID: 2067151551062908928
2026-06-17 13:15:10,263 - INFO - Order Placed: BUY NIFTY2662324000PE Qty=520 ID=2067151551062908928
2026-06-17 13:15:10,282 - INFO - Trade logged to logs/2026-06-17/trades.csv: MomentumBuy BUY NIFTY2662324000PE
2026-06-17 13:15:10,300 - INFO - Entered NIFTY2662324000PE at 156.6. Initial SL: 141.6
2026-06-17 13:15:11,324 - INFO - Trailing SL Updated for NIFTY2662324000PE: 141.65 (LTP: 156.65)
2026-06-17 13:15:12,345 - INFO - Trailing SL Updated for NIFTY2662324000PE: 142.65 (LTP: 157.65)
2026-06-17 13:15:13,365 - INFO - Trailing SL Updated for NIFTY2662324000PE: 142.75 (LTP: 157.75)
2026-06-17 13:22:53,001 - INFO - SL Hit for NIFTY2662324000PE at 142.75. Exiting...
2026-06-17 13:22:53,032 - INFO - Order placed. ID: 2067153492065165312
2026-06-17 13:22:53,032 - INFO - Order Placed: SELL NIFTY2662324000PE Qty=520 ID=2067153492065165312
2026-06-17 13:22:53,054 - INFO - Trade logged to logs/2026-06-17/trades.csv: MomentumBuy SELL NIFTY2662324000PE
2026-06-17 13:22:53,054 - INFO - Momentum Trade Exited.
2026-06-17 13:25:10,290 - INFO - Momentum Check: Time=2026-06-17 13:15:00+05:30, O=24010.6, C=24024.15, H = 24031.8, L = 24005.85, TotalSize=25.950000000000728, BodySize=13.55000000000291, ATR14=15.62,Tolerance=2.60, Threshold=20.00
2026-06-17 13:30:10,739 - INFO - Momentum Check: Time=2026-06-17 13:20:00+05:30, O=24026, C=24033.55, H = 24037.6, L = 24024.4, TotalSize=13.19999999999709, BodySize=7.549999999999272, ATR14=15.08,Tolerance=1.32, Threshold=20.00
2026-06-17 13:35:10,194 - INFO - Momentum Check: Time=2026-06-17 13:25:00+05:30, O=24034.45, C=24034.25, H = 24039.3, L = 24032.1, TotalSize=7.200000000000728, BodySize=0.2000000000007276, ATR14=14.94,Tolerance=0.72, Threshold=20.00
2026-06-17 13:40:10,645 - INFO - Momentum Check: Time=2026-06-17 13:30:00+05:30, O=24035.1, C=24044.05, H = 24044.65, L = 24032.05, TotalSize=12.600000000002183, BodySize=8.950000000000728, ATR14=15.21,Tolerance=1.26, Threshold=20.00
2026-06-17 13:45:11,151 - INFO - Momentum Check: Time=2026-06-17 13:35:00+05:30, O=24045.55, C=24053.35, H = 24061.85, L = 24041, TotalSize=20.849999999998545, BodySize=7.799999999999272, ATR14=15.16,Tolerance=2.08, Threshold=20.00
2026-06-17 13:50:10,604 - INFO - Momentum Check: Time=2026-06-17 13:40:00+05:30, O=24054.3, C=24055.7, H = 24059.3, L = 24047.8, TotalSize=11.5, BodySize=1.4000000000014552, ATR14=15.34,Tolerance=1.15, Threshold=20.00
2026-06-17 13:55:10,223 - INFO - Momentum Check: Time=2026-06-17 13:45:00+05:30, O=24057.15, C=24052.75, H = 24058.55, L = 24044.75, TotalSize=13.799999999999272, BodySize=4.400000000001455, ATR14=15.75,Tolerance=1.38, Threshold=20.00
2026-06-17 14:00:10,677 - INFO - Momentum Check: Time=2026-06-17 13:50:00+05:30, O=24052.95, C=24045.45, H = 24053.15, L = 24029.45, TotalSize=23.700000000000728, BodySize=7.5, ATR14=15.66,Tolerance=2.37, Threshold=20.00
2026-06-17 14:05:10,126 - INFO - Momentum Check: Time=2026-06-17 13:55:00+05:30, O=24046.55, C=24048.85, H = 24051.1, L = 24040.15, TotalSize=10.94999999999709, BodySize=2.2999999999992724, ATR14=15.05,Tolerance=1.09, Threshold=20.00
2026-06-17 14:10:10,576 - INFO - Momentum Check: Time=2026-06-17 14:00:00+05:30, O=24049.85, C=24049.2, H = 24053.45, L = 24043.25, TotalSize=10.200000000000728, BodySize=0.6499999999978172, ATR14=15.21,Tolerance=1.02, Threshold=20.00
2026-06-17 14:15:11,028 - INFO - Momentum Check: Time=2026-06-17 14:05:00+05:30, O=24049.9, C=24041.05, H = 24051.25, L = 24040.05, TotalSize=11.200000000000728, BodySize=8.850000000002183, ATR14=15.28,Tolerance=1.12, Threshold=20.00
2026-06-17 14:20:00,432 - INFO - New trades cutoff time 14:20:00 reached. No new entries allowed. Stopping strategy.
2026-06-17 15:33:35,005 - INFO - Stopping Application...
