2026-02-27 10:05:58,332 - INFO - Starting KiteConnect Trading App...
2026-02-27 10:05:58,332 - INFO - KiteConnect initialized with Access Token
2026-02-27 10:05:58,332 - INFO - Access token found in environment. Testing validity...
2026-02-27 10:05:58,648 - WARNING - Existing access token invalid: Incorrect `api_key` or `access_token`.
2026-02-27 10:06:39,448 - INFO - Session generated. Access Token: LAXjTuAZbqt7tA2SeXMqgVRHSOKrOe2A
2026-02-27 10:06:39,458 - INFO - Strategies Initialized: Iron Fly & Momentum Buy on NIFTY
2026-02-27 10:06:39,459 - INFO - Application Initialized. Starting Main Loop...
2026-02-27 10:06:39,498 - INFO - NIFTY Spot: 25315.4 -> ATM Strike: 25300
2026-02-27 10:06:39,498 - INFO - Entering Iron Fly at ATM 25300
2026-02-27 10:06:39,562 - INFO - Order placed. ID: 260227150438696
2026-02-27 10:06:39,562 - INFO - Order Placed: BUY NIFTY2630225800CE Qty=65 ID=260227150438696
2026-02-27 10:06:39,613 - INFO - Trade logged to logs\2026-02-27\trades.csv: IronFly BUY NIFTY2630225800CE
2026-02-27 10:06:39,705 - INFO - Entered BUY NIFTY2630225800CE at approx 9.25
2026-02-27 10:06:39,826 - INFO - Order placed. ID: 260227150438736
2026-02-27 10:06:39,826 - INFO - Order Placed: BUY NIFTY2630224800PE Qty=65 ID=260227150438736
2026-02-27 10:06:39,876 - INFO - Trade logged to logs\2026-02-27\trades.csv: IronFly BUY NIFTY2630224800PE
2026-02-27 10:06:39,918 - INFO - Entered BUY NIFTY2630224800PE at approx 12
2026-02-27 10:06:40,056 - INFO - Order placed. ID: 260227150438770
2026-02-27 10:06:40,057 - INFO - Order Placed: SELL NIFTY2630225300CE Qty=65 ID=260227150438770
2026-02-27 10:06:40,097 - INFO - Trade logged to logs\2026-02-27\trades.csv: IronFly SELL NIFTY2630225300CE
2026-02-27 10:06:40,190 - INFO - Entered SELL NIFTY2630225300CE at approx 124.8
2026-02-27 10:06:40,256 - INFO - Order placed. ID: 260227150438806
2026-02-27 10:06:40,262 - INFO - Order Placed: SELL NIFTY2630225300PE Qty=65 ID=260227150438806
2026-02-27 10:06:40,357 - INFO - Trade logged to logs\2026-02-27\trades.csv: IronFly SELL NIFTY2630225300PE
2026-02-27 10:06:40,396 - INFO - Entered SELL NIFTY2630225300PE at approx 99.15
2026-02-27 10:06:41,440 - INFO - Trailing SL adjusted to -1986.9999999999993
2026-02-27 10:06:42,538 - INFO - Trailing SL adjusted to -1964.2499999999998
2026-02-27 10:07:57,955 - INFO - Trailing SL adjusted to -1957.7500000000002
2026-02-27 10:15:10,535 - INFO - Momentum Check: Time=2026-02-27 10:00:00+05:30, O=25330.3, C=25322.6, H = 25334.15, L = 25308.6, TotalSize=25.55000000000291, BodySize=7.700000000000728, ATR14=45.29,Tolerance=2.56, Threshold=45.29
2026-02-27 10:25:15,501 - ERROR - Error fetching quote for ['NFO:NIFTY2630225800CE', 'NFO:NIFTY2630224800PE', 'NFO:NIFTY2630225300CE', 'NFO:NIFTY2630225300PE']: ('Connection aborted.', RemoteDisconnected('Remote end closed connection without response'))
2026-02-27 10:30:10,480 - INFO - Momentum Check: Time=2026-02-27 10:15:00+05:30, O=25321.95, C=25324.3, H = 25333, L = 25292.4, TotalSize=40.599999999998545, BodySize=2.349999999998545, ATR14=45.36,Tolerance=4.06, Threshold=45.36
2026-02-27 10:35:05,962 - INFO - Trailing SL adjusted to -1951.2499999999995
2026-02-27 10:35:13,446 - INFO - Trailing SL adjusted to -1951.2499999999993
2026-02-27 10:39:06,726 - INFO - Trailing SL adjusted to -1938.2499999999998
2026-02-27 10:39:10,926 - INFO - Trailing SL adjusted to -1938.2499999999995
2026-02-27 10:45:10,683 - INFO - Momentum Check: Time=2026-02-27 10:30:00+05:30, O=25324.35, C=25315.25, H = 25346.45, L = 25314.6, TotalSize=31.850000000002183, BodySize=9.099999999998545, ATR14=43.97,Tolerance=3.19, Threshold=43.97
2026-02-27 10:47:23,983 - INFO - Trailing SL adjusted to -1905.7499999999998
2026-02-27 10:51:39,678 - INFO - Trailing SL adjusted to -1905.749999999999
2026-02-27 10:52:11,383 - INFO - Trailing SL adjusted to -1895.999999999999
2026-02-27 10:52:19,735 - INFO - Trailing SL adjusted to -1860.2499999999995
2026-02-27 10:52:33,440 - INFO - Trailing SL adjusted to -1847.2500000000007
2026-02-27 10:52:35,554 - INFO - Trailing SL adjusted to -1827.7500000000005
2026-02-27 10:54:03,020 - INFO - Trailing SL adjusted to -1762.75
2026-02-27 10:54:28,237 - INFO - Trailing SL adjusted to -1746.5
2026-02-27 11:00:11,417 - INFO - Momentum Check: Time=2026-02-27 10:45:00+05:30, O=25315.25, C=25304.65, H = 25326.65, L = 25304.25, TotalSize=22.400000000001455, BodySize=10.599999999998545, ATR14=44.24,Tolerance=2.24, Threshold=44.24
2026-02-27 11:15:10,410 - INFO - Momentum Check: Time=2026-02-27 11:00:00+05:30, O=25305.35, C=25335, H = 25338.2, L = 25305.15, TotalSize=33.04999999999927, BodySize=29.650000000001455, ATR14=44.04,Tolerance=3.30, Threshold=44.04
2026-02-27 11:19:14,295 - INFO - Trailing SL adjusted to -1701.0
2026-02-27 11:21:45,114 - INFO - Trailing SL adjusted to -1684.7499999999998
2026-02-27 11:23:09,614 - INFO - Trailing SL adjusted to -1678.2500000000002
2026-02-27 11:23:10,657 - INFO - Trailing SL adjusted to -1671.75
2026-02-27 11:23:13,779 - INFO - Trailing SL adjusted to -1658.75
2026-02-27 11:23:14,813 - INFO - Trailing SL adjusted to -1645.7500000000005
2026-02-27 11:23:23,127 - INFO - Trailing SL adjusted to -1642.4999999999993
2026-02-27 11:23:26,246 - INFO - Trailing SL adjusted to -1635.9999999999995
2026-02-27 11:23:49,140 - INFO - Trailing SL adjusted to -1632.7500000000005
2026-02-27 11:23:51,217 - INFO - Trailing SL adjusted to -1626.25
2026-02-27 11:23:52,263 - INFO - Trailing SL adjusted to -1616.5000000000002
2026-02-27 11:26:03,530 - INFO - Trailing SL adjusted to -1616.5
2026-02-27 11:26:17,043 - INFO - Trailing SL adjusted to -1613.249999999999
2026-02-27 11:26:45,090 - INFO - Trailing SL adjusted to -1606.75
2026-02-27 11:26:46,126 - INFO - Trailing SL adjusted to -1600.2499999999993
2026-02-27 11:30:10,678 - INFO - Momentum Check: Time=2026-02-27 11:15:00+05:30, O=25334.55, C=25307, H = 25341.65, L = 25302.8, TotalSize=38.85000000000218, BodySize=27.549999999999272, ATR14=42.93,Tolerance=3.89, Threshold=42.93
2026-02-27 11:45:10,704 - INFO - Momentum Check: Time=2026-02-27 11:30:00+05:30, O=25307.9, C=25295.1, H = 25308.75, L = 25271.75, TotalSize=37.0, BodySize=12.80000000000291, ATR14=42.99,Tolerance=3.70, Threshold=42.99
2026-02-27 11:45:15,901 - INFO - Trailing SL adjusted to -1584.0000000000005
2026-02-27 12:00:03,391 - INFO - Trailing SL adjusted to -1574.2500000000005
2026-02-27 12:00:10,716 - INFO - Momentum Check: Time=2026-02-27 11:45:00+05:30, O=25295.15, C=25313.4, H = 25317.75, L = 25295.15, TotalSize=22.599999999998545, BodySize=18.25, ATR14=38.81,Tolerance=2.26, Threshold=40.00
2026-02-27 12:00:40,902 - INFO - Trailing SL adjusted to -1574.25
2026-02-27 12:00:46,108 - INFO - Trailing SL adjusted to -1570.9999999999995
2026-02-27 12:00:52,365 - INFO - Trailing SL adjusted to -1558.0
2026-02-27 12:01:11,151 - INFO - Trailing SL adjusted to -1531.9999999999995
2026-02-27 12:01:40,315 - INFO - Trailing SL adjusted to -1522.2500000000002
2026-02-27 12:01:53,851 - INFO - Trailing SL adjusted to -1509.2500000000002
2026-02-27 12:15:10,679 - INFO - Momentum Check: Time=2026-02-27 12:00:00+05:30, O=25313.4, C=25284.95, H = 25328.45, L = 25284.8, TotalSize=43.650000000001455, BodySize=28.450000000000728, ATR14=39.02,Tolerance=4.37, Threshold=40.00
2026-02-27 12:27:35,842 - INFO - Trailing SL adjusted to -1505.9999999999993
2026-02-27 12:27:51,423 - INFO - Trailing SL adjusted to -1505.999999999999
2026-02-27 12:28:19,644 - INFO - Trailing SL adjusted to -1502.7499999999995
2026-02-27 12:28:34,206 - INFO - Trailing SL adjusted to -1499.5
2026-02-27 12:28:36,293 - INFO - Trailing SL adjusted to -1486.4999999999993
2026-02-27 12:28:37,333 - INFO - Trailing SL adjusted to -1476.7500000000002
2026-02-27 12:28:42,523 - INFO - Trailing SL adjusted to -1434.4999999999995
2026-02-27 12:30:10,964 - INFO - Momentum Check: Time=2026-02-27 12:15:00+05:30, O=25285.35, C=25300.6, H = 25313.15, L = 25270.05, TotalSize=43.10000000000218, BodySize=15.25, ATR14=38.57,Tolerance=4.31, Threshold=40.00
2026-02-27 12:45:10,877 - INFO - Momentum Check: Time=2026-02-27 12:30:00+05:30, O=25300.55, C=25277.2, H = 25309.05, L = 25274.45, TotalSize=34.599999999998545, BodySize=23.349999999998545, ATR14=39.59,Tolerance=3.46, Threshold=40.00
2026-02-27 12:50:26,847 - INFO - Trailing SL adjusted to -1411.75
2026-02-27 12:50:39,370 - INFO - Trailing SL adjusted to -1402.0
2026-02-27 13:00:10,521 - INFO - Momentum Check: Time=2026-02-27 12:45:00+05:30, O=25276.75, C=25276.95, H = 25294.75, L = 25268.7, TotalSize=26.049999999999272, BodySize=0.2000000000007276, ATR14=33.38,Tolerance=2.60, Threshold=40.00
2026-02-27 13:06:11,703 - INFO - Trailing SL adjusted to -1401.9999999999993
2026-02-27 13:06:18,966 - INFO - Trailing SL adjusted to -1389.0000000000002
2026-02-27 13:06:20,016 - INFO - Trailing SL adjusted to -1388.9999999999995
2026-02-27 13:06:22,110 - INFO - Trailing SL adjusted to -1379.2499999999998
2026-02-27 13:06:30,435 - INFO - Trailing SL adjusted to -1372.7499999999998
2026-02-27 13:07:32,883 - INFO - Trailing SL adjusted to -1363.0
2026-02-27 13:07:36,017 - INFO - Trailing SL adjusted to -1356.5
2026-02-27 13:07:39,144 - INFO - Trailing SL adjusted to -1346.7499999999995
2026-02-27 13:07:41,217 - INFO - Trailing SL adjusted to -1301.2499999999995
2026-02-27 13:15:11,004 - INFO - Momentum Check: Time=2026-02-27 13:00:00+05:30, O=25277.15, C=25289.7, H = 25296.85, L = 25274.25, TotalSize=22.599999999998545, BodySize=12.549999999999272, ATR14=32.68,Tolerance=2.26, Threshold=40.00
2026-02-27 13:22:43,364 - INFO - Trailing SL adjusted to -1268.75
2026-02-27 13:30:10,554 - INFO - Momentum Check: Time=2026-02-27 13:15:00+05:30, O=25288.8, C=25300.75, H = 25300.95, L = 25281.65, TotalSize=19.299999999999272, BodySize=11.950000000000728, ATR14=31.51,Tolerance=1.93, Threshold=40.00
2026-02-27 13:39:19,729 - INFO - Trailing SL adjusted to -1262.2499999999995
2026-02-27 13:39:33,269 - INFO - Trailing SL adjusted to -1259.0000000000005
2026-02-27 13:39:34,302 - INFO - Trailing SL adjusted to -1239.4999999999995
2026-02-27 13:40:02,346 - INFO - Trailing SL adjusted to -1236.25
2026-02-27 13:40:03,386 - INFO - Trailing SL adjusted to -1223.2499999999995
2026-02-27 13:40:07,536 - INFO - Trailing SL adjusted to -1219.9999999999995
2026-02-27 13:40:09,621 - INFO - Trailing SL adjusted to -1216.7500000000002
2026-02-27 13:42:11,175 - INFO - Trailing SL adjusted to -1070.499999999999
2026-02-27 13:45:11,088 - INFO - Momentum Check: Time=2026-02-27 13:30:00+05:30, O=25300.2, C=25300.95, H = 25313.75, L = 25288.1, TotalSize=25.650000000001455, BodySize=0.75, ATR14=31.52,Tolerance=2.57, Threshold=40.00
2026-02-27 13:47:52,282 - INFO - Trailing SL adjusted to -1067.2499999999993
2026-02-27 13:49:04,007 - INFO - Trailing SL adjusted to -1050.999999999999
2026-02-27 13:50:10,443 - INFO - Trailing SL adjusted to -1008.75
2026-02-27 13:50:11,484 - INFO - Trailing SL adjusted to -1005.5
2026-02-27 13:56:50,381 - INFO - Trailing SL adjusted to -998.9999999999998
2026-02-27 14:00:10,680 - INFO - Momentum Check: Time=2026-02-27 13:45:00+05:30, O=25302.35, C=25343.15, H = 25343.95, L = 25300.95, TotalSize=43.0, BodySize=40.80000000000291, ATR14=31.69,Tolerance=4.30, Threshold=40.00
2026-02-27 14:00:10,681 - INFO - Momentum Signal! BUY_CE NIFTY2630225350CE. Spot: 25343.15, SL Level: 25300.95
2026-02-27 14:00:10,742 - INFO - Order placed. ID: 260227151166190
2026-02-27 14:00:10,742 - INFO - Order Placed: BUY NIFTY2630225350CE Qty=65 ID=260227151166190
2026-02-27 14:00:10,782 - INFO - Trade logged to logs\2026-02-27\trades.csv: MomentumBuy BUY NIFTY2630225350CE
2026-02-27 14:00:10,819 - INFO - Entered NIFTY2630225350CE at 103.65. Initial SL: 83.65
2026-02-27 14:00:29,182 - INFO - Trailing SL Updated for NIFTY2630225350CE: 84 (LTP: 104)
2026-02-27 14:00:41,079 - INFO - Trailing SL Updated for NIFTY2630225350CE: 84.25 (LTP: 104.25)
2026-02-27 14:00:42,157 - INFO - Trailing SL Updated for NIFTY2630225350CE: 84.55 (LTP: 104.55)
2026-02-27 14:00:44,313 - INFO - Trailing SL Updated for NIFTY2630225350CE: 84.7 (LTP: 104.7)
2026-02-27 14:00:45,391 - INFO - Trailing SL Updated for NIFTY2630225350CE: 85.95 (LTP: 105.95)
2026-02-27 14:00:51,894 - INFO - Trailing SL Updated for NIFTY2630225350CE: 87.75 (LTP: 107.75)
2026-02-27 14:02:19,585 - INFO - Trailing SL adjusted to -985.9999999999997
2026-02-27 14:02:20,666 - INFO - Trailing SL adjusted to -982.75
2026-02-27 14:02:23,923 - INFO - Trailing SL adjusted to -979.5
2026-02-27 14:02:29,327 - INFO - Trailing SL adjusted to -966.5
2026-02-27 14:02:41,228 - INFO - Trailing SL adjusted to -959.9999999999995
2026-02-27 14:02:43,397 - INFO - Trailing SL adjusted to -927.5000000000002
2026-02-27 14:03:03,978 - INFO - Trailing SL adjusted to -898.2500000000002
2026-02-27 14:06:05,870 - INFO - Trailing SL adjusted to -895.0
2026-02-27 14:06:08,021 - INFO - Trailing SL adjusted to -872.2500000000002
2026-02-27 14:06:09,099 - INFO - Trailing SL adjusted to -852.7499999999995
2026-02-27 14:06:11,207 - INFO - Trailing SL adjusted to -839.7500000000002
2026-02-27 14:06:13,360 - INFO - Trailing SL adjusted to -800.7499999999991
2026-02-27 14:13:29,633 - INFO - Trailing SL adjusted to -794.2499999999995
2026-02-27 14:18:59,305 - INFO - Trailing SL adjusted to -777.9999999999998
2026-02-27 14:21:07,129 - INFO - Trailing SL adjusted to -774.75
2026-02-27 14:22:38,023 - INFO - Trailing SL adjusted to -752.0
2026-02-27 14:22:52,120 - INFO - Trailing SL adjusted to -719.4999999999991
2026-02-27 14:22:52,159 - INFO - SL Hit for NIFTY2630225350CE at 87.75. Exiting...
2026-02-27 14:22:52,213 - INFO - Order placed. ID: 260227151232102
2026-02-27 14:22:52,213 - INFO - Order Placed: SELL NIFTY2630225350CE Qty=65 ID=260227151232102
2026-02-27 14:22:52,262 - INFO - Trade logged to logs\2026-02-27\trades.csv: MomentumBuy SELL NIFTY2630225350CE
2026-02-27 14:22:52,263 - INFO - Momentum Trade Exited.
2026-02-27 14:26:54,029 - INFO - Trailing SL adjusted to -712.9999999999998
2026-02-27 14:26:56,102 - INFO - Trailing SL adjusted to -706.5
2026-02-27 14:26:57,145 - INFO - Trailing SL adjusted to -703.2499999999991
2026-02-27 14:26:58,184 - INFO - Trailing SL adjusted to -693.5
2026-02-27 14:27:05,464 - INFO - Trailing SL adjusted to -667.5
2026-02-27 14:27:10,675 - INFO - Trailing SL adjusted to -651.2500000000005
2026-02-27 14:27:13,795 - INFO - Trailing SL adjusted to -641.4999999999991
2026-02-27 14:27:23,159 - INFO - Trailing SL adjusted to -638.2499999999995
2026-02-27 14:27:50,198 - INFO - Trailing SL adjusted to -631.7500000000005
2026-02-27 14:28:20,347 - INFO - Trailing SL adjusted to -625.25
2026-02-27 14:30:08,550 - INFO - Trailing SL adjusted to -576.5000000000002
2026-02-27 14:30:10,675 - INFO - Momentum Check: Time=2026-02-27 14:15:00+05:30, O=25324.2, C=25293.55, H = 25328.9, L = 25291.05, TotalSize=37.85000000000218, BodySize=30.650000000001455, ATR14=33.12,Tolerance=3.79, Threshold=40.00
2026-02-27 14:30:11,719 - INFO - Trailing SL adjusted to -560.25
2026-02-27 14:35:39,813 - INFO - Trailing SL adjusted to -557.0
2026-02-27 14:35:40,863 - INFO - Trailing SL adjusted to -547.2499999999995
2026-02-27 14:35:42,935 - INFO - Trailing SL adjusted to -543.9999999999995
2026-02-27 14:36:46,923 - ERROR - Error fetching quote for ['NFO:NIFTY2630225800CE', 'NFO:NIFTY2630224800PE', 'NFO:NIFTY2630225300CE', 'NFO:NIFTY2630225300PE']: ('Connection aborted.', RemoteDisconnected('Remote end closed connection without response'))
2026-02-27 14:37:03,865 - INFO - Trailing SL adjusted to -540.7499999999995
2026-02-27 14:37:07,072 - INFO - Trailing SL adjusted to -534.2499999999995
2026-02-27 14:37:08,148 - INFO - Trailing SL adjusted to -524.5000000000002
2026-02-27 14:37:09,192 - INFO - Trailing SL adjusted to -524.4999999999991
2026-02-27 14:37:12,339 - INFO - Trailing SL adjusted to -521.2499999999995
2026-02-27 14:37:22,926 - INFO - Trailing SL adjusted to -511.5000000000002
2026-02-27 14:37:23,984 - INFO - Trailing SL adjusted to -508.24999999999955
2026-02-27 14:37:55,916 - INFO - Trailing SL adjusted to -505.0
2026-02-27 14:38:37,164 - INFO - Trailing SL adjusted to -498.5000000000002
2026-02-27 14:38:43,490 - INFO - Trailing SL adjusted to -485.4999999999991
2026-02-27 14:38:53,486 - INFO - Trailing SL adjusted to -482.25
2026-02-27 14:39:21,106 - INFO - Trailing SL adjusted to -478.99999999999955
2026-02-27 14:40:00,554 - INFO - Trailing SL adjusted to -439.9999999999998
2026-02-27 14:40:01,602 - INFO - Trailing SL adjusted to -427.00000000000045
2026-02-27 14:45:10,609 - INFO - Momentum Check: Time=2026-02-27 14:30:00+05:30, O=25293.55, C=25292.35, H = 25309.55, L = 25287, TotalSize=22.549999999999272, BodySize=1.2000000000007276, ATR14=32.37,Tolerance=2.25, Threshold=40.00
2026-02-27 15:00:10,947 - INFO - Trailing SL adjusted to -336.0
2026-02-27 15:00:10,995 - INFO - Momentum Check: Time=2026-02-27 14:45:00+05:30, O=25294.1, C=25312.4, H = 25314.8, L = 25287.8, TotalSize=27.0, BodySize=18.30000000000291, ATR14=31.52,Tolerance=2.70, Threshold=40.00
2026-02-27 15:00:12,041 - INFO - Trailing SL adjusted to -280.74999999999955
2026-02-27 15:00:15,220 - INFO - Trailing SL adjusted to -225.49999999999955
2026-02-27 15:01:59,248 - INFO - Trailing SL adjusted to -189.74999999999955
2026-02-27 15:05:49,870 - INFO - Trailing SL Hit! MTM: -240.4999999999991 <= SL: -189.74999999999955
2026-02-27 15:05:49,871 - INFO - Exiting all positions...
2026-02-27 15:05:49,933 - INFO - Order placed. ID: 260227151397959
2026-02-27 15:05:49,934 - INFO - Order Placed: BUY NIFTY2630225300CE Qty=65 ID=260227151397959
2026-02-27 15:05:49,975 - INFO - Trade logged to logs\2026-02-27\trades.csv: IronFly BUY NIFTY2630225300CE
2026-02-27 15:05:49,975 - INFO - Exit (Cover): BUY NIFTY2630225300CE
2026-02-27 15:05:50,036 - INFO - Order placed. ID: 260227151397974
2026-02-27 15:05:50,037 - INFO - Order Placed: BUY NIFTY2630225300PE Qty=65 ID=260227151397974
2026-02-27 15:05:50,081 - INFO - Trade logged to logs\2026-02-27\trades.csv: IronFly BUY NIFTY2630225300PE
2026-02-27 15:05:50,082 - INFO - Exit (Cover): BUY NIFTY2630225300PE
2026-02-27 15:05:50,145 - INFO - Order placed. ID: 260227151397997
2026-02-27 15:05:50,146 - INFO - Order Placed: SELL NIFTY2630225800CE Qty=65 ID=260227151397997
2026-02-27 15:05:50,254 - INFO - Trade logged to logs\2026-02-27\trades.csv: IronFly SELL NIFTY2630225800CE
2026-02-27 15:05:50,255 - INFO - Exit (Close): SELL NIFTY2630225800CE
2026-02-27 15:05:50,323 - INFO - Order placed. ID: 260227151398028
2026-02-27 15:05:50,325 - INFO - Order Placed: SELL NIFTY2630224800PE Qty=65 ID=260227151398028
2026-02-27 15:05:50,372 - INFO - Trade logged to logs\2026-02-27\trades.csv: IronFly SELL NIFTY2630224800PE
2026-02-27 15:05:50,372 - INFO - Exit (Close): SELL NIFTY2630224800PE
2026-02-27 15:05:50,373 - INFO - Iron Fly Strategy Exited. Final MTM (approx peak): 1810.2500000000005
2026-02-27 15:15:10,792 - INFO - Momentum Check: Time=2026-02-27 15:00:00+05:30, O=25309.45, C=25167.9, H = 25309.45, L = 25141.3, TotalSize=168.15000000000146, BodySize=141.54999999999927, ATR14=40.89,Tolerance=5.00, Threshold=40.89
2026-02-27 15:20:00,901 - INFO - End time 15:20:00 reached. Stopping strategy.
2026-02-28 08:14:04,692 - INFO - Stopping Application...
