2026-03-05 10:24:31,446 - INFO - Starting KiteConnect Trading App...
2026-03-05 10:24:31,446 - WARNING - No Access Token found. You may need to generate one.
2026-03-05 10:25:32,967 - INFO - Session generated. Access Token: x3CX25XJRkWiNpCb9fAG4aF8bdQB4AaK
2026-03-05 10:25:32,972 - INFO - Strategies Initialized: Iron Fly, Momentum Buy & ORB on NIFTY
2026-03-05 10:25:32,974 - INFO - Application Initialized. Starting Main Loop...
2026-03-05 10:25:33,008 - INFO - NIFTY Spot: 24573.85 -> ATM Strike: 24550
2026-03-05 10:25:33,008 - INFO - Entering Iron Fly at ATM 24550
2026-03-05 10:25:33,077 - INFO - Order placed. ID: 260305150625280
2026-03-05 10:25:33,077 - INFO - Order Placed: BUY NIFTY2631025050CE Qty=65 ID=260305150625280
2026-03-05 10:25:33,122 - INFO - Trade logged to logs\2026-03-05\trades.csv: IronFly BUY NIFTY2631025050CE
2026-03-05 10:25:33,161 - INFO - Entered BUY NIFTY2631025050CE at approx 57.05
2026-03-05 10:25:33,222 - INFO - Order placed. ID: 260305150625301
2026-03-05 10:25:33,222 - INFO - Order Placed: BUY NIFTY2631024050PE Qty=65 ID=260305150625301
2026-03-05 10:25:33,262 - INFO - Trade logged to logs\2026-03-05\trades.csv: IronFly BUY NIFTY2631024050PE
2026-03-05 10:25:33,305 - INFO - Entered BUY NIFTY2631024050PE at approx 90.1
2026-03-05 10:25:33,370 - INFO - Order placed. ID: 260305150625318
2026-03-05 10:25:33,371 - INFO - Order Placed: SELL NIFTY2631024550CE Qty=65 ID=260305150625318
2026-03-05 10:25:33,413 - INFO - Trade logged to logs\2026-03-05\trades.csv: IronFly SELL NIFTY2631024550CE
2026-03-05 10:25:33,457 - INFO - Entered SELL NIFTY2631024550CE at approx 252.8
2026-03-05 10:25:33,529 - INFO - Order placed. ID: 260305150625331
2026-03-05 10:25:33,530 - INFO - Order Placed: SELL NIFTY2631024550PE Qty=65 ID=260305150625331
2026-03-05 10:25:33,570 - INFO - Trade logged to logs\2026-03-05\trades.csv: IronFly SELL NIFTY2631024550PE
2026-03-05 10:25:33,618 - INFO - Entered SELL NIFTY2631024550PE at approx 218.65
2026-03-05 10:25:33,672 - INFO - Momentum Check: Time=2026-03-05 10:20:00+05:30, O=24594.3, C=24581.45, H = 24598.2, L = 24574.4, TotalSize=23.799999999999272, BodySize=12.849999999998545, ATR14=41.74,Tolerance=2.38, Threshold=41.74
2026-03-05 10:25:33,738 - INFO - ORB Check [10:20:00]: C=24679, ORB_H=24732.4, ORB_L=24625, VWAP=24687.35, VolMA(5)=53456.00, Vol=45825, ATR14=44.39
2026-03-05 10:30:10,356 - INFO - Momentum Check: Time=2026-03-05 10:25:00+05:30, O=24582.6, C=24564.55, H = 24584.6, L = 24538.55, TotalSize=46.04999999999927, BodySize=18.049999999999272, ATR14=37.68,Tolerance=4.60, Threshold=37.68
2026-03-05 10:30:10,466 - INFO - ORB Check [10:25:00]: C=24663.3, ORB_H=24732.4, ORB_L=24625, VWAP=24685.81, VolMA(5)=47398.00, Vol=91975, ATR14=45.06
2026-03-05 10:35:10,569 - INFO - Momentum Check: Time=2026-03-05 10:30:00+05:30, O=24563.7, C=24559.6, H = 24572.05, L = 24550.3, TotalSize=21.75, BodySize=4.100000000002183, ATR14=35.50,Tolerance=2.18, Threshold=35.50
2026-03-05 10:35:10,633 - INFO - ORB Check [10:30:00]: C=24656.4, ORB_H=24732.4, ORB_L=24625, VWAP=24685.23, VolMA(5)=52208.00, Vol=40235, ATR14=40.49
2026-03-05 10:40:10,603 - INFO - Momentum Check: Time=2026-03-05 10:35:00+05:30, O=24559.95, C=24627.7, H = 24629.55, L = 24559.7, TotalSize=69.84999999999854, BodySize=67.75, ATR14=36.77,Tolerance=5.00, Threshold=36.77
2026-03-05 10:40:10,604 - INFO - Momentum Signal! BUY_CE NIFTY2631024650CE. Spot: 24627.7, SL Level: 24559.7
2026-03-05 10:40:10,667 - INFO - Order placed. ID: 260305150711194
2026-03-05 10:40:10,667 - INFO - Order Placed: BUY NIFTY2631024650CE Qty=130 ID=260305150711194
2026-03-05 10:40:10,716 - INFO - Trade logged to logs\2026-03-05\trades.csv: MomentumBuy BUY NIFTY2631024650CE
2026-03-05 10:40:10,759 - INFO - Entered NIFTY2631024650CE at 215.25. Initial SL: 195.25
2026-03-05 10:40:10,813 - INFO - ORB Check [10:35:00]: C=24718.4, ORB_H=24732.4, ORB_L=24625, VWAP=24685.75, VolMA(5)=51753.00, Vol=72930, ATR14=38.27
2026-03-05 10:40:11,910 - INFO - Trailing SL Updated for NIFTY2631024650CE: 196.75 (LTP: 216.75)
2026-03-05 10:40:14,261 - INFO - Trailing SL Updated for NIFTY2631024650CE: 197 (LTP: 217)
2026-03-05 10:40:44,759 - INFO - Trailing SL Updated for NIFTY2631024650CE: 198 (LTP: 218)
2026-03-05 10:40:45,908 - INFO - Trailing SL Updated for NIFTY2631024650CE: 198.75 (LTP: 218.75)
2026-03-05 10:40:49,350 - INFO - Trailing SL Updated for NIFTY2631024650CE: 199.05 (LTP: 219.05)
2026-03-05 10:41:16,310 - INFO - Trailing SL Updated for NIFTY2631024650CE: 199.2 (LTP: 219.2)
2026-03-05 10:41:19,565 - INFO - Trailing SL Updated for NIFTY2631024650CE: 199.6 (LTP: 219.6)
2026-03-05 10:41:21,731 - INFO - Profit Target Hit for NIFTY2631024650CE! MTM: 805.9999999999985 >= 780. Exiting...
2026-03-05 10:41:21,795 - INFO - Order placed. ID: 260305150717716
2026-03-05 10:41:21,795 - INFO - Order Placed: SELL NIFTY2631024650CE Qty=130 ID=260305150717716
2026-03-05 10:41:21,860 - INFO - Trade logged to logs\2026-03-05\trades.csv: MomentumBuy SELL NIFTY2631024650CE
2026-03-05 10:41:21,860 - INFO - Momentum Trade Exited.
2026-03-05 10:45:10,833 - INFO - Momentum Check: Time=2026-03-05 10:40:00+05:30, O=24627.85, C=24650.95, H = 24653.95, L = 24625.85, TotalSize=28.100000000002183, BodySize=23.100000000002183, ATR14=36.19,Tolerance=2.81, Threshold=36.19
2026-03-05 10:45:10,929 - INFO - ORB Check [10:40:00]: C=24741.3, ORB_H=24732.4, ORB_L=24625, VWAP=24688.08, VolMA(5)=57915.00, Vol=96785, ATR14=38.74
2026-03-05 10:45:10,930 - INFO - ORB Signal Confirmed! LONG signal at spot 24741.3
2026-03-05 10:45:11,001 - INFO - Order placed. ID: 260305150738819
2026-03-05 10:45:11,002 - INFO - Order Placed: BUY NIFTY2631024650CE Qty=130 ID=260305150738819
2026-03-05 10:45:11,043 - INFO - Trade logged to logs\2026-03-05\trades.csv: ORBStrategy BUY NIFTY2631024650CE
2026-03-05 10:45:11,085 - INFO - Entered BUY NIFTY2631024650CE at spot ~24741.3. Initial Spot SL: 24683.20
2026-03-05 10:50:11,127 - INFO - Momentum Check: Time=2026-03-05 10:45:00+05:30, O=24651.05, C=24641.55, H = 24660.25, L = 24639.8, TotalSize=20.450000000000728, BodySize=9.5, ATR14=35.04,Tolerance=2.05, Threshold=35.04
2026-03-05 10:55:10,523 - INFO - Momentum Check: Time=2026-03-05 10:50:00+05:30, O=24639.95, C=24644.25, H = 24645.75, L = 24629.25, TotalSize=16.5, BodySize=4.299999999999272, ATR14=31.25,Tolerance=1.65, Threshold=31.25
2026-03-05 11:00:11,247 - INFO - Momentum Check: Time=2026-03-05 10:55:00+05:30, O=24646.25, C=24666.55, H = 24672.4, L = 24645.75, TotalSize=26.650000000001455, BodySize=20.299999999999272, ATR14=30.81,Tolerance=2.67, Threshold=30.81
2026-03-05 11:05:10,268 - INFO - Momentum Check: Time=2026-03-05 11:00:00+05:30, O=24667.2, C=24648.1, H = 24672.8, L = 24639.05, TotalSize=33.75, BodySize=19.100000000002183, ATR14=29.80,Tolerance=3.38, Threshold=30.00
2026-03-05 11:06:10,657 - INFO - Stopping Application...
2026-03-05 11:06:17,101 - INFO - Starting KiteConnect Trading App...
2026-03-05 11:06:17,101 - WARNING - No Access Token found. You may need to generate one.
2026-03-05 11:06:53,401 - INFO - Session generated. Access Token: x3CX25XJRkWiNpCb9fAG4aF8bdQB4AaK
2026-03-05 11:06:53,401 - INFO - Restoring IronFly positions from log...
2026-03-05 11:06:53,401 - INFO - Restoring ORB position from log...
2026-03-05 11:06:53,401 - INFO - Strategies Initialized: Iron Fly, Momentum Buy & ORB on NIFTY
2026-03-05 11:06:53,406 - INFO - Application Initialized. Starting Main Loop...
2026-03-05 11:06:53,453 - INFO - Strategy MTM: -31395.00 | Max MTM: -999999.00 | Trailing SL: -2000.00
2026-03-05 11:06:53,453 - INFO - Trailing SL Hit! MTM: -31395.0 <= SL: -2000
2026-03-05 11:06:53,454 - INFO - Exiting all positions...
2026-03-05 11:06:53,522 - INFO - Order placed. ID: 260305150839813
2026-03-05 11:06:53,522 - INFO - Order Placed: BUY NIFTY2631024550CE Qty=65 ID=260305150839813
2026-03-05 11:06:53,576 - INFO - Trade logged to logs\2026-03-05\trades.csv: IronFly BUY NIFTY2631024550CE
2026-03-05 11:06:53,576 - INFO - Exit (Cover): BUY NIFTY2631024550CE
2026-03-05 11:06:53,643 - INFO - Order placed. ID: 260305150839817
2026-03-05 11:06:53,644 - INFO - Order Placed: BUY NIFTY2631024550PE Qty=65 ID=260305150839817
2026-03-05 11:06:53,688 - INFO - Trade logged to logs\2026-03-05\trades.csv: IronFly BUY NIFTY2631024550PE
2026-03-05 11:06:53,688 - INFO - Exit (Cover): BUY NIFTY2631024550PE
2026-03-05 11:06:53,754 - INFO - Order placed. ID: 260305150839821
2026-03-05 11:06:53,756 - INFO - Order Placed: SELL NIFTY2631025050CE Qty=65 ID=260305150839821
2026-03-05 11:06:53,797 - INFO - Trade logged to logs\2026-03-05\trades.csv: IronFly SELL NIFTY2631025050CE
2026-03-05 11:06:53,797 - INFO - Exit (Close): SELL NIFTY2631025050CE
2026-03-05 11:06:53,872 - INFO - Order placed. ID: 260305150839830
2026-03-05 11:06:53,872 - INFO - Order Placed: SELL NIFTY2631024050PE Qty=65 ID=260305150839830
2026-03-05 11:06:53,921 - INFO - Trade logged to logs\2026-03-05\trades.csv: IronFly SELL NIFTY2631024050PE
2026-03-05 11:06:53,921 - INFO - Exit (Close): SELL NIFTY2631024050PE
2026-03-05 11:06:53,921 - INFO - Iron Fly Strategy Exited. Final MTM (approx peak): -31395.0
2026-03-05 11:10:11,826 - INFO - Momentum Check: Time=2026-03-05 11:05:00+05:30, O=24649.15, C=24655.15, H = 24667.7, L = 24645.65, TotalSize=22.049999999999272, BodySize=6.0, ATR14=29.25,Tolerance=2.20, Threshold=30.00
2026-03-05 11:15:10,719 - INFO - Momentum Check: Time=2026-03-05 11:10:00+05:30, O=24656.4, C=24643.2, H = 24657.4, L = 24643.2, TotalSize=14.200000000000728, BodySize=13.200000000000728, ATR14=28.43,Tolerance=1.42, Threshold=30.00
2026-03-05 11:20:10,195 - INFO - Momentum Check: Time=2026-03-05 11:15:00+05:30, O=24639.85, C=24655.9, H = 24662.95, L = 24636.05, TotalSize=26.900000000001455, BodySize=16.05000000000291, ATR14=28.53,Tolerance=2.69, Threshold=30.00
2026-03-05 11:25:10,986 - INFO - Momentum Check: Time=2026-03-05 11:20:00+05:30, O=24657.65, C=24634.65, H = 24658.1, L = 24626.1, TotalSize=32.0, BodySize=23.0, ATR14=28.31,Tolerance=3.20, Threshold=30.00
2026-03-05 11:30:11,872 - INFO - Momentum Check: Time=2026-03-05 11:25:00+05:30, O=24635.1, C=24612.9, H = 24639.95, L = 24607.7, TotalSize=32.25, BodySize=22.19999999999709, ATR14=29.59,Tolerance=3.23, Threshold=30.00
2026-03-05 11:35:10,552 - INFO - Momentum Check: Time=2026-03-05 11:30:00+05:30, O=24613.65, C=24624.95, H = 24638.3, L = 24611.75, TotalSize=26.549999999999272, BodySize=11.299999999999272, ATR14=29.79,Tolerance=2.65, Threshold=30.00
2026-03-05 11:40:11,369 - INFO - Momentum Check: Time=2026-03-05 11:35:00+05:30, O=24624.8, C=24603.4, H = 24625.6, L = 24593.7, TotalSize=31.899999999997817, BodySize=21.399999999997817, ATR14=28.78,Tolerance=3.19, Threshold=30.00
2026-03-05 11:45:11,110 - INFO - Momentum Check: Time=2026-03-05 11:40:00+05:30, O=24603.95, C=24590.35, H = 24605.85, L = 24588.55, TotalSize=17.299999999999272, BodySize=13.600000000002183, ATR14=28.46,Tolerance=1.73, Threshold=30.00
2026-03-05 11:50:10,391 - INFO - Momentum Check: Time=2026-03-05 11:45:00+05:30, O=24590.75, C=24569.7, H = 24593.15, L = 24567.75, TotalSize=25.400000000001455, BodySize=21.049999999999272, ATR14=25.29,Tolerance=2.54, Threshold=30.00
2026-03-05 11:55:10,576 - INFO - Momentum Check: Time=2026-03-05 11:50:00+05:30, O=24569.2, C=24594.6, H = 24594.6, L = 24556.9, TotalSize=37.69999999999709, BodySize=25.399999999997817, ATR14=25.97,Tolerance=3.77, Threshold=30.00
2026-03-05 12:00:10,671 - INFO - Momentum Check: Time=2026-03-05 11:55:00+05:30, O=24594.85, C=24579.1, H = 24597.55, L = 24560.35, TotalSize=37.20000000000073, BodySize=15.75, ATR14=27.17,Tolerance=3.72, Threshold=30.00
2026-03-05 12:05:10,293 - INFO - Momentum Check: Time=2026-03-05 12:00:00+05:30, O=24580.2, C=24590.15, H = 24596.05, L = 24578.05, TotalSize=18.0, BodySize=9.950000000000728, ATR14=27.27,Tolerance=1.80, Threshold=30.00
2026-03-05 12:10:10,304 - INFO - Momentum Check: Time=2026-03-05 12:05:00+05:30, O=24590.8, C=24588.25, H = 24595.8, L = 24574.45, TotalSize=21.349999999998545, BodySize=2.5499999999992724, ATR14=26.90,Tolerance=2.13, Threshold=30.00
2026-03-05 12:15:10,224 - INFO - Momentum Check: Time=2026-03-05 12:10:00+05:30, O=24587.15, C=24615.5, H = 24616.3, L = 24584.85, TotalSize=31.450000000000728, BodySize=28.349999999998545, ATR14=26.73,Tolerance=3.15, Threshold=30.00
2026-03-05 12:15:10,224 - INFO - Momentum Signal! BUY_CE NIFTY2631024600CE. Spot: 24615.5, SL Level: 24584.85
2026-03-05 12:15:10,302 - INFO - Order placed. ID: 260305151113825
2026-03-05 12:15:10,302 - INFO - Order Placed: BUY NIFTY2631024600CE Qty=130 ID=260305151113825
2026-03-05 12:15:10,395 - INFO - Trade logged to logs\2026-03-05\trades.csv: MomentumBuy BUY NIFTY2631024600CE
2026-03-05 12:15:10,445 - INFO - Entered NIFTY2631024600CE at 233. Initial SL: 213
2026-03-05 12:15:11,545 - INFO - Strategy MTM: Momentum Buy (NIFTY2631024600CE): -39.00 | LTP: 232.7
2026-03-05 12:15:12,644 - INFO - Strategy MTM: Momentum Buy (NIFTY2631024600CE): -97.50 | LTP: 232.25
2026-03-05 12:15:13,728 - INFO - Strategy MTM: Momentum Buy (NIFTY2631024600CE): -104.00 | LTP: 232.2
2026-03-05 12:15:14,864 - INFO - Strategy MTM: Momentum Buy (NIFTY2631024600CE): -188.50 | LTP: 231.55
2026-03-05 12:15:15,975 - INFO - Strategy MTM: Momentum Buy (NIFTY2631024600CE): -136.50 | LTP: 231.95
2026-03-05 12:15:17,059 - INFO - Strategy MTM: Momentum Buy (NIFTY2631024600CE): -71.50 | LTP: 232.45
2026-03-05 12:15:18,186 - INFO - Strategy MTM: Momentum Buy (NIFTY2631024600CE): 19.50 | LTP: 233.15
2026-03-05 12:15:18,186 - INFO - Trailing SL Updated for NIFTY2631024600CE: 213.15 (LTP: 233.15)
2026-03-05 12:15:19,385 - INFO - Strategy MTM: Momentum Buy (NIFTY2631024600CE): -13.00 | LTP: 232.9
2026-03-05 12:15:20,483 - INFO - Strategy MTM: Momentum Buy (NIFTY2631024600CE): -6.50 | LTP: 232.95
2026-03-05 12:15:21,595 - INFO - Strategy MTM: Momentum Buy (NIFTY2631024600CE): 13.00 | LTP: 233.1
2026-03-05 12:15:22,675 - INFO - Strategy MTM: Momentum Buy (NIFTY2631024600CE): 52.00 | LTP: 233.4
2026-03-05 12:15:22,675 - INFO - Trailing SL Updated for NIFTY2631024600CE: 213.4 (LTP: 233.4)
2026-03-05 12:15:23,764 - INFO - Strategy MTM: Momentum Buy (NIFTY2631024600CE): -91.00 | LTP: 232.3
2026-03-05 12:15:24,875 - INFO - Strategy MTM: Momentum Buy (NIFTY2631024600CE): -123.50 | LTP: 232.05
2026-03-05 12:15:25,979 - INFO - Strategy MTM: Momentum Buy (NIFTY2631024600CE): -26.00 | LTP: 232.8
2026-03-05 12:15:27,075 - INFO - Strategy MTM: Momentum Buy (NIFTY2631024600CE): 0.00 | LTP: 233
2026-03-05 12:15:28,168 - INFO - Strategy MTM: Momentum Buy (NIFTY2631024600CE): -65.00 | LTP: 232.5
2026-03-05 12:15:29,289 - INFO - Strategy MTM: Momentum Buy (NIFTY2631024600CE): 0.00 | LTP: 233
2026-03-05 12:15:30,425 - INFO - Strategy MTM: Momentum Buy (NIFTY2631024600CE): 0.00 | LTP: 233
2026-03-05 12:15:31,517 - INFO - Strategy MTM: Momentum Buy (NIFTY2631024600CE): -45.50 | LTP: 232.65
2026-03-05 12:15:32,616 - INFO - Strategy MTM: Momentum Buy (NIFTY2631024600CE): -104.00 | LTP: 232.2
2026-03-05 12:15:33,709 - INFO - Strategy MTM: Momentum Buy (NIFTY2631024600CE): -175.50 | LTP: 231.65
2026-03-05 12:15:34,795 - INFO - Strategy MTM: Momentum Buy (NIFTY2631024600CE): -260.00 | LTP: 231
2026-03-05 12:15:35,943 - INFO - Strategy MTM: Momentum Buy (NIFTY2631024600CE): -214.50 | LTP: 231.35
2026-03-05 12:15:37,095 - INFO - Strategy MTM: Momentum Buy (NIFTY2631024600CE): -312.00 | LTP: 230.6
2026-03-05 12:15:38,205 - INFO - Strategy MTM: Momentum Buy (NIFTY2631024600CE): -390.00 | LTP: 230
2026-03-05 12:15:39,291 - INFO - Strategy MTM: Momentum Buy (NIFTY2631024600CE): -383.50 | LTP: 230.05
2026-03-05 12:15:40,388 - INFO - Strategy MTM: Momentum Buy (NIFTY2631024600CE): -299.00 | LTP: 230.7
2026-03-05 12:15:41,475 - INFO - Strategy MTM: Momentum Buy (NIFTY2631024600CE): -292.50 | LTP: 230.75
2026-03-05 12:15:42,578 - INFO - Strategy MTM: Momentum Buy (NIFTY2631024600CE): -247.00 | LTP: 231.1
2026-03-05 12:15:43,675 - INFO - Strategy MTM: Momentum Buy (NIFTY2631024600CE): -370.50 | LTP: 230.15
2026-03-05 12:15:44,760 - INFO - Strategy MTM: Momentum Buy (NIFTY2631024600CE): -377.00 | LTP: 230.1
2026-03-05 12:15:45,846 - INFO - Strategy MTM: Momentum Buy (NIFTY2631024600CE): -338.00 | LTP: 230.4
2026-03-05 12:15:46,930 - INFO - Strategy MTM: Momentum Buy (NIFTY2631024600CE): -422.50 | LTP: 229.75
2026-03-05 12:15:48,015 - INFO - Strategy MTM: Momentum Buy (NIFTY2631024600CE): -435.50 | LTP: 229.65
2026-03-05 12:15:49,576 - INFO - Strategy MTM: Momentum Buy (NIFTY2631024600CE): -383.50 | LTP: 230.05
2026-03-05 12:15:50,659 - INFO - Strategy MTM: Momentum Buy (NIFTY2631024600CE): -377.00 | LTP: 230.1
2026-03-05 12:15:51,796 - INFO - Strategy MTM: Momentum Buy (NIFTY2631024600CE): -416.00 | LTP: 229.8
2026-03-05 12:15:52,925 - INFO - Strategy MTM: Momentum Buy (NIFTY2631024600CE): -507.00 | LTP: 229.1
2026-03-05 12:15:54,046 - INFO - Strategy MTM: Momentum Buy (NIFTY2631024600CE): -526.50 | LTP: 228.95
2026-03-05 12:15:55,168 - INFO - Strategy MTM: Momentum Buy (NIFTY2631024600CE): -520.00 | LTP: 229
2026-03-05 12:15:56,496 - INFO - Strategy MTM: Momentum Buy (NIFTY2631024600CE): -500.50 | LTP: 229.15
2026-03-05 12:15:57,609 - INFO - Strategy MTM: Momentum Buy (NIFTY2631024600CE): -526.50 | LTP: 228.95
2026-03-05 12:15:58,772 - INFO - Strategy MTM: Momentum Buy (NIFTY2631024600CE): -494.00 | LTP: 229.2
2026-03-05 12:15:59,859 - INFO - Strategy MTM: Momentum Buy (NIFTY2631024600CE): -533.00 | LTP: 228.9
2026-03-05 12:16:00,963 - INFO - Strategy MTM: Momentum Buy (NIFTY2631024600CE): -468.00 | LTP: 229.4
2026-03-05 12:16:02,075 - INFO - Strategy MTM: Momentum Buy (NIFTY2631024600CE): -435.50 | LTP: 229.65
2026-03-05 12:16:03,162 - INFO - Strategy MTM: Momentum Buy (NIFTY2631024600CE): -578.50 | LTP: 228.55
2026-03-05 12:16:04,236 - INFO - Strategy MTM: Momentum Buy (NIFTY2631024600CE): -520.00 | LTP: 229
2026-03-05 12:16:05,346 - INFO - Strategy MTM: Momentum Buy (NIFTY2631024600CE): -390.00 | LTP: 230
2026-03-05 12:16:06,446 - INFO - Strategy MTM: Momentum Buy (NIFTY2631024600CE): -175.50 | LTP: 231.65
2026-03-05 12:16:07,530 - INFO - Strategy MTM: Momentum Buy (NIFTY2631024600CE): -260.00 | LTP: 231
2026-03-05 12:16:08,622 - INFO - Strategy MTM: Momentum Buy (NIFTY2631024600CE): -266.50 | LTP: 230.95
2026-03-05 12:16:09,715 - INFO - Strategy MTM: Momentum Buy (NIFTY2631024600CE): -214.50 | LTP: 231.35
2026-03-05 12:16:10,815 - INFO - Strategy MTM: Momentum Buy (NIFTY2631024600CE): -182.00 | LTP: 231.6
2026-03-05 12:16:11,925 - INFO - Strategy MTM: Momentum Buy (NIFTY2631024600CE): -65.00 | LTP: 232.5
2026-03-05 12:16:13,037 - INFO - Strategy MTM: Momentum Buy (NIFTY2631024600CE): 0.00 | LTP: 233
2026-03-05 12:16:14,146 - INFO - Strategy MTM: Momentum Buy (NIFTY2631024600CE): -58.50 | LTP: 232.55
2026-03-05 12:16:15,276 - INFO - Strategy MTM: Momentum Buy (NIFTY2631024600CE): 0.00 | LTP: 233
2026-03-05 12:16:16,398 - INFO - Strategy MTM: Momentum Buy (NIFTY2631024600CE): -32.50 | LTP: 232.75
2026-03-05 12:16:17,480 - INFO - Strategy MTM: Momentum Buy (NIFTY2631024600CE): 52.00 | LTP: 233.4
2026-03-05 12:16:18,565 - INFO - Strategy MTM: Momentum Buy (NIFTY2631024600CE): 6.50 | LTP: 233.05
2026-03-05 12:16:19,646 - INFO - Strategy MTM: Momentum Buy (NIFTY2631024600CE): 0.00 | LTP: 233
2026-03-05 12:16:20,752 - INFO - Strategy MTM: Momentum Buy (NIFTY2631024600CE): -117.00 | LTP: 232.1
2026-03-05 12:16:21,836 - INFO - Strategy MTM: Momentum Buy (NIFTY2631024600CE): -149.50 | LTP: 231.85
2026-03-05 12:16:22,930 - INFO - Strategy MTM: Momentum Buy (NIFTY2631024600CE): -143.00 | LTP: 231.9
2026-03-05 12:16:24,011 - INFO - Strategy MTM: Momentum Buy (NIFTY2631024600CE): -78.00 | LTP: 232.4
2026-03-05 12:16:25,130 - INFO - Strategy MTM: Momentum Buy (NIFTY2631024600CE): -130.00 | LTP: 232
2026-03-05 12:16:26,236 - INFO - Strategy MTM: Momentum Buy (NIFTY2631024600CE): -201.50 | LTP: 231.45
2026-03-05 12:16:27,325 - INFO - Strategy MTM: Momentum Buy (NIFTY2631024600CE): -273.00 | LTP: 230.9
2026-03-05 12:16:28,411 - INFO - Strategy MTM: Momentum Buy (NIFTY2631024600CE): -390.00 | LTP: 230
2026-03-05 12:16:29,510 - INFO - Strategy MTM: Momentum Buy (NIFTY2631024600CE): -338.00 | LTP: 230.4
2026-03-05 12:16:30,591 - INFO - Strategy MTM: Momentum Buy (NIFTY2631024600CE): -318.50 | LTP: 230.55
2026-03-05 12:16:31,675 - INFO - Strategy MTM: Momentum Buy (NIFTY2631024600CE): -292.50 | LTP: 230.75
2026-03-05 12:16:32,773 - INFO - Strategy MTM: Momentum Buy (NIFTY2631024600CE): -403.00 | LTP: 229.9
2026-03-05 12:16:33,867 - INFO - Strategy MTM: Momentum Buy (NIFTY2631024600CE): -435.50 | LTP: 229.65
2026-03-05 12:16:34,965 - INFO - Strategy MTM: Momentum Buy (NIFTY2631024600CE): -520.00 | LTP: 229
2026-03-05 12:16:36,046 - INFO - Strategy MTM: Momentum Buy (NIFTY2631024600CE): -825.50 | LTP: 226.65
2026-03-05 12:16:37,144 - INFO - Strategy MTM: Momentum Buy (NIFTY2631024600CE): -884.00 | LTP: 226.2
2026-03-05 12:16:38,215 - INFO - Strategy MTM: Momentum Buy (NIFTY2631024600CE): -975.00 | LTP: 225.5
2026-03-05 12:16:39,306 - INFO - Strategy MTM: Momentum Buy (NIFTY2631024600CE): -936.00 | LTP: 225.8
2026-03-05 12:16:40,375 - INFO - Strategy MTM: Momentum Buy (NIFTY2631024600CE): -975.00 | LTP: 225.5
2026-03-05 12:16:41,469 - INFO - Strategy MTM: Momentum Buy (NIFTY2631024600CE): -1040.00 | LTP: 225
2026-03-05 12:16:42,552 - INFO - Strategy MTM: Momentum Buy (NIFTY2631024600CE): -962.00 | LTP: 225.6
2026-03-05 12:16:43,640 - INFO - Strategy MTM: Momentum Buy (NIFTY2631024600CE): -825.50 | LTP: 226.65
2026-03-05 12:16:44,725 - INFO - Strategy MTM: Momentum Buy (NIFTY2631024600CE): -858.00 | LTP: 226.4
2026-03-05 12:16:45,810 - INFO - Strategy MTM: Momentum Buy (NIFTY2631024600CE): -793.00 | LTP: 226.9
2026-03-05 12:16:46,890 - INFO - Strategy MTM: Momentum Buy (NIFTY2631024600CE): -767.00 | LTP: 227.1
2026-03-05 12:16:47,978 - INFO - Strategy MTM: Momentum Buy (NIFTY2631024600CE): -734.50 | LTP: 227.35
2026-03-05 12:16:49,066 - INFO - Strategy MTM: Momentum Buy (NIFTY2631024600CE): -734.50 | LTP: 227.35
2026-03-05 12:16:50,158 - INFO - Strategy MTM: Momentum Buy (NIFTY2631024600CE): -721.50 | LTP: 227.45
2026-03-05 12:16:51,264 - INFO - Strategy MTM: Momentum Buy (NIFTY2631024600CE): -767.00 | LTP: 227.1
2026-03-05 12:16:52,337 - INFO - Strategy MTM: Momentum Buy (NIFTY2631024600CE): -734.50 | LTP: 227.35
2026-03-05 12:16:53,449 - INFO - Strategy MTM: Momentum Buy (NIFTY2631024600CE): -728.00 | LTP: 227.4
2026-03-05 12:16:54,539 - INFO - Strategy MTM: Momentum Buy (NIFTY2631024600CE): -832.00 | LTP: 226.6
2026-03-05 12:16:55,621 - INFO - Strategy MTM: Momentum Buy (NIFTY2631024600CE): -806.00 | LTP: 226.8
2026-03-05 12:16:56,716 - INFO - Strategy MTM: Momentum Buy (NIFTY2631024600CE): -1040.00 | LTP: 225
2026-03-05 12:16:57,810 - INFO - Strategy MTM: Momentum Buy (NIFTY2631024600CE): -1092.00 | LTP: 224.6
2026-03-05 12:16:58,894 - INFO - Strategy MTM: Momentum Buy (NIFTY2631024600CE): -1222.00 | LTP: 223.6
2026-03-05 12:16:59,983 - INFO - Strategy MTM: Momentum Buy (NIFTY2631024600CE): -1209.00 | LTP: 223.7
2026-03-05 12:17:01,081 - INFO - Strategy MTM: Momentum Buy (NIFTY2631024600CE): -1274.00 | LTP: 223.2
2026-03-05 12:17:02,168 - INFO - Strategy MTM: Momentum Buy (NIFTY2631024600CE): -1261.00 | LTP: 223.3
2026-03-05 12:17:03,254 - INFO - Strategy MTM: Momentum Buy (NIFTY2631024600CE): -1144.00 | LTP: 224.2
2026-03-05 12:17:04,331 - INFO - Strategy MTM: Momentum Buy (NIFTY2631024600CE): -1040.00 | LTP: 225
2026-03-05 12:17:05,428 - INFO - Strategy MTM: Momentum Buy (NIFTY2631024600CE): -1007.50 | LTP: 225.25
2026-03-05 12:17:06,544 - INFO - Strategy MTM: Momentum Buy (NIFTY2631024600CE): -975.00 | LTP: 225.5
2026-03-05 12:17:07,625 - INFO - Strategy MTM: Momentum Buy (NIFTY2631024600CE): -942.50 | LTP: 225.75
2026-03-05 12:17:08,706 - INFO - Strategy MTM: Momentum Buy (NIFTY2631024600CE): -910.00 | LTP: 226
2026-03-05 12:17:09,795 - INFO - Strategy MTM: Momentum Buy (NIFTY2631024600CE): -1144.00 | LTP: 224.2
2026-03-05 12:17:10,887 - INFO - Strategy MTM: Momentum Buy (NIFTY2631024600CE): -1098.50 | LTP: 224.55
2026-03-05 12:17:11,965 - INFO - Strategy MTM: Momentum Buy (NIFTY2631024600CE): -1053.00 | LTP: 224.9
2026-03-05 12:17:13,043 - INFO - Strategy MTM: Momentum Buy (NIFTY2631024600CE): -1124.50 | LTP: 224.35
2026-03-05 12:17:14,125 - INFO - Strategy MTM: Momentum Buy (NIFTY2631024600CE): -1111.50 | LTP: 224.45
2026-03-05 12:17:15,206 - INFO - Strategy MTM: Momentum Buy (NIFTY2631024600CE): -1053.00 | LTP: 224.9
2026-03-05 12:17:16,337 - INFO - Strategy MTM: Momentum Buy (NIFTY2631024600CE): -1014.00 | LTP: 225.2
2026-03-05 12:17:17,440 - INFO - Strategy MTM: Momentum Buy (NIFTY2631024600CE): -1033.50 | LTP: 225.05
2026-03-05 12:17:18,548 - INFO - Strategy MTM: Momentum Buy (NIFTY2631024600CE): -1053.00 | LTP: 224.9
2026-03-05 12:17:19,625 - INFO - Strategy MTM: Momentum Buy (NIFTY2631024600CE): -994.50 | LTP: 225.35
2026-03-05 12:17:20,715 - INFO - Strategy MTM: Momentum Buy (NIFTY2631024600CE): -975.00 | LTP: 225.5
2026-03-05 12:17:21,810 - INFO - Strategy MTM: Momentum Buy (NIFTY2631024600CE): -1040.00 | LTP: 225
2026-03-05 12:17:22,915 - INFO - Strategy MTM: Momentum Buy (NIFTY2631024600CE): -1014.00 | LTP: 225.2
2026-03-05 12:17:24,015 - INFO - Strategy MTM: Momentum Buy (NIFTY2631024600CE): -1027.00 | LTP: 225.1
2026-03-05 12:17:25,106 - INFO - Strategy MTM: Momentum Buy (NIFTY2631024600CE): -1092.00 | LTP: 224.6
2026-03-05 12:17:26,196 - INFO - Strategy MTM: Momentum Buy (NIFTY2631024600CE): -1079.00 | LTP: 224.7
2026-03-05 12:17:27,306 - INFO - Strategy MTM: Momentum Buy (NIFTY2631024600CE): -1144.00 | LTP: 224.2
2026-03-05 12:17:28,388 - INFO - Strategy MTM: Momentum Buy (NIFTY2631024600CE): -1144.00 | LTP: 224.2
2026-03-05 12:17:29,475 - INFO - Strategy MTM: Momentum Buy (NIFTY2631024600CE): -1098.50 | LTP: 224.55
2026-03-05 12:17:30,565 - INFO - Strategy MTM: Momentum Buy (NIFTY2631024600CE): -1040.00 | LTP: 225
2026-03-05 12:17:31,645 - INFO - Strategy MTM: Momentum Buy (NIFTY2631024600CE): -1027.00 | LTP: 225.1
2026-03-05 12:17:32,725 - INFO - Strategy MTM: Momentum Buy (NIFTY2631024600CE): -1059.50 | LTP: 224.85
2026-03-05 12:17:33,812 - INFO - Strategy MTM: Momentum Buy (NIFTY2631024600CE): -1014.00 | LTP: 225.2
2026-03-05 12:17:34,906 - INFO - Strategy MTM: Momentum Buy (NIFTY2631024600CE): -942.50 | LTP: 225.75
2026-03-05 12:17:35,986 - INFO - Strategy MTM: Momentum Buy (NIFTY2631024600CE): -786.50 | LTP: 226.95
2026-03-05 12:17:37,065 - INFO - Strategy MTM: Momentum Buy (NIFTY2631024600CE): -780.00 | LTP: 227
2026-03-05 12:17:38,147 - INFO - Strategy MTM: Momentum Buy (NIFTY2631024600CE): -773.50 | LTP: 227.05
2026-03-05 12:17:39,229 - INFO - Strategy MTM: Momentum Buy (NIFTY2631024600CE): -981.50 | LTP: 225.45
2026-03-05 12:17:40,310 - INFO - Strategy MTM: Momentum Buy (NIFTY2631024600CE): -890.50 | LTP: 226.15
2026-03-05 12:17:41,410 - INFO - Strategy MTM: Momentum Buy (NIFTY2631024600CE): -747.50 | LTP: 227.25
2026-03-05 12:17:42,538 - INFO - Strategy MTM: Momentum Buy (NIFTY2631024600CE): -838.50 | LTP: 226.55
2026-03-05 12:17:43,638 - INFO - Strategy MTM: Momentum Buy (NIFTY2631024600CE): -968.50 | LTP: 225.55
2026-03-05 12:17:44,744 - INFO - Strategy MTM: Momentum Buy (NIFTY2631024600CE): -910.00 | LTP: 226
2026-03-05 12:17:45,833 - INFO - Strategy MTM: Momentum Buy (NIFTY2631024600CE): -994.50 | LTP: 225.35
2026-03-05 12:17:46,912 - INFO - Strategy MTM: Momentum Buy (NIFTY2631024600CE): -942.50 | LTP: 225.75
2026-03-05 12:17:48,010 - INFO - Strategy MTM: Momentum Buy (NIFTY2631024600CE): -916.50 | LTP: 225.95
2026-03-05 12:17:49,118 - INFO - Strategy MTM: Momentum Buy (NIFTY2631024600CE): -942.50 | LTP: 225.75
2026-03-05 12:17:50,221 - INFO - Strategy MTM: Momentum Buy (NIFTY2631024600CE): -877.50 | LTP: 226.25
2026-03-05 12:17:51,306 - INFO - Strategy MTM: Momentum Buy (NIFTY2631024600CE): -942.50 | LTP: 225.75
2026-03-05 12:17:52,387 - INFO - Strategy MTM: Momentum Buy (NIFTY2631024600CE): -994.50 | LTP: 225.35
2026-03-05 12:17:53,477 - INFO - Strategy MTM: Momentum Buy (NIFTY2631024600CE): -975.00 | LTP: 225.5
2026-03-05 12:17:54,660 - INFO - Strategy MTM: Momentum Buy (NIFTY2631024600CE): -929.50 | LTP: 225.85
2026-03-05 12:17:55,819 - INFO - Strategy MTM: Momentum Buy (NIFTY2631024600CE): -994.50 | LTP: 225.35
2026-03-05 12:17:56,940 - INFO - Strategy MTM: Momentum Buy (NIFTY2631024600CE): -949.00 | LTP: 225.7
2026-03-05 12:17:58,018 - INFO - Strategy MTM: Momentum Buy (NIFTY2631024600CE): -1040.00 | LTP: 225
2026-03-05 12:17:59,127 - INFO - Strategy MTM: Momentum Buy (NIFTY2631024600CE): -1001.00 | LTP: 225.3
2026-03-05 12:18:00,228 - INFO - Strategy MTM: Momentum Buy (NIFTY2631024600CE): -975.00 | LTP: 225.5
2026-03-05 12:18:01,376 - INFO - Strategy MTM: Momentum Buy (NIFTY2631024600CE): -812.50 | LTP: 226.75
2026-03-05 12:18:02,526 - INFO - Strategy MTM: Momentum Buy (NIFTY2631024600CE): -916.50 | LTP: 225.95
2026-03-05 12:18:03,626 - INFO - Strategy MTM: Momentum Buy (NIFTY2631024600CE): -903.50 | LTP: 226.05
2026-03-05 12:18:04,712 - INFO - Strategy MTM: Momentum Buy (NIFTY2631024600CE): -806.00 | LTP: 226.8
2026-03-05 12:18:05,806 - INFO - Strategy MTM: Momentum Buy (NIFTY2631024600CE): -715.00 | LTP: 227.5
2026-03-05 12:18:06,880 - INFO - Strategy MTM: Momentum Buy (NIFTY2631024600CE): -494.00 | LTP: 229.2
2026-03-05 12:18:07,976 - INFO - Strategy MTM: Momentum Buy (NIFTY2631024600CE): -390.00 | LTP: 230
2026-03-05 12:18:09,060 - INFO - Strategy MTM: Momentum Buy (NIFTY2631024600CE): -325.00 | LTP: 230.5
2026-03-05 12:18:10,159 - INFO - Strategy MTM: Momentum Buy (NIFTY2631024600CE): -364.00 | LTP: 230.2
2026-03-05 12:18:11,350 - INFO - Strategy MTM: Momentum Buy (NIFTY2631024600CE): -351.00 | LTP: 230.3
2026-03-05 12:18:12,444 - INFO - Strategy MTM: Momentum Buy (NIFTY2631024600CE): -325.00 | LTP: 230.5
2026-03-05 12:18:13,525 - INFO - Strategy MTM: Momentum Buy (NIFTY2631024600CE): -279.50 | LTP: 230.85
2026-03-05 12:18:14,627 - INFO - Strategy MTM: Momentum Buy (NIFTY2631024600CE): -247.00 | LTP: 231.1
2026-03-05 12:18:15,756 - INFO - Strategy MTM: Momentum Buy (NIFTY2631024600CE): -143.00 | LTP: 231.9
2026-03-05 12:18:16,872 - INFO - Strategy MTM: Momentum Buy (NIFTY2631024600CE): -45.50 | LTP: 232.65
2026-03-05 12:18:17,956 - INFO - Strategy MTM: Momentum Buy (NIFTY2631024600CE): -58.50 | LTP: 232.55
2026-03-05 12:18:19,032 - INFO - Strategy MTM: Momentum Buy (NIFTY2631024600CE): -156.00 | LTP: 231.8
2026-03-05 12:18:20,123 - INFO - Strategy MTM: Momentum Buy (NIFTY2631024600CE): -318.50 | LTP: 230.55
2026-03-05 12:18:21,252 - INFO - Strategy MTM: Momentum Buy (NIFTY2631024600CE): -351.00 | LTP: 230.3
2026-03-05 12:18:22,347 - INFO - Strategy MTM: Momentum Buy (NIFTY2631024600CE): -416.00 | LTP: 229.8
2026-03-05 12:18:23,497 - INFO - Strategy MTM: Momentum Buy (NIFTY2631024600CE): -403.00 | LTP: 229.9
2026-03-05 12:18:24,587 - INFO - Strategy MTM: Momentum Buy (NIFTY2631024600CE): -370.50 | LTP: 230.15
2026-03-05 12:18:25,666 - INFO - Strategy MTM: Momentum Buy (NIFTY2631024600CE): -331.50 | LTP: 230.45
2026-03-05 12:18:26,770 - INFO - Strategy MTM: Momentum Buy (NIFTY2631024600CE): -331.50 | LTP: 230.45
2026-03-05 12:18:27,876 - INFO - Strategy MTM: Momentum Buy (NIFTY2631024600CE): -312.00 | LTP: 230.6
2026-03-05 12:18:28,976 - INFO - Strategy MTM: Momentum Buy (NIFTY2631024600CE): -214.50 | LTP: 231.35
2026-03-05 12:18:30,066 - INFO - Strategy MTM: Momentum Buy (NIFTY2631024600CE): -130.00 | LTP: 232
2026-03-05 12:18:31,176 - INFO - Strategy MTM: Momentum Buy (NIFTY2631024600CE): -78.00 | LTP: 232.4
2026-03-05 12:18:32,287 - INFO - Strategy MTM: Momentum Buy (NIFTY2631024600CE): -279.50 | LTP: 230.85
2026-03-05 12:18:33,391 - INFO - Strategy MTM: Momentum Buy (NIFTY2631024600CE): -195.00 | LTP: 231.5
2026-03-05 12:18:34,510 - INFO - Strategy MTM: Momentum Buy (NIFTY2631024600CE): -123.50 | LTP: 232.05
2026-03-05 12:18:35,604 - INFO - Strategy MTM: Momentum Buy (NIFTY2631024600CE): -162.50 | LTP: 231.75
2026-03-05 12:18:36,707 - INFO - Strategy MTM: Momentum Buy (NIFTY2631024600CE): -123.50 | LTP: 232.05
2026-03-05 12:18:37,806 - INFO - Strategy MTM: Momentum Buy (NIFTY2631024600CE): 6.50 | LTP: 233.05
2026-03-05 12:18:38,887 - INFO - Strategy MTM: Momentum Buy (NIFTY2631024600CE): -45.50 | LTP: 232.65
2026-03-05 12:18:39,974 - INFO - Strategy MTM: Momentum Buy (NIFTY2631024600CE): -143.00 | LTP: 231.9
2026-03-05 12:18:41,060 - INFO - Strategy MTM: Momentum Buy (NIFTY2631024600CE): -130.00 | LTP: 232
2026-03-05 12:18:42,174 - INFO - Strategy MTM: Momentum Buy (NIFTY2631024600CE): -201.50 | LTP: 231.45
2026-03-05 12:18:43,266 - INFO - Strategy MTM: Momentum Buy (NIFTY2631024600CE): -78.00 | LTP: 232.4
2026-03-05 12:18:44,353 - INFO - Strategy MTM: Momentum Buy (NIFTY2631024600CE): -58.50 | LTP: 232.55
2026-03-05 12:18:45,459 - INFO - Strategy MTM: Momentum Buy (NIFTY2631024600CE): -26.00 | LTP: 232.8
2026-03-05 12:18:46,546 - INFO - Strategy MTM: Momentum Buy (NIFTY2631024600CE): -104.00 | LTP: 232.2
2026-03-05 12:18:47,635 - INFO - Strategy MTM: Momentum Buy (NIFTY2631024600CE): -221.00 | LTP: 231.3
2026-03-05 12:18:48,733 - INFO - Strategy MTM: Momentum Buy (NIFTY2631024600CE): -208.00 | LTP: 231.4
2026-03-05 12:18:49,813 - INFO - Strategy MTM: Momentum Buy (NIFTY2631024600CE): -227.50 | LTP: 231.25
2026-03-05 12:18:50,895 - INFO - Strategy MTM: Momentum Buy (NIFTY2631024600CE): -318.50 | LTP: 230.55
2026-03-05 12:18:51,993 - INFO - Strategy MTM: Momentum Buy (NIFTY2631024600CE): -305.50 | LTP: 230.65
2026-03-05 12:18:53,093 - INFO - Strategy MTM: Momentum Buy (NIFTY2631024600CE): -351.00 | LTP: 230.3
2026-03-05 12:18:54,187 - INFO - Strategy MTM: Momentum Buy (NIFTY2631024600CE): -221.00 | LTP: 231.3
2026-03-05 12:18:55,291 - INFO - Strategy MTM: Momentum Buy (NIFTY2631024600CE): -188.50 | LTP: 231.55
2026-03-05 12:18:56,409 - INFO - Strategy MTM: Momentum Buy (NIFTY2631024600CE): -234.00 | LTP: 231.2
2026-03-05 12:18:57,488 - INFO - Strategy MTM: Momentum Buy (NIFTY2631024600CE): -253.50 | LTP: 231.05
2026-03-05 12:18:58,571 - INFO - Strategy MTM: Momentum Buy (NIFTY2631024600CE): -273.00 | LTP: 230.9
2026-03-05 12:18:59,656 - INFO - Strategy MTM: Momentum Buy (NIFTY2631024600CE): -286.00 | LTP: 230.8
2026-03-05 12:19:00,748 - INFO - Strategy MTM: Momentum Buy (NIFTY2631024600CE): -201.50 | LTP: 231.45
2026-03-05 12:19:01,833 - INFO - Strategy MTM: Momentum Buy (NIFTY2631024600CE): -234.00 | LTP: 231.2
2026-03-05 12:19:02,929 - INFO - Strategy MTM: Momentum Buy (NIFTY2631024600CE): -208.00 | LTP: 231.4
2026-03-05 12:19:04,016 - INFO - Strategy MTM: Momentum Buy (NIFTY2631024600CE): -143.00 | LTP: 231.9
2026-03-05 12:19:05,097 - INFO - Strategy MTM: Momentum Buy (NIFTY2631024600CE): -188.50 | LTP: 231.55
2026-03-05 12:19:06,206 - INFO - Strategy MTM: Momentum Buy (NIFTY2631024600CE): -260.00 | LTP: 231
2026-03-05 12:19:07,306 - INFO - Strategy MTM: Momentum Buy (NIFTY2631024600CE): -71.50 | LTP: 232.45
2026-03-05 12:19:08,387 - INFO - Strategy MTM: Momentum Buy (NIFTY2631024600CE): -13.00 | LTP: 232.9
2026-03-05 12:19:09,476 - INFO - Strategy MTM: Momentum Buy (NIFTY2631024600CE): -39.00 | LTP: 232.7
2026-03-05 12:19:10,556 - INFO - Strategy MTM: Momentum Buy (NIFTY2631024600CE): -71.50 | LTP: 232.45
2026-03-05 12:19:11,637 - INFO - Strategy MTM: Momentum Buy (NIFTY2631024600CE): 0.00 | LTP: 233
2026-03-05 12:19:12,729 - INFO - Strategy MTM: Momentum Buy (NIFTY2631024600CE): 39.00 | LTP: 233.3
2026-03-05 12:19:13,817 - INFO - Strategy MTM: Momentum Buy (NIFTY2631024600CE): -65.00 | LTP: 232.5
2026-03-05 12:19:14,906 - INFO - Strategy MTM: Momentum Buy (NIFTY2631024600CE): -91.00 | LTP: 232.3
2026-03-05 12:19:15,993 - INFO - Strategy MTM: Momentum Buy (NIFTY2631024600CE): 97.50 | LTP: 233.75
2026-03-05 12:19:15,993 - INFO - Trailing SL Updated for NIFTY2631024600CE: 213.75 (LTP: 233.75)
2026-03-05 12:19:17,071 - INFO - Strategy MTM: Momentum Buy (NIFTY2631024600CE): 65.00 | LTP: 233.5
2026-03-05 12:19:18,147 - INFO - Strategy MTM: Momentum Buy (NIFTY2631024600CE): -110.50 | LTP: 232.15
2026-03-05 12:19:19,247 - INFO - Strategy MTM: Momentum Buy (NIFTY2631024600CE): -78.00 | LTP: 232.4
2026-03-05 12:19:20,337 - INFO - Strategy MTM: Momentum Buy (NIFTY2631024600CE): -78.00 | LTP: 232.4
2026-03-05 12:19:21,426 - INFO - Strategy MTM: Momentum Buy (NIFTY2631024600CE): -110.50 | LTP: 232.15
2026-03-05 12:19:22,516 - INFO - Strategy MTM: Momentum Buy (NIFTY2631024600CE): 0.00 | LTP: 233
2026-03-05 12:19:23,597 - INFO - Strategy MTM: Momentum Buy (NIFTY2631024600CE): -78.00 | LTP: 232.4
2026-03-05 12:19:24,679 - INFO - Strategy MTM: Momentum Buy (NIFTY2631024600CE): -208.00 | LTP: 231.4
2026-03-05 12:19:25,758 - INFO - Strategy MTM: Momentum Buy (NIFTY2631024600CE): -273.00 | LTP: 230.9
2026-03-05 12:19:26,837 - INFO - Strategy MTM: Momentum Buy (NIFTY2631024600CE): -390.00 | LTP: 230
2026-03-05 12:19:27,918 - INFO - Strategy MTM: Momentum Buy (NIFTY2631024600CE): -396.50 | LTP: 229.95
2026-03-05 12:19:28,998 - INFO - Strategy MTM: Momentum Buy (NIFTY2631024600CE): -481.00 | LTP: 229.3
2026-03-05 12:19:30,087 - INFO - Strategy MTM: Momentum Buy (NIFTY2631024600CE): -383.50 | LTP: 230.05
2026-03-05 12:19:31,167 - INFO - Strategy MTM: Momentum Buy (NIFTY2631024600CE): -364.00 | LTP: 230.2
2026-03-05 12:19:32,247 - INFO - Strategy MTM: Momentum Buy (NIFTY2631024600CE): -390.00 | LTP: 230
2026-03-05 12:19:33,327 - INFO - Strategy MTM: Momentum Buy (NIFTY2631024600CE): -351.00 | LTP: 230.3
2026-03-05 12:19:34,406 - INFO - Strategy MTM: Momentum Buy (NIFTY2631024600CE): -390.00 | LTP: 230
2026-03-05 12:19:35,489 - INFO - Strategy MTM: Momentum Buy (NIFTY2631024600CE): -383.50 | LTP: 230.05
2026-03-05 12:19:36,560 - INFO - Strategy MTM: Momentum Buy (NIFTY2631024600CE): -351.00 | LTP: 230.3
2026-03-05 12:19:37,648 - INFO - Strategy MTM: Momentum Buy (NIFTY2631024600CE): -351.00 | LTP: 230.3
2026-03-05 12:19:38,729 - INFO - Strategy MTM: Momentum Buy (NIFTY2631024600CE): -396.50 | LTP: 229.95
2026-03-05 12:19:39,819 - INFO - Strategy MTM: Momentum Buy (NIFTY2631024600CE): -292.50 | LTP: 230.75
2026-03-05 12:19:40,926 - INFO - Strategy MTM: Momentum Buy (NIFTY2631024600CE): -156.00 | LTP: 231.8
2026-03-05 12:19:42,011 - INFO - Strategy MTM: Momentum Buy (NIFTY2631024600CE): -221.00 | LTP: 231.3
2026-03-05 12:19:43,099 - INFO - Strategy MTM: Momentum Buy (NIFTY2631024600CE): -221.00 | LTP: 231.3
2026-03-05 12:19:44,206 - INFO - Strategy MTM: Momentum Buy (NIFTY2631024600CE): -279.50 | LTP: 230.85
2026-03-05 12:19:45,297 - INFO - Strategy MTM: Momentum Buy (NIFTY2631024600CE): -221.00 | LTP: 231.3
2026-03-05 12:19:46,385 - INFO - Strategy MTM: Momentum Buy (NIFTY2631024600CE): -162.50 | LTP: 231.75
2026-03-05 12:19:47,466 - INFO - Strategy MTM: Momentum Buy (NIFTY2631024600CE): -143.00 | LTP: 231.9
2026-03-05 12:19:48,583 - INFO - Strategy MTM: Momentum Buy (NIFTY2631024600CE): -221.00 | LTP: 231.3
2026-03-05 12:19:49,680 - INFO - Strategy MTM: Momentum Buy (NIFTY2631024600CE): -214.50 | LTP: 231.35
2026-03-05 12:19:50,766 - INFO - Strategy MTM: Momentum Buy (NIFTY2631024600CE): -273.00 | LTP: 230.9
2026-03-05 12:19:51,866 - INFO - Strategy MTM: Momentum Buy (NIFTY2631024600CE): -221.00 | LTP: 231.3
2026-03-05 12:19:52,966 - INFO - Strategy MTM: Momentum Buy (NIFTY2631024600CE): -273.00 | LTP: 230.9
2026-03-05 12:19:54,057 - INFO - Strategy MTM: Momentum Buy (NIFTY2631024600CE): -338.00 | LTP: 230.4
2026-03-05 12:19:55,143 - INFO - Strategy MTM: Momentum Buy (NIFTY2631024600CE): -351.00 | LTP: 230.3
2026-03-05 12:19:56,216 - INFO - Strategy MTM: Momentum Buy (NIFTY2631024600CE): -312.00 | LTP: 230.6
2026-03-05 12:19:57,316 - INFO - Strategy MTM: Momentum Buy (NIFTY2631024600CE): -266.50 | LTP: 230.95
2026-03-05 12:19:58,410 - INFO - Strategy MTM: Momentum Buy (NIFTY2631024600CE): -292.50 | LTP: 230.75
2026-03-05 12:19:59,497 - INFO - Strategy MTM: Momentum Buy (NIFTY2631024600CE): -377.00 | LTP: 230.1
2026-03-05 12:20:00,643 - INFO - Strategy MTM: Momentum Buy (NIFTY2631024600CE): -305.50 | LTP: 230.65
2026-03-05 12:20:01,775 - INFO - Strategy MTM: Momentum Buy (NIFTY2631024600CE): -279.50 | LTP: 230.85
2026-03-05 12:20:02,911 - INFO - Strategy MTM: Momentum Buy (NIFTY2631024600CE): -364.00 | LTP: 230.2
2026-03-05 12:20:03,998 - INFO - Strategy MTM: Momentum Buy (NIFTY2631024600CE): -318.50 | LTP: 230.55
2026-03-05 12:20:05,089 - INFO - Strategy MTM: Momentum Buy (NIFTY2631024600CE): -351.00 | LTP: 230.3
2026-03-05 12:20:06,188 - INFO - Strategy MTM: Momentum Buy (NIFTY2631024600CE): -422.50 | LTP: 229.75
2026-03-05 12:20:07,277 - INFO - Strategy MTM: Momentum Buy (NIFTY2631024600CE): -344.50 | LTP: 230.35
2026-03-05 12:20:08,366 - INFO - Strategy MTM: Momentum Buy (NIFTY2631024600CE): -390.00 | LTP: 230
2026-03-05 12:20:09,457 - INFO - Strategy MTM: Momentum Buy (NIFTY2631024600CE): -390.00 | LTP: 230
2026-03-05 12:20:10,537 - INFO - Strategy MTM: Momentum Buy (NIFTY2631024600CE): -377.00 | LTP: 230.1
2026-03-05 12:20:11,627 - INFO - Strategy MTM: Momentum Buy (NIFTY2631024600CE): -260.00 | LTP: 231
2026-03-05 12:20:12,711 - INFO - Strategy MTM: Momentum Buy (NIFTY2631024600CE): -201.50 | LTP: 231.45
2026-03-05 12:20:13,798 - INFO - Strategy MTM: Momentum Buy (NIFTY2631024600CE): -123.50 | LTP: 232.05
2026-03-05 12:20:14,877 - INFO - Strategy MTM: Momentum Buy (NIFTY2631024600CE): 0.00 | LTP: 233
2026-03-05 12:20:15,957 - INFO - Strategy MTM: Momentum Buy (NIFTY2631024600CE): 45.50 | LTP: 233.35
2026-03-05 12:20:17,053 - INFO - Strategy MTM: Momentum Buy (NIFTY2631024600CE): 71.50 | LTP: 233.55
2026-03-05 12:20:18,133 - INFO - Strategy MTM: Momentum Buy (NIFTY2631024600CE): 97.50 | LTP: 233.75
2026-03-05 12:20:19,226 - INFO - Strategy MTM: Momentum Buy (NIFTY2631024600CE): 39.00 | LTP: 233.3
2026-03-05 12:20:20,306 - INFO - Strategy MTM: Momentum Buy (NIFTY2631024600CE): 91.00 | LTP: 233.7
2026-03-05 12:20:21,388 - INFO - Strategy MTM: Momentum Buy (NIFTY2631024600CE): 195.00 | LTP: 234.5
2026-03-05 12:20:21,388 - INFO - Trailing SL Updated for NIFTY2631024600CE: 214.5 (LTP: 234.5)
2026-03-05 12:20:22,479 - INFO - Strategy MTM: Momentum Buy (NIFTY2631024600CE): 208.00 | LTP: 234.6
2026-03-05 12:20:22,480 - INFO - Trailing SL Updated for NIFTY2631024600CE: 214.6 (LTP: 234.6)
2026-03-05 12:20:23,561 - INFO - Strategy MTM: Momentum Buy (NIFTY2631024600CE): 234.00 | LTP: 234.8
2026-03-05 12:20:23,566 - INFO - Trailing SL Updated for NIFTY2631024600CE: 214.8 (LTP: 234.8)
2026-03-05 12:20:24,661 - INFO - Strategy MTM: Momentum Buy (NIFTY2631024600CE): 195.00 | LTP: 234.5
2026-03-05 12:20:25,748 - INFO - Strategy MTM: Momentum Buy (NIFTY2631024600CE): 520.00 | LTP: 237
2026-03-05 12:20:25,748 - INFO - Trailing SL Updated for NIFTY2631024600CE: 217 (LTP: 237)
2026-03-05 12:20:26,838 - INFO - Strategy MTM: Momentum Buy (NIFTY2631024600CE): 422.50 | LTP: 236.25
2026-03-05 12:20:27,928 - INFO - Strategy MTM: Momentum Buy (NIFTY2631024600CE): 370.50 | LTP: 235.85
2026-03-05 12:20:29,016 - INFO - Strategy MTM: Momentum Buy (NIFTY2631024600CE): 799.50 | LTP: 239.15
2026-03-05 12:20:29,016 - INFO - Profit Target Hit for NIFTY2631024600CE! MTM: 799.5000000000007 >= 780. Exiting...
2026-03-05 12:20:29,120 - INFO - Order placed. ID: 260305151131338
2026-03-05 12:20:29,121 - INFO - Order Placed: SELL NIFTY2631024600CE Qty=130 ID=260305151131338
2026-03-05 12:20:29,164 - INFO - Trade logged to logs\2026-03-05\trades.csv: MomentumBuy SELL NIFTY2631024600CE
2026-03-05 12:20:29,164 - INFO - Momentum Trade Exited.
2026-03-05 12:20:30,270 - INFO - Momentum Check: Time=2026-03-05 12:15:00+05:30, O=24615.65, C=24602.35, H = 24616.2, L = 24592.9, TotalSize=23.299999999999272, BodySize=13.30000000000291, ATR14=26.82,Tolerance=2.33, Threshold=30.00
2026-03-05 12:25:10,293 - INFO - Momentum Check: Time=2026-03-05 12:20:00+05:30, O=24603.2, C=24619.15, H = 24635.65, L = 24602.4, TotalSize=33.25, BodySize=15.950000000000728, ATR14=28.18,Tolerance=3.33, Threshold=30.00
2026-03-05 12:30:10,280 - INFO - Momentum Check: Time=2026-03-05 12:25:00+05:30, O=24619.2, C=24648.85, H = 24651.75, L = 24611.6, TotalSize=40.150000000001455, BodySize=29.649999999997817, ATR14=29.13,Tolerance=4.02, Threshold=30.00
2026-03-05 12:35:10,655 - INFO - Momentum Check: Time=2026-03-05 12:30:00+05:30, O=24649.15, C=24650.3, H = 24665.95, L = 24647, TotalSize=18.950000000000728, BodySize=1.1499999999978172, ATR14=28.20,Tolerance=1.90, Threshold=30.00
2026-03-05 12:40:10,056 - INFO - Momentum Check: Time=2026-03-05 12:35:00+05:30, O=24650.65, C=24652.7, H = 24654.2, L = 24632.65, TotalSize=21.549999999999272, BodySize=2.0499999999992724, ATR14=27.43,Tolerance=2.15, Threshold=30.00
2026-03-05 12:45:10,399 - INFO - Momentum Check: Time=2026-03-05 12:40:00+05:30, O=24653.15, C=24645.8, H = 24657.6, L = 24641.25, TotalSize=16.349999999998545, BodySize=7.350000000002183, ATR14=26.70,Tolerance=1.63, Threshold=30.00
2026-03-05 12:50:11,112 - INFO - Momentum Check: Time=2026-03-05 12:45:00+05:30, O=24645.8, C=24631.45, H = 24646.5, L = 24619.4, TotalSize=27.099999999998545, BodySize=14.349999999998545, ATR14=26.36,Tolerance=2.71, Threshold=30.00
2026-03-05 12:53:16,204 - INFO - Stopping Application...
