2026-06-15 11:20:03,716 - INFO - Starting KiteConnect Trading App...
2026-06-15 11:20:06,647 - WARNING - No Access Token found. You may need to generate one.
2026-06-15 11:20:31,806 - INFO - Session generated and access token set.
2026-06-15 11:20:31,807 - INFO - Strategies Initialized: Iron Fly, Momentum Buy, ORB & Scalping on NIFTY
2026-06-15 11:20:31,807 - INFO - Iron Fly entry scheduled at 09:28:00
2026-06-15 11:20:31,807 - INFO - Application Initialized. Starting Main Loop...
2026-06-15 11:20:31,836 - INFO - Momentum Check: Time=2026-06-15 11:10:00+05:30, O=23980.7, C=23967.85, H = 23984.4, L = 23966.3, TotalSize=18.100000000002183, BodySize=12.850000000002183, ATR14=16.66,Tolerance=1.81, Threshold=20.00
2026-06-15 11:25:10,241 - INFO - Momentum Check: Time=2026-06-15 11:15:00+05:30, O=23968.2, C=23971.3, H = 23973.5, L = 23962.5, TotalSize=11.0, BodySize=3.099999999998545, ATR14=16.19,Tolerance=1.10, Threshold=20.00
2026-06-15 11:30:10,670 - INFO - Momentum Check: Time=2026-06-15 11:20:00+05:30, O=23972.3, C=23964.75, H = 23974.65, L = 23962.2, TotalSize=12.450000000000728, BodySize=7.549999999999272, ATR14=16.64,Tolerance=1.25, Threshold=20.00
2026-06-15 11:35:10,177 - INFO - Momentum Check: Time=2026-06-15 11:25:00+05:30, O=23965.1, C=23978.45, H = 23982.95, L = 23964.8, TotalSize=18.150000000001455, BodySize=13.350000000002183, ATR14=16.59,Tolerance=1.82, Threshold=20.00
2026-06-15 11:40:10,607 - INFO - Momentum Check: Time=2026-06-15 11:30:00+05:30, O=23977.95, C=23965.3, H = 23979.8, L = 23961.15, TotalSize=18.649999999997817, BodySize=12.650000000001455, ATR14=15.39,Tolerance=1.86, Threshold=20.00
2026-06-15 11:45:10,037 - INFO - Momentum Check: Time=2026-06-15 11:35:00+05:30, O=23963.25, C=23966.8, H = 23969.55, L = 23961.45, TotalSize=8.099999999998545, BodySize=3.5499999999992724, ATR14=15.56,Tolerance=0.81, Threshold=20.00
2026-06-15 11:50:10,465 - INFO - Momentum Check: Time=2026-06-15 11:40:00+05:30, O=23967.6, C=23957.25, H = 23971.2, L = 23957.25, TotalSize=13.950000000000728, BodySize=10.349999999998545, ATR14=15.77,Tolerance=1.40, Threshold=20.00
2026-06-15 11:55:10,896 - INFO - Momentum Check: Time=2026-06-15 11:45:00+05:30, O=23958.1, C=23961.25, H = 23963.1, L = 23950, TotalSize=13.099999999998545, BodySize=3.150000000001455, ATR14=15.94,Tolerance=1.31, Threshold=20.00
2026-06-15 12:00:10,350 - INFO - Momentum Check: Time=2026-06-15 11:50:00+05:30, O=23961.25, C=23966.85, H = 23970.55, L = 23955.65, TotalSize=14.899999999997817, BodySize=5.599999999998545, ATR14=15.72,Tolerance=1.49, Threshold=20.00
2026-06-15 12:05:10,780 - INFO - Momentum Check: Time=2026-06-15 11:55:00+05:30, O=23967.6, C=23961.35, H = 23970.05, L = 23956.7, TotalSize=13.349999999998545, BodySize=6.25, ATR14=15.53,Tolerance=1.33, Threshold=20.00
2026-06-15 12:10:10,248 - INFO - Momentum Check: Time=2026-06-15 12:00:00+05:30, O=23961.65, C=23949.9, H = 23965.75, L = 23949.1, TotalSize=16.650000000001455, BodySize=11.75, ATR14=15.86,Tolerance=1.67, Threshold=20.00
2026-06-15 12:15:10,691 - INFO - Momentum Check: Time=2026-06-15 12:05:00+05:30, O=23951.55, C=23935.45, H = 23951.7, L = 23933.25, TotalSize=18.450000000000728, BodySize=16.099999999998545, ATR14=14.34,Tolerance=1.85, Threshold=20.00
2026-06-15 12:20:10,120 - INFO - Momentum Check: Time=2026-06-15 12:10:00+05:30, O=23935.75, C=23931.8, H = 23940.8, L = 23930.05, TotalSize=10.75, BodySize=3.9500000000007276, ATR14=15.34,Tolerance=1.07, Threshold=20.00
2026-06-15 12:25:10,549 - INFO - Momentum Check: Time=2026-06-15 12:15:00+05:30, O=23930.7, C=23907.45, H = 23932.95, L = 23905.8, TotalSize=27.150000000001455, BodySize=23.25, ATR14=15.24,Tolerance=2.72, Threshold=20.00
2026-06-15 12:25:10,550 - INFO - Momentum Confirmation Failed: Next candle is GREEN (O=23908.65, C=23913.15). Skipping entry.
2026-06-15 12:30:10,978 - INFO - Momentum Check: Time=2026-06-15 12:20:00+05:30, O=23908.65, C=23913.15, H = 23919.7, L = 23903.05, TotalSize=16.650000000001455, BodySize=4.5, ATR14=15.98,Tolerance=1.67, Threshold=20.00
2026-06-15 12:35:10,407 - INFO - Momentum Check: Time=2026-06-15 12:25:00+05:30, O=23914.2, C=23894.75, H = 23915.2, L = 23893.8, TotalSize=21.400000000001455, BodySize=19.450000000000728, ATR14=16.14,Tolerance=2.14, Threshold=20.00
2026-06-15 12:35:10,408 - INFO - Momentum Confirmation Failed: Next candle is GREEN (O=23896, C=23906.3). Skipping entry.
2026-06-15 12:40:10,832 - INFO - Momentum Check: Time=2026-06-15 12:30:00+05:30, O=23896, C=23906.3, H = 23907.1, L = 23892.35, TotalSize=14.75, BodySize=10.299999999999272, ATR14=15.76,Tolerance=1.48, Threshold=20.00
2026-06-15 12:45:10,259 - INFO - Momentum Check: Time=2026-06-15 12:35:00+05:30, O=23906.7, C=23906.85, H = 23917.8, L = 23905.05, TotalSize=12.75, BodySize=0.1499999999978172, ATR14=15.57,Tolerance=1.28, Threshold=20.00
2026-06-15 12:50:10,690 - INFO - Momentum Check: Time=2026-06-15 12:40:00+05:30, O=23907, C=23912.85, H = 23913.35, L = 23897.35, TotalSize=16.0, BodySize=5.849999999998545, ATR14=16.12,Tolerance=1.60, Threshold=20.00
2026-06-15 12:55:10,129 - INFO - Momentum Check: Time=2026-06-15 12:45:00+05:30, O=23913.55, C=23899.6, H = 23913.95, L = 23898.1, TotalSize=15.850000000002183, BodySize=13.950000000000728, ATR14=15.93,Tolerance=1.59, Threshold=20.00
2026-06-15 13:00:10,559 - INFO - Momentum Check: Time=2026-06-15 12:50:00+05:30, O=23900.1, C=23903.4, H = 23907.95, L = 23896.65, TotalSize=11.299999999999272, BodySize=3.3000000000029104, ATR14=15.66,Tolerance=1.13, Threshold=20.00
2026-06-15 13:05:10,991 - INFO - Momentum Check: Time=2026-06-15 12:55:00+05:30, O=23903.7, C=23906.95, H = 23912.5, L = 23903.15, TotalSize=9.349999999998545, BodySize=3.25, ATR14=15.70,Tolerance=0.93, Threshold=20.00
2026-06-15 13:10:10,421 - INFO - Momentum Check: Time=2026-06-15 13:00:00+05:30, O=23907.85, C=23897.6, H = 23908.25, L = 23892.8, TotalSize=15.450000000000728, BodySize=10.25, ATR14=16.09,Tolerance=1.55, Threshold=20.00
2026-06-15 13:15:10,854 - INFO - Momentum Check: Time=2026-06-15 13:05:00+05:30, O=23897.15, C=23912.5, H = 23912.7, L = 23893.95, TotalSize=18.75, BodySize=15.349999999998545, ATR14=16.54,Tolerance=1.88, Threshold=20.00
2026-06-15 13:20:10,288 - INFO - Momentum Check: Time=2026-06-15 13:10:00+05:30, O=23913.65, C=23916.1, H = 23935, L = 23912, TotalSize=23, BodySize=2.4499999999970896, ATR14=16.70,Tolerance=2.30, Threshold=20.00
2026-06-15 13:25:10,720 - INFO - Momentum Check: Time=2026-06-15 13:15:00+05:30, O=23916.55, C=23899.05, H = 23917.9, L = 23897.2, TotalSize=20.700000000000728, BodySize=17.5, ATR14=17.25,Tolerance=2.07, Threshold=20.00
2026-06-15 13:25:10,720 - INFO - Momentum Confirmation Failed: Next candle is GREEN (O=23899.75, C=23913.35). Skipping entry.
2026-06-15 13:30:10,287 - INFO - Momentum Check: Time=2026-06-15 13:20:00+05:30, O=23899.75, C=23913.35, H = 23916.35, L = 23897.9, TotalSize=18.44999999999709, BodySize=13.599999999998545, ATR14=16.25,Tolerance=1.84, Threshold=20.00
2026-06-15 13:35:10,718 - INFO - Momentum Check: Time=2026-06-15 13:25:00+05:30, O=23912.9, C=23906.65, H = 23916.35, L = 23903.2, TotalSize=13.149999999997817, BodySize=6.25, ATR14=15.97,Tolerance=1.31, Threshold=20.00
2026-06-15 13:40:10,155 - INFO - Momentum Check: Time=2026-06-15 13:30:00+05:30, O=23907.5, C=23907.85, H = 23913.1, L = 23900.4, TotalSize=12.69999999999709, BodySize=0.3499999999985448, ATR14=15.64,Tolerance=1.27, Threshold=20.00
2026-06-15 13:45:10,590 - INFO - Momentum Check: Time=2026-06-15 13:35:00+05:30, O=23908.4, C=23902.6, H = 23912.05, L = 23895.35, TotalSize=16.700000000000728, BodySize=5.80000000000291, ATR14=16.22,Tolerance=1.67, Threshold=20.00
2026-06-15 13:50:11,023 - INFO - Momentum Check: Time=2026-06-15 13:40:00+05:30, O=23902.75, C=23893.95, H = 23906.7, L = 23883.8, TotalSize=22.900000000001455, BodySize=8.799999999999272, ATR14=16.27,Tolerance=2.29, Threshold=20.00
2026-06-15 13:55:10,455 - INFO - Momentum Check: Time=2026-06-15 13:45:00+05:30, O=23895.1, C=23896.35, H = 23906.2, L = 23892.65, TotalSize=13.549999999999272, BodySize=1.25, ATR14=17.59,Tolerance=1.35, Threshold=20.00
2026-06-15 14:00:10,886 - INFO - Momentum Check: Time=2026-06-15 13:50:00+05:30, O=23897.3, C=23886.85, H = 23900.2, L = 23865.85, TotalSize=34.35000000000218, BodySize=10.450000000000728, ATR14=18.46,Tolerance=3.44, Threshold=20.00
2026-06-15 14:05:10,345 - INFO - Momentum Check: Time=2026-06-15 13:55:00+05:30, O=23887.2, C=23905.65, H = 23910.7, L = 23882.65, TotalSize=28.049999999999272, BodySize=18.450000000000728, ATR14=18.95,Tolerance=2.80, Threshold=20.00
2026-06-15 14:10:10,772 - INFO - Momentum Check: Time=2026-06-15 14:00:00+05:30, O=23907.75, C=23895.75, H = 23913.9, L = 23895.7, TotalSize=18.200000000000728, BodySize=12.0, ATR14=19.40,Tolerance=1.82, Threshold=20.00
2026-06-15 14:15:10,209 - INFO - Momentum Check: Time=2026-06-15 14:05:00+05:30, O=23896.7, C=23887.6, H = 23898.2, L = 23882.6, TotalSize=15.600000000002183, BodySize=9.100000000002183, ATR14=19.23,Tolerance=1.56, Threshold=20.00
2026-06-15 14:20:00,597 - INFO - New trades cutoff time 14:20:00 reached. No new entries allowed. Stopping strategy.
2026-06-15 18:14:44,693 - INFO - Stopping Application...
