2026-06-02 09:01:55,615 - INFO - Starting KiteConnect Trading App...
2026-06-02 09:02:03,682 - WARNING - No Access Token found. You may need to generate one.
2026-06-02 09:02:49,103 - INFO - Session generated and access token set.
2026-06-02 09:02:49,103 - INFO - Strategies Initialized: Iron Fly, Momentum Buy, ORB & Scalping on NIFTY
2026-06-02 09:02:49,103 - INFO - Iron Fly entry scheduled at 09:28:00
2026-06-02 09:02:49,103 - INFO - Application Initialized. Starting Main Loop...
2026-06-02 09:05:10,322 - INFO - Momentum Check: Time=2026-06-01 15:15:00+05:30, O=23389.4, C=23376.85, H = 23402.8, L = 23375.6, TotalSize=27.200000000000728, BodySize=12.55000000000291, ATR14=26.35,Tolerance=2.72, Threshold=26.35
2026-06-02 09:05:10,322 - INFO - Momentum Confirmation: Next candle is also RED (O=23378.2, C=23370.9). Entering trade.
2026-06-02 09:05:10,322 - INFO - Momentum Signal! BUY_PE NIFTY2660223400PE. Spot: 23376.85, SL Level: 23402.8
2026-06-02 09:05:10,343 - ERROR - Error placing order: Your order could not be converted to a After Market Order (AMO).
2026-06-02 09:15:10,224 - INFO - Momentum Check: Time=2026-06-01 15:20:00+05:30, O=23378.2, C=23370.9, H = 23382.15, L = 23362.8, TotalSize=19.350000000002183, BodySize=7.299999999999272, ATR14=26.74,Tolerance=1.94, Threshold=26.74
2026-06-02 09:20:10,668 - INFO - Momentum Check: Time=2026-06-01 15:25:00+05:30, O=23371.3, C=23379.2, H = 23389.2, L = 23365.75, TotalSize=23.450000000000728, BodySize=7.900000000001455, ATR14=26.60,Tolerance=2.35, Threshold=26.60
2026-06-02 09:25:10,242 - INFO - Momentum Check: Time=2026-06-02 09:15:00+05:30, O=23229.15, C=23287.4, H = 23287.4, L = 23229.15, TotalSize=58.25, BodySize=58.25, ATR14=26.37,Tolerance=5.00, Threshold=26.37
2026-06-02 09:25:10,242 - INFO - Momentum Confirmation Failed: Next candle is RED (O=23286.5, C=23281.6). Skipping entry.
2026-06-02 09:30:10,673 - INFO - Momentum Check: Time=2026-06-02 09:20:00+05:30, O=23286.5, C=23281.6, H = 23290.95, L = 23261.65, TotalSize=29.299999999999272, BodySize=4.900000000001455, ATR14=28.24,Tolerance=2.93, Threshold=28.24
2026-06-02 09:35:10,282 - INFO - Momentum Check: Time=2026-06-02 09:25:00+05:30, O=23281.5, C=23282.1, H = 23297.75, L = 23270.8, TotalSize=26.950000000000728, BodySize=0.5999999999985448, ATR14=29.07,Tolerance=2.70, Threshold=29.07
2026-06-02 09:40:10,710 - INFO - Momentum Check: Time=2026-06-02 09:30:00+05:30, O=23281.3, C=23283.7, H = 23288.25, L = 23261.2, TotalSize=27.049999999999272, BodySize=2.400000000001455, ATR14=29.13,Tolerance=2.70, Threshold=29.13
2026-06-02 09:45:10,136 - INFO - Momentum Check: Time=2026-06-02 09:35:00+05:30, O=23282.8, C=23295.7, H = 23304.5, L = 23281.35, TotalSize=23.150000000001455, BodySize=12.900000000001455, ATR14=29.13,Tolerance=2.32, Threshold=29.13
2026-06-02 09:50:10,566 - INFO - Momentum Check: Time=2026-06-02 09:40:00+05:30, O=23295.05, C=23301.95, H = 23307.15, L = 23268.35, TotalSize=38.80000000000291, BodySize=6.900000000001455, ATR14=29.99,Tolerance=3.88, Threshold=29.99
2026-06-02 09:55:10,989 - INFO - Momentum Check: Time=2026-06-02 09:45:00+05:30, O=23301.7, C=23283.35, H = 23304.95, L = 23270.95, TotalSize=34.0, BodySize=18.350000000002183, ATR14=30.30,Tolerance=3.40, Threshold=30.30
2026-06-02 10:00:10,449 - INFO - Momentum Check: Time=2026-06-02 09:50:00+05:30, O=23283, C=23309.85, H = 23313.55, L = 23277.65, TotalSize=35.89999999999782, BodySize=26.849999999998545, ATR14=30.32,Tolerance=3.59, Threshold=30.32
2026-06-02 10:05:10,875 - INFO - Momentum Check: Time=2026-06-02 09:55:00+05:30, O=23309.6, C=23316.2, H = 23322.75, L = 23298.95, TotalSize=23.799999999999272, BodySize=6.600000000002183, ATR14=31.23,Tolerance=2.38, Threshold=31.23
2026-06-02 10:10:10,303 - INFO - Momentum Check: Time=2026-06-02 10:00:00+05:30, O=23317, C=23318.55, H = 23320.9, L = 23306.35, TotalSize=14.55000000000291, BodySize=1.5499999999992724, ATR14=30.41,Tolerance=1.46, Threshold=30.41
2026-06-02 10:15:10,752 - INFO - Momentum Check: Time=2026-06-02 10:05:00+05:30, O=23318.4, C=23295.45, H = 23325.15, L = 23291.05, TotalSize=34.10000000000218, BodySize=22.950000000000728, ATR14=28.99,Tolerance=3.41, Threshold=28.99
2026-06-02 10:20:10,269 - INFO - Momentum Check: Time=2026-06-02 10:10:00+05:30, O=23295.95, C=23281.4, H = 23298, L = 23280.95, TotalSize=17.049999999999272, BodySize=14.549999999999272, ATR14=29.70,Tolerance=1.70, Threshold=29.70
2026-06-02 10:25:10,703 - INFO - Momentum Check: Time=2026-06-02 10:15:00+05:30, O=23281.95, C=23308.4, H = 23309.5, L = 23265.65, TotalSize=43.849999999998545, BodySize=26.450000000000728, ATR14=28.98,Tolerance=4.38, Threshold=28.98
2026-06-02 10:25:10,703 - INFO - Momentum Confirmation: Next candle is also GREEN (O=23308.65, C=23349.75). Entering trade.
2026-06-02 10:25:10,703 - INFO - Momentum Signal! BUY_CE NIFTY2660223300CE. Spot: 23308.4, SL Level: 23265.65
2026-06-02 10:25:10,734 - INFO - Order placed. ID: 2061672953157820416
2026-06-02 10:25:10,734 - INFO - Order Placed: BUY NIFTY2660223300CE Qty=520 ID=2061672953157820416
2026-06-02 10:25:10,754 - INFO - Trade logged to logs/2026-06-02/trades.csv: MomentumBuy BUY NIFTY2660223300CE
2026-06-02 10:25:10,781 - INFO - Entered NIFTY2660223300CE at 88.5. Initial SL: 68.5
2026-06-02 10:25:32,196 - INFO - Trailing SL Updated for NIFTY2660223300CE: 68.6 (LTP: 88.6)
2026-06-02 10:25:33,213 - INFO - Trailing SL Updated for NIFTY2660223300CE: 68.7 (LTP: 88.7)
2026-06-02 10:25:36,270 - INFO - Trailing SL Updated for NIFTY2660223300CE: 69.1 (LTP: 89.1)
2026-06-02 10:25:37,289 - INFO - Trailing SL Updated for NIFTY2660223300CE: 70.65 (LTP: 90.65)
2026-06-02 10:25:38,308 - INFO - Trailing SL Updated for NIFTY2660223300CE: 71.7 (LTP: 91.7)
2026-06-02 10:25:57,683 - INFO - Trailing SL Updated for NIFTY2660223300CE: 71.85 (LTP: 91.85)
2026-06-02 10:25:58,703 - INFO - Trailing SL Updated for NIFTY2660223300CE: 71.95 (LTP: 91.95)
2026-06-02 10:26:26,236 - INFO - Trailing SL Updated for NIFTY2660223300CE: 72.6 (LTP: 92.6)
2026-06-02 10:26:34,398 - INFO - Trailing SL Updated for NIFTY2660223300CE: 72.95 (LTP: 92.95)
2026-06-02 10:26:41,551 - INFO - Trailing SL Updated for NIFTY2660223300CE: 73.1 (LTP: 93.1)
2026-06-02 10:26:44,607 - INFO - Trailing SL Updated for NIFTY2660223300CE: 74.6 (LTP: 94.6)
2026-06-02 10:26:47,666 - INFO - Trailing SL Updated for NIFTY2660223300CE: 74.65 (LTP: 94.65)
2026-06-02 10:26:48,686 - INFO - Trailing SL Updated for NIFTY2660223300CE: 74.85 (LTP: 94.85)
2026-06-02 10:26:56,839 - INFO - Trailing SL Updated for NIFTY2660223300CE: 79.2 (LTP: 99.2)
2026-06-02 10:27:03,993 - INFO - Trailing SL Updated for NIFTY2660223300CE: 79.35 (LTP: 99.35)
2026-06-02 10:27:05,012 - INFO - Trailing SL Updated for NIFTY2660223300CE: 80.95 (LTP: 100.95)
2026-06-02 10:27:19,284 - INFO - Trailing SL Updated for NIFTY2660223300CE: 84.1 (LTP: 104.1)
2026-06-02 10:27:46,816 - INFO - Trailing SL Updated for NIFTY2660223300CE: 84.15 (LTP: 104.15)
2026-06-02 10:28:02,131 - INFO - Trailing SL Updated for NIFTY2660223300CE: 84.35 (LTP: 104.35)
2026-06-02 10:31:08,918 - INFO - SL Hit for NIFTY2660223300CE at 83.45. Exiting...
2026-06-02 10:31:08,947 - INFO - Order placed. ID: 2061674455607844864
2026-06-02 10:31:08,947 - INFO - Order Placed: SELL NIFTY2660223300CE Qty=520 ID=2061674455607844864
2026-06-02 10:31:08,965 - INFO - Trade logged to logs/2026-06-02/trades.csv: MomentumBuy SELL NIFTY2660223300CE
2026-06-02 10:31:08,965 - INFO - Momentum Trade Exited.
2026-06-02 10:35:10,430 - INFO - Momentum Check: Time=2026-06-02 10:25:00+05:30, O=23349.25, C=23371, H = 23375.95, L = 23344.85, TotalSize=31.100000000002183, BodySize=21.75, ATR14=33.04,Tolerance=3.11, Threshold=33.04
2026-06-02 10:40:10,889 - INFO - Momentum Check: Time=2026-06-02 10:30:00+05:30, O=23371.2, C=23343.85, H = 23373.2, L = 23334.75, TotalSize=38.45000000000073, BodySize=27.350000000002183, ATR14=31.10,Tolerance=3.85, Threshold=31.10
2026-06-02 10:45:10,333 - INFO - Momentum Check: Time=2026-06-02 10:35:00+05:30, O=23343.6, C=23351.2, H = 23353.8, L = 23327.75, TotalSize=26.049999999999272, BodySize=7.600000000002183, ATR14=31.75,Tolerance=2.60, Threshold=31.75
2026-06-02 10:50:10,777 - INFO - Momentum Check: Time=2026-06-02 10:40:00+05:30, O=23350.35, C=23352.35, H = 23358.8, L = 23344.95, TotalSize=13.849999999998545, BodySize=2.0, ATR14=31.69,Tolerance=1.38, Threshold=31.69
2026-06-02 10:55:10,241 - INFO - Momentum Check: Time=2026-06-02 10:45:00+05:30, O=23350.45, C=23330.7, H = 23352.15, L = 23327.8, TotalSize=24.350000000002183, BodySize=19.75, ATR14=30.75,Tolerance=2.44, Threshold=30.75
2026-06-02 11:00:10,692 - INFO - Momentum Check: Time=2026-06-02 10:50:00+05:30, O=23330.85, C=23302.6, H = 23337.6, L = 23298.15, TotalSize=39.44999999999709, BodySize=28.25, ATR14=30.83,Tolerance=3.94, Threshold=30.83
2026-06-02 11:05:10,293 - INFO - Momentum Check: Time=2026-06-02 10:55:00+05:30, O=23301.7, C=23301.15, H = 23308.95, L = 23281.55, TotalSize=27.400000000001455, BodySize=0.5499999999992724, ATR14=30.88,Tolerance=2.74, Threshold=30.88
2026-06-02 11:10:10,738 - INFO - Momentum Check: Time=2026-06-02 11:00:00+05:30, O=23300.6, C=23298.85, H = 23310.8, L = 23293.95, TotalSize=16.849999999998545, BodySize=1.75, ATR14=30.41,Tolerance=1.68, Threshold=30.41
2026-06-02 11:15:10,257 - INFO - Momentum Check: Time=2026-06-02 11:05:00+05:30, O=23299.4, C=23293.35, H = 23308.8, L = 23293.05, TotalSize=15.75, BodySize=6.05000000000291, ATR14=29.05,Tolerance=1.58, Threshold=29.05
2026-06-02 11:20:10,700 - INFO - Momentum Check: Time=2026-06-02 11:10:00+05:30, O=23293.4, C=23309.65, H = 23314.65, L = 23293, TotalSize=21.650000000001455, BodySize=16.25, ATR14=28.47,Tolerance=2.17, Threshold=28.47
2026-06-02 11:25:11,240 - INFO - Momentum Check: Time=2026-06-02 11:15:00+05:30, O=23309.45, C=23309.45, H = 23313.25, L = 23295.85, TotalSize=17.400000000001455, BodySize=0.0, ATR14=28.98,Tolerance=1.74, Threshold=28.98
2026-06-02 11:30:10,681 - INFO - Momentum Check: Time=2026-06-02 11:20:00+05:30, O=23309.4, C=23361.35, H = 23363.95, L = 23309.4, TotalSize=54.54999999999927, BodySize=51.94999999999709, ATR14=27.79,Tolerance=5.00, Threshold=27.79
2026-06-02 11:30:10,682 - INFO - Momentum Confirmation Failed: Next candle is RED (O=23361.2, C=23340.45). Skipping entry.
2026-06-02 11:35:10,238 - INFO - Momentum Check: Time=2026-06-02 11:25:00+05:30, O=23361.2, C=23340.45, H = 23362.85, L = 23328.15, TotalSize=34.69999999999709, BodySize=20.75, ATR14=30.46,Tolerance=3.47, Threshold=30.46
2026-06-02 11:40:10,689 - INFO - Momentum Check: Time=2026-06-02 11:30:00+05:30, O=23340.2, C=23334.55, H = 23344.5, L = 23329.85, TotalSize=14.650000000001455, BodySize=5.650000000001455, ATR14=29.81,Tolerance=1.47, Threshold=29.81
2026-06-02 11:45:10,155 - INFO - Momentum Check: Time=2026-06-02 11:35:00+05:30, O=23333.45, C=23292.3, H = 23335.55, L = 23290.7, TotalSize=44.849999999998545, BodySize=41.150000000001455, ATR14=26.87,Tolerance=4.48, Threshold=26.87
2026-06-02 11:45:10,156 - INFO - Momentum Confirmation Failed: Next candle is GREEN (O=23292, C=23298.3). Skipping entry.
2026-06-02 11:50:10,614 - INFO - Momentum Check: Time=2026-06-02 11:40:00+05:30, O=23292, C=23298.3, H = 23315.65, L = 23290.5, TotalSize=25.150000000001455, BodySize=6.299999999999272, ATR14=27.85,Tolerance=2.52, Threshold=27.85
2026-06-02 11:55:10,056 - INFO - Momentum Check: Time=2026-06-02 11:45:00+05:30, O=23298.3, C=23302.8, H = 23307.05, L = 23291.2, TotalSize=15.849999999998545, BodySize=4.5, ATR14=26.90,Tolerance=1.58, Threshold=26.90
2026-06-02 12:00:10,502 - INFO - Momentum Check: Time=2026-06-02 11:50:00+05:30, O=23302.85, C=23300.3, H = 23310.7, L = 23299.8, TotalSize=10.900000000001455, BodySize=2.5499999999992724, ATR14=26.17,Tolerance=1.09, Threshold=26.17
2026-06-02 12:05:10,945 - INFO - Momentum Check: Time=2026-06-02 11:55:00+05:30, O=23300.35, C=23284.1, H = 23304.9, L = 23280.75, TotalSize=24.150000000001455, BodySize=16.25, ATR14=25.96,Tolerance=2.42, Threshold=25.96
2026-06-02 12:10:10,389 - INFO - Momentum Check: Time=2026-06-02 12:00:00+05:30, O=23283.45, C=23287.65, H = 23300.65, L = 23276.6, TotalSize=24.05000000000291, BodySize=4.200000000000728, ATR14=25.95,Tolerance=2.41, Threshold=25.95
2026-06-02 12:15:10,844 - INFO - Momentum Check: Time=2026-06-02 12:05:00+05:30, O=23287.4, C=23302.55, H = 23304.4, L = 23278.25, TotalSize=26.150000000001455, BodySize=15.149999999997817, ATR14=24.85,Tolerance=2.62, Threshold=25.00
2026-06-02 12:15:10,845 - INFO - Momentum Confirmation Failed: Next candle is RED (O=23301.85, C=23279.3). Skipping entry.
2026-06-02 12:20:10,310 - INFO - Momentum Check: Time=2026-06-02 12:10:00+05:30, O=23301.85, C=23279.3, H = 23302.65, L = 23276.6, TotalSize=26.05000000000291, BodySize=22.549999999999272, ATR14=24.76,Tolerance=2.61, Threshold=25.00
2026-06-02 12:25:10,754 - INFO - Momentum Check: Time=2026-06-02 12:15:00+05:30, O=23279.7, C=23287.8, H = 23296.6, L = 23278.6, TotalSize=18.0, BodySize=8.099999999998545, ATR14=25.42,Tolerance=1.80, Threshold=25.42
2026-06-02 12:30:10,200 - INFO - Momentum Check: Time=2026-06-02 12:20:00+05:30, O=23287.95, C=23286.65, H = 23294.45, L = 23283.7, TotalSize=10.75, BodySize=1.2999999999992724, ATR14=25.58,Tolerance=1.07, Threshold=25.58
2026-06-02 12:35:10,659 - INFO - Momentum Check: Time=2026-06-02 12:25:00+05:30, O=23286.85, C=23274.75, H = 23297.35, L = 23270.95, TotalSize=26.399999999997817, BodySize=12.099999999998545, ATR14=24.80,Tolerance=2.64, Threshold=25.00
2026-06-02 12:40:10,111 - INFO - Momentum Check: Time=2026-06-02 12:30:00+05:30, O=23274.85, C=23332, H = 23350, L = 23271.45, TotalSize=78.54999999999927, BodySize=57.150000000001455, ATR14=25.44,Tolerance=5.00, Threshold=25.44
2026-06-02 12:45:10,556 - INFO - Momentum Check: Time=2026-06-02 12:35:00+05:30, O=23331.25, C=23337.75, H = 23343.35, L = 23319.4, TotalSize=23.94999999999709, BodySize=6.5, ATR14=27.16,Tolerance=2.39, Threshold=27.16
2026-06-02 12:50:11,003 - INFO - Momentum Check: Time=2026-06-02 12:40:00+05:30, O=23338, C=23371.3, H = 23374.6, L = 23335.9, TotalSize=38.69999999999709, BodySize=33.29999999999927, ATR14=26.39,Tolerance=3.87, Threshold=26.39
2026-06-02 12:50:11,003 - INFO - Momentum Confirmation: Next candle is also GREEN (O=23371.4, C=23426.15). Entering trade.
2026-06-02 12:50:11,003 - INFO - Momentum Signal! BUY_CE NIFTY2660223350CE. Spot: 23371.3, SL Level: 23335.9
2026-06-02 12:50:11,035 - INFO - Order placed. ID: 2061709444869300224
2026-06-02 12:50:11,036 - INFO - Order Placed: BUY NIFTY2660223350CE Qty=520 ID=2061709444869300224
2026-06-02 12:50:11,054 - INFO - Trade logged to logs/2026-06-02/trades.csv: MomentumBuy BUY NIFTY2660223350CE
2026-06-02 12:50:11,073 - INFO - Entered NIFTY2660223350CE at 98.25. Initial SL: 78.25
2026-06-02 12:50:12,094 - INFO - Trailing SL Updated for NIFTY2660223350CE: 78.3 (LTP: 98.3)
2026-06-02 12:50:14,133 - INFO - Trailing SL Updated for NIFTY2660223350CE: 79.4 (LTP: 99.4)
2026-06-02 12:50:15,153 - INFO - Trailing SL Updated for NIFTY2660223350CE: 80.6 (LTP: 100.6)
2026-06-02 12:50:16,173 - INFO - Trailing SL Updated for NIFTY2660223350CE: 83.1 (LTP: 103.1)
2026-06-02 12:50:19,236 - INFO - Trailing SL Updated for NIFTY2660223350CE: 83.45 (LTP: 103.45)
2026-06-02 12:50:21,281 - INFO - Trailing SL Updated for NIFTY2660223350CE: 84.6 (LTP: 104.6)
2026-06-02 12:50:22,300 - INFO - Trailing SL Updated for NIFTY2660223350CE: 85 (LTP: 105)
2026-06-02 12:50:24,339 - INFO - Trailing SL Updated for NIFTY2660223350CE: 85.8 (LTP: 105.8)
2026-06-02 12:50:25,363 - INFO - Trailing SL Updated for NIFTY2660223350CE: 86.8 (LTP: 106.8)
2026-06-02 12:50:35,569 - INFO - Trailing SL Updated for NIFTY2660223350CE: 96.6 (LTP: 116.6)
2026-06-02 12:50:36,589 - INFO - Trailing SL Updated for NIFTY2660223350CE: 96.9 (LTP: 116.9)
2026-06-02 12:50:37,607 - INFO - Trailing SL Updated for NIFTY2660223350CE: 97.65 (LTP: 117.65)
2026-06-02 12:50:38,628 - INFO - Trailing SL Updated for NIFTY2660223350CE: 102.05 (LTP: 122.05)
2026-06-02 12:51:10,322 - INFO - Trailing SL Updated for NIFTY2660223350CE: 103.15 (LTP: 123.15)
2026-06-02 12:51:11,346 - INFO - Trailing SL Updated for NIFTY2660223350CE: 103.2 (LTP: 123.2)
2026-06-02 12:53:20,977 - INFO - SL Hit for NIFTY2660223350CE at 102.75. Exiting...
2026-06-02 12:53:21,006 - ERROR - Error placing order: Insufficient funds. Required margin is 1980756.72 but available margin is 550444.60.
2026-06-02 12:53:21,007 - INFO - Momentum Trade Exited.
2026-06-02 12:55:10,289 - INFO - Momentum Check: Time=2026-06-02 12:45:00+05:30, O=23371.4, C=23426.15, H = 23434.5, L = 23370.6, TotalSize=63.900000000001455, BodySize=54.75, ATR14=28.11,Tolerance=5.00, Threshold=28.11
2026-06-02 13:00:10,741 - INFO - Momentum Check: Time=2026-06-02 12:50:00+05:30, O=23425.1, C=23434.35, H = 23449.75, L = 23419.25, TotalSize=30.5, BodySize=9.25, ATR14=29.47,Tolerance=3.05, Threshold=29.47
2026-06-02 13:05:10,244 - INFO - Momentum Check: Time=2026-06-02 12:55:00+05:30, O=23432.95, C=23456.9, H = 23470.8, L = 23429.6, TotalSize=41.20000000000073, BodySize=23.950000000000728, ATR14=29.85,Tolerance=4.12, Threshold=29.85
2026-06-02 13:10:10,693 - INFO - Momentum Check: Time=2026-06-02 13:00:00+05:30, O=23458.8, C=23452.6, H = 23459.8, L = 23438.4, TotalSize=21.399999999997817, BodySize=6.200000000000728, ATR14=31.66,Tolerance=2.14, Threshold=31.66
2026-06-02 13:15:10,241 - INFO - Momentum Check: Time=2026-06-02 13:05:00+05:30, O=23452.45, C=23457.4, H = 23470.4, L = 23448.1, TotalSize=22.30000000000291, BodySize=4.950000000000728, ATR14=32.41,Tolerance=2.23, Threshold=32.41
2026-06-02 13:20:10,690 - INFO - Momentum Check: Time=2026-06-02 13:10:00+05:30, O=23457.2, C=23474.25, H = 23499.25, L = 23451.85, TotalSize=47.400000000001455, BodySize=17.049999999999272, ATR14=32.28,Tolerance=4.74, Threshold=32.28
2026-06-02 13:25:10,235 - INFO - Momentum Check: Time=2026-06-02 13:15:00+05:30, O=23474.25, C=23467.1, H = 23483.6, L = 23466.05, TotalSize=17.549999999999272, BodySize=7.150000000001455, ATR14=33.95,Tolerance=1.75, Threshold=33.95
2026-06-02 13:30:10,760 - INFO - Momentum Check: Time=2026-06-02 13:20:00+05:30, O=23466.9, C=23486.9, H = 23486.9, L = 23456.8, TotalSize=30.100000000002183, BodySize=20.0, ATR14=33.33,Tolerance=3.01, Threshold=33.33
2026-06-02 13:35:10,287 - INFO - Momentum Check: Time=2026-06-02 13:25:00+05:30, O=23487.15, C=23502.95, H = 23503.65, L = 23479.75, TotalSize=23.900000000001455, BodySize=15.799999999999272, ATR14=33.62,Tolerance=2.39, Threshold=33.62
2026-06-02 13:40:10,735 - INFO - Momentum Check: Time=2026-06-02 13:30:00+05:30, O=23502.7, C=23529.85, H = 23535.05, L = 23502.7, TotalSize=32.349999999998545, BodySize=27.149999999997817, ATR14=34.04,Tolerance=3.23, Threshold=34.04
2026-06-02 13:45:10,311 - INFO - Momentum Check: Time=2026-06-02 13:35:00+05:30, O=23529.6, C=23507.5, H = 23531.05, L = 23502.3, TotalSize=28.75, BodySize=22.099999999998545, ATR14=35.59,Tolerance=2.88, Threshold=35.59
2026-06-02 13:50:00,717 - INFO - New trades cutoff time 13:50:00 reached. No new entries allowed. Stopping strategy.
2026-06-02 15:59:46,588 - INFO - Stopping Application...
